<?xml version="1.0" encoding="UTF-8"?>
<coverage generated="1774532264396" clover="3.2.0">
  <project timestamp="1774532264396" name="All files">
    <metrics statements="955" coveredstatements="951" conditionals="756" coveredconditionals="727" methods="147" coveredmethods="142" elements="1858" coveredelements="1820" complexity="0" loc="955" ncloc="955" packages="1" files="10" classes="10"/>
    <file name="auditor.js" path="/Users/kumakun/github/tdd-audit/lib/auditor.js">
      <metrics statements="262" coveredstatements="260" conditionals="223" coveredconditionals="206" methods="34" coveredmethods="30"/>
      <line num="3" count="4" type="stmt"/>
      <line num="4" count="4" type="stmt"/>
      <line num="5" count="4" type="stmt"/>
      <line num="10" count="65" type="stmt"/>
      <line num="21" count="65" type="stmt"/>
      <line num="22" count="65" type="stmt"/>
      <line num="23" count="585" type="stmt"/>
      <line num="25" count="65" type="stmt"/>
      <line num="29" count="65" type="stmt"/>
      <line num="34" count="65" type="stmt"/>
      <line num="35" count="551" type="stmt"/>
      <line num="37" count="65" type="stmt"/>
      <line num="60" count="4" type="stmt"/>
      <line num="181" count="44" type="cond" truecount="2" falsecount="0"/>
      <line num="185" count="4" type="stmt"/>
      <line num="193" count="40" type="stmt"/>
      <line num="194" count="40" type="stmt"/>
      <line num="196" count="40" type="stmt"/>
      <line num="197" count="40" type="cond" truecount="2" falsecount="0"/>
      <line num="198" count="35" type="stmt"/>
      <line num="201" count="7" type="stmt"/>
      <line num="202" count="7" type="stmt"/>
      <line num="203" count="7" type="stmt"/>
      <line num="204" count="7" type="cond" truecount="2" falsecount="0"/>
      <line num="205" count="3" type="stmt"/>
      <line num="207" count="5" type="stmt"/>
      <line num="215" count="46" type="cond" truecount="2" falsecount="0"/>
      <line num="216" count="46" type="cond" truecount="2" falsecount="0"/>
      <line num="217" count="46" type="cond" truecount="2" falsecount="0"/>
      <line num="219" count="46" type="stmt"/>
      <line num="220" count="46" type="cond" truecount="2" falsecount="0"/>
      <line num="224" count="46" type="stmt"/>
      <line num="226" count="46" type="stmt"/>
      <line num="243" count="4" type="stmt"/>
      <line num="252" count="4" type="stmt"/>
      <line num="256" count="23" type="cond" truecount="1" falsecount="1"/>
      <line num="257" count="23" type="stmt"/>
      <line num="258" count="23" type="stmt"/>
      <line num="260" count="23" type="stmt"/>
      <line num="261" count="67" type="cond" truecount="2" falsecount="0"/>
      <line num="262" count="66" type="stmt"/>
      <line num="263" count="66" type="stmt"/>
      <line num="264" count="66" type="stmt"/>
      <line num="274" count="67" type="stmt"/>
      <line num="288" count="23" type="stmt"/>
      <line num="307" count="4" type="stmt"/>
      <line num="308" count="4" type="stmt"/>
      <line num="309" count="4" type="stmt"/>
      <line num="311" count="4" type="stmt"/>
      <line num="321" count="25" type="cond" truecount="4" falsecount="0"/>
      <line num="322" count="3" type="stmt"/>
      <line num="324" count="22" type="stmt"/>
      <line num="325" count="22" type="stmt"/>
      <line num="326" count="22" type="cond" truecount="4" falsecount="0"/>
      <line num="327" count="5" type="stmt"/>
      <line num="329" count="17" type="stmt"/>
      <line num="334" count="42" type="stmt"/>
      <line num="335" count="42" type="stmt"/>
      <line num="336" count="85" type="cond" truecount="2" falsecount="0"/>
      <line num="337" count="84" type="stmt"/>
      <line num="338" count="84" type="cond" truecount="2" falsecount="0"/>
      <line num="339" count="57" type="cond" truecount="1" falsecount="1"/>
      <line num="345" count="8" type="stmt"/>
      <line num="351" count="8" type="stmt"/>
      <line num="355" count="12" type="stmt"/>
      <line num="357" count="12" type="stmt"/>
      <line num="358" count="10" type="cond" truecount="2" falsecount="0"/>
      <line num="359" count="9" type="stmt"/>
      <line num="360" count="9" type="cond" truecount="2" falsecount="0"/>
      <line num="361" count="8" type="cond" truecount="2" falsecount="0"/>
      <line num="362" count="7" type="stmt"/>
      <line num="363" count="7" type="cond" truecount="2" falsecount="0"/>
      <line num="364" count="6" type="stmt"/>
      <line num="368" count="10" type="stmt"/>
      <line num="369" count="10" type="cond" truecount="4" falsecount="0"/>
      <line num="370" count="7" type="stmt"/>
      <line num="371" count="7" type="stmt"/>
      <line num="372" count="7" type="stmt"/>
      <line num="373" count="24" type="cond" truecount="1" falsecount="1"/>
      <line num="374" count="24" type="stmt"/>
      <line num="375" count="24" type="cond" truecount="2" falsecount="0"/>
      <line num="377" count="7" type="stmt"/>
      <line num="381" count="10" type="stmt"/>
      <line num="382" count="10" type="cond" truecount="4" falsecount="0"/>
      <line num="384" count="9" type="stmt"/>
      <line num="385" count="8" type="cond" truecount="2" falsecount="0"/>
      <line num="386" count="8" type="stmt"/>
      <line num="387" count="8" type="stmt"/>
      <line num="388" count="33" type="cond" truecount="1" falsecount="1"/>
      <line num="389" count="33" type="stmt"/>
      <line num="390" count="33" type="cond" truecount="4" falsecount="0"/>
      <line num="391" count="32" type="stmt"/>
      <line num="392" count="32" type="cond" truecount="2" falsecount="0"/>
      <line num="393" count="31" type="stmt"/>
      <line num="394" count="31" type="cond" truecount="2" falsecount="0"/>
      <line num="395" count="30" type="stmt"/>
      <line num="396" count="30" type="cond" truecount="2" falsecount="0"/>
      <line num="397" count="30" type="stmt"/>
      <line num="398" count="30" type="cond" truecount="2" falsecount="0"/>
      <line num="401" count="8" type="stmt"/>
      <line num="405" count="7" type="stmt"/>
      <line num="406" count="7" type="cond" truecount="2" falsecount="0"/>
      <line num="408" count="6" type="stmt"/>
      <line num="409" count="5" type="stmt"/>
      <line num="410" count="5" type="stmt"/>
      <line num="411" count="5" type="stmt"/>
      <line num="412" count="4" type="stmt"/>
      <line num="414" count="1" type="stmt"/>
      <line num="419" count="15" type="cond" truecount="5" falsecount="0"/>
      <line num="420" count="5" type="stmt"/>
      <line num="421" count="5" type="stmt"/>
      <line num="422" count="2" type="stmt"/>
      <line num="424" count="2" type="cond" truecount="2" falsecount="0"/>
      <line num="425" count="1" type="stmt"/>
      <line num="427" count="1" type="stmt"/>
      <line num="433" count="4" type="stmt"/>
      <line num="482" count="16" type="stmt"/>
      <line num="483" count="16" type="stmt"/>
      <line num="484" count="16" type="stmt"/>
      <line num="488" count="4" type="stmt"/>
      <line num="489" count="4" type="stmt"/>
      <line num="492" count="4" type="cond" truecount="3" falsecount="3"/>
      <line num="493" count="4" type="stmt"/>
      <line num="497" count="9" type="cond" truecount="2" falsecount="0"/>
      <line num="498" count="4" type="cond" truecount="2" falsecount="0"/>
      <line num="499" count="4" type="stmt"/>
      <line num="505" count="44" type="cond" truecount="2" falsecount="0"/>
      <line num="506" count="44" type="stmt"/>
      <line num="507" count="44" type="stmt"/>
      <line num="513" count="44" type="stmt"/>
      <line num="515" count="44" type="stmt"/>
      <line num="516" count="48" type="stmt"/>
      <line num="528" count="48" type="cond" truecount="2" falsecount="0"/>
      <line num="529" count="2" type="stmt"/>
      <line num="530" count="2" type="stmt"/>
      <line num="533" count="46" type="stmt"/>
      <line num="534" count="46" type="stmt"/>
      <line num="536" count="46" type="stmt"/>
      <line num="538" count="46" type="stmt"/>
      <line num="539" count="45" type="cond" truecount="4" falsecount="0"/>
      <line num="542" count="44" type="cond" truecount="2" falsecount="0"/>
      <line num="544" count="4" type="stmt"/>
      <line num="545" count="4" type="stmt"/>
      <line num="546" count="5" type="cond" truecount="2" falsecount="0"/>
      <line num="547" count="4" type="stmt"/>
      <line num="548" count="4" type="cond" truecount="2" falsecount="0"/>
      <line num="549" count="4" type="stmt"/>
      <line num="551" count="4" type="stmt"/>
      <line num="560" count="8" type="cond" truecount="2" falsecount="0"/>
      <line num="562" count="1" type="stmt"/>
      <line num="563" count="0" type="stmt"/>
      <line num="565" count="1" type="stmt"/>
      <line num="566" count="1" type="cond" truecount="2" falsecount="2"/>
      <line num="567" count="0" type="stmt"/>
      <line num="574" count="8" type="cond" truecount="2" falsecount="0"/>
      <line num="575" count="8" type="cond" truecount="2" falsecount="0"/>
      <line num="576" count="8" type="stmt"/>
      <line num="577" count="8" type="stmt"/>
      <line num="582" count="8" type="stmt"/>
      <line num="587" count="8" type="stmt"/>
      <line num="588" count="12" type="stmt"/>
      <line num="594" count="12" type="cond" truecount="2" falsecount="0"/>
      <line num="595" count="1" type="stmt"/>
      <line num="596" count="1" type="stmt"/>
      <line num="599" count="11" type="stmt"/>
      <line num="600" count="11" type="stmt"/>
      <line num="601" count="11" type="cond" truecount="2" falsecount="0"/>
      <line num="603" count="10" type="stmt"/>
      <line num="604" count="10" type="stmt"/>
      <line num="606" count="10" type="cond" truecount="2" falsecount="0"/>
      <line num="607" count="10" type="cond" truecount="2" falsecount="0"/>
      <line num="609" count="4" type="cond" truecount="4" falsecount="0"/>
      <line num="610" count="3" type="stmt"/>
      <line num="611" count="3" type="stmt"/>
      <line num="612" count="3" type="cond" truecount="1" falsecount="1"/>
      <line num="613" count="3" type="stmt"/>
      <line num="614" count="3" type="stmt"/>
      <line num="615" count="3" type="stmt"/>
      <line num="624" count="5" type="cond" truecount="2" falsecount="0"/>
      <line num="625" count="5" type="stmt"/>
      <line num="626" count="5" type="stmt"/>
      <line num="628" count="5" type="stmt"/>
      <line num="630" count="5" type="stmt"/>
      <line num="631" count="7" type="stmt"/>
      <line num="641" count="7" type="cond" truecount="2" falsecount="0"/>
      <line num="642" count="1" type="stmt"/>
      <line num="643" count="1" type="stmt"/>
      <line num="646" count="6" type="stmt"/>
      <line num="647" count="6" type="stmt"/>
      <line num="648" count="6" type="cond" truecount="2" falsecount="0"/>
      <line num="650" count="5" type="cond" truecount="1" falsecount="1"/>
      <line num="651" count="5" type="stmt"/>
      <line num="653" count="5" type="stmt"/>
      <line num="655" count="5" type="stmt"/>
      <line num="656" count="5" type="stmt"/>
      <line num="658" count="5" type="cond" truecount="4" falsecount="0"/>
      <line num="660" count="2" type="stmt"/>
      <line num="661" count="2" type="stmt"/>
      <line num="662" count="2" type="stmt"/>
      <line num="663" count="2" type="stmt"/>
      <line num="664" count="2" type="cond" truecount="1" falsecount="1"/>
      <line num="665" count="2" type="stmt"/>
      <line num="667" count="2" type="stmt"/>
      <line num="674" count="4" type="stmt"/>
      <line num="675" count="4" type="stmt"/>
      <line num="677" count="4" type="stmt"/>
      <line num="679" count="4" type="stmt"/>
      <line num="680" count="4" type="stmt"/>
      <line num="681" count="4" type="cond" truecount="1" falsecount="1"/>
      <line num="682" count="4" type="stmt"/>
      <line num="683" count="4" type="stmt"/>
      <line num="684" count="4" type="cond" truecount="1" falsecount="1"/>
      <line num="685" count="4" type="stmt"/>
      <line num="686" count="4" type="cond" truecount="1" falsecount="1"/>
      <line num="687" count="4" type="stmt"/>
      <line num="688" count="4" type="stmt"/>
      <line num="692" count="4" type="stmt"/>
      <line num="693" count="4" type="stmt"/>
      <line num="694" count="4" type="stmt"/>
      <line num="710" count="32" type="cond" truecount="1" falsecount="1"/>
      <line num="711" count="32" type="stmt"/>
      <line num="713" count="32" type="stmt"/>
      <line num="714" count="32" type="cond" truecount="2" falsecount="0"/>
      <line num="715" count="1" type="stmt"/>
      <line num="716" count="1" type="stmt"/>
      <line num="717" count="1" type="stmt"/>
      <line num="719" count="31" type="stmt"/>
      <line num="720" count="31" type="cond" truecount="2" falsecount="0"/>
      <line num="760" count="63" type="stmt"/>
      <line num="762" count="63" type="cond" truecount="2" falsecount="0"/>
      <line num="763" count="62" type="cond" truecount="2" falsecount="0"/>
      <line num="770" count="61" type="cond" truecount="2" falsecount="0"/>
      <line num="771" count="61" type="cond" truecount="4" falsecount="0"/>
      <line num="775" count="61" type="cond" truecount="3" falsecount="0"/>
      <line num="777" count="61" type="stmt"/>
      <line num="778" count="61" type="stmt"/>
      <line num="781" count="61" type="stmt"/>
      <line num="784" count="61" type="cond" truecount="2" falsecount="0"/>
      <line num="786" count="4" type="stmt"/>
      <line num="797" count="57" type="cond" truecount="2" falsecount="0"/>
      <line num="798" count="44" type="stmt"/>
      <line num="808" count="13" type="stmt"/>
      <line num="822" count="61" type="cond" truecount="2" falsecount="0"/>
      <line num="824" count="61" type="stmt"/>
      <line num="826" count="61" type="cond" truecount="2" falsecount="0"/>
      <line num="829" count="61" type="cond" truecount="2" falsecount="0"/>
      <line num="835" count="61" type="stmt"/>
      <line num="836" count="61" type="stmt"/>
      <line num="837" count="55" type="cond" truecount="2" falsecount="0"/>
      <line num="838" count="55" type="cond" truecount="2" falsecount="0"/>
      <line num="839" count="4" type="cond" truecount="2" falsecount="0"/>
      <line num="842" count="61" type="stmt"/>
      <line num="844" count="61" type="cond" truecount="4" falsecount="0"/>
      <line num="845" count="44" type="stmt"/>
      <line num="846" count="7" type="stmt"/>
      <line num="847" count="5" type="stmt"/>
      <line num="850" count="5" type="cond" truecount="2" falsecount="0"/>
      <line num="851" count="4" type="stmt"/>
      <line num="854" count="53" type="cond" truecount="2" falsecount="0"/>
      <line num="855" count="32" type="stmt"/>
      <line num="858" count="53" type="stmt"/>
      <line num="861" count="4" type="stmt"/>
    </file>
    <file name="badge.js" path="/Users/kumakun/github/tdd-audit/lib/badge.js">
      <metrics statements="46" coveredstatements="46" conditionals="28" coveredconditionals="28" methods="7" coveredmethods="7"/>
      <line num="3" count="1" type="stmt"/>
      <line num="4" count="1" type="stmt"/>
      <line num="7" count="1" type="stmt"/>
      <line num="9" count="1" type="stmt"/>
      <line num="19" count="35" type="cond" truecount="4" falsecount="0"/>
      <line num="20" count="7" type="stmt"/>
      <line num="21" count="7" type="stmt"/>
      <line num="22" count="6" type="cond" truecount="4" falsecount="0"/>
      <line num="23" count="3" type="stmt"/>
      <line num="25" count="1" type="stmt"/>
      <line num="53" count="35" type="cond" truecount="4" falsecount="0"/>
      <line num="54" count="35" type="stmt"/>
      <line num="55" count="35" type="stmt"/>
      <line num="58" count="35" type="cond" truecount="2" falsecount="0"/>
      <line num="59" count="3" type="stmt"/>
      <line num="60" count="3" type="stmt"/>
      <line num="61" count="32" type="cond" truecount="2" falsecount="0"/>
      <line num="62" count="1" type="stmt"/>
      <line num="63" count="1" type="stmt"/>
      <line num="65" count="31" type="stmt"/>
      <line num="66" count="31" type="stmt"/>
      <line num="69" count="35" type="cond" truecount="4" falsecount="0"/>
      <line num="71" count="35" type="stmt"/>
      <line num="73" count="35" type="stmt"/>
      <line num="74" count="35" type="stmt"/>
      <line num="75" count="35" type="stmt"/>
      <line num="78" count="35" type="stmt"/>
      <line num="96" count="8" type="stmt"/>
      <line num="97" count="8" type="stmt"/>
      <line num="98" count="8" type="stmt"/>
      <line num="99" count="11" type="stmt"/>
      <line num="100" count="11" type="cond" truecount="2" falsecount="0"/>
      <line num="102" count="8" type="cond" truecount="2" falsecount="0"/>
      <line num="104" count="7" type="stmt"/>
      <line num="107" count="7" type="cond" truecount="2" falsecount="0"/>
      <line num="108" count="2" type="stmt"/>
      <line num="109" count="2" type="stmt"/>
      <line num="110" count="2" type="stmt"/>
      <line num="114" count="5" type="stmt"/>
      <line num="115" count="6" type="stmt"/>
      <line num="118" count="5" type="cond" truecount="2" falsecount="0"/>
      <line num="119" count="4" type="stmt"/>
      <line num="120" count="4" type="stmt"/>
      <line num="122" count="1" type="stmt"/>
      <line num="125" count="5" type="stmt"/>
      <line num="128" count="1" type="stmt"/>
    </file>
    <file name="config.js" path="/Users/kumakun/github/tdd-audit/lib/config.js">
      <metrics statements="52" coveredstatements="52" conditionals="63" coveredconditionals="63" methods="4" coveredmethods="4"/>
      <line num="3" count="2" type="stmt"/>
      <line num="4" count="2" type="stmt"/>
      <line num="6" count="2" type="stmt"/>
      <line num="8" count="2" type="stmt"/>
      <line num="65" count="2" type="stmt"/>
      <line num="93" count="2" type="stmt"/>
      <line num="110" count="22" type="stmt"/>
      <line num="113" count="22" type="cond" truecount="2" falsecount="0"/>
      <line num="117" count="22" type="cond" truecount="2" falsecount="0"/>
      <line num="118" count="11" type="stmt"/>
      <line num="119" count="11" type="stmt"/>
      <line num="120" count="11" type="stmt"/>
      <line num="122" count="1" type="stmt"/>
      <line num="126" count="22" type="stmt"/>
      <line num="129" count="22" type="stmt"/>
      <line num="130" count="22" type="stmt"/>
      <line num="131" count="16" type="cond" truecount="5" falsecount="0"/>
      <line num="135" count="22" type="cond" truecount="4" falsecount="0"/>
      <line num="136" count="2" type="cond" truecount="2" falsecount="0"/>
      <line num="139" count="22" type="stmt"/>
      <line num="148" count="22" type="stmt"/>
      <line num="149" count="220" type="stmt"/>
      <line num="150" count="220" type="cond" truecount="2" falsecount="0"/>
      <line num="152" count="22" type="stmt"/>
      <line num="153" count="22" type="cond" truecount="2" falsecount="0"/>
      <line num="154" count="22" type="cond" truecount="2" falsecount="0"/>
      <line num="155" count="22" type="cond" truecount="2" falsecount="0"/>
      <line num="156" count="22" type="cond" truecount="2" falsecount="0"/>
      <line num="157" count="22" type="cond" truecount="2" falsecount="0"/>
      <line num="158" count="22" type="cond" truecount="2" falsecount="0"/>
      <line num="159" count="22" type="cond" truecount="2" falsecount="0"/>
      <line num="160" count="22" type="cond" truecount="2" falsecount="0"/>
      <line num="161" count="22" type="cond" truecount="2" falsecount="0"/>
      <line num="162" count="22" type="cond" truecount="2" falsecount="0"/>
      <line num="163" count="22" type="cond" truecount="2" falsecount="0"/>
      <line num="164" count="22" type="cond" truecount="2" falsecount="0"/>
      <line num="165" count="22" type="cond" truecount="2" falsecount="0"/>
      <line num="166" count="22" type="cond" truecount="2" falsecount="0"/>
      <line num="167" count="22" type="cond" truecount="2" falsecount="0"/>
      <line num="168" count="22" type="cond" truecount="2" falsecount="0"/>
      <line num="169" count="22" type="cond" truecount="2" falsecount="0"/>
      <line num="170" count="22" type="stmt"/>
      <line num="183" count="14" type="stmt"/>
      <line num="184" count="14" type="cond" truecount="2" falsecount="0"/>
      <line num="185" count="1" type="stmt"/>
      <line num="189" count="13" type="cond" truecount="2" falsecount="0"/>
      <line num="190" count="13" type="cond" truecount="4" falsecount="0"/>
      <line num="191" count="1" type="stmt"/>
      <line num="193" count="12" type="stmt"/>
      <line num="194" count="12" type="stmt"/>
      <line num="195" count="12" type="stmt"/>
      <line num="198" count="2" type="stmt"/>
    </file>
    <file name="github.js" path="/Users/kumakun/github/tdd-audit/lib/github.js">
      <metrics statements="18" coveredstatements="18" conditionals="22" coveredconditionals="22" methods="8" coveredmethods="8"/>
      <line num="6" count="14" type="stmt"/>
      <line num="15" count="14" type="cond" truecount="2" falsecount="0"/>
      <line num="16" count="14" type="stmt"/>
      <line num="17" count="14" type="cond" truecount="2" falsecount="0"/>
      <line num="18" count="2" type="stmt"/>
      <line num="19" count="2" type="stmt"/>
      <line num="21" count="12" type="cond" truecount="2" falsecount="0"/>
      <line num="40" count="6" type="stmt"/>
      <line num="41" count="6" type="stmt"/>
      <line num="65" count="7" type="stmt"/>
      <line num="66" count="6" type="cond" truecount="2" falsecount="0"/>
      <line num="68" count="5" type="cond" truecount="2" falsecount="0"/>
      <line num="70" count="5" type="stmt"/>
      <line num="77" count="5" type="stmt"/>
      <line num="88" count="4" type="cond" truecount="2" falsecount="0"/>
      <line num="89" count="4" type="cond" truecount="4" falsecount="0"/>
      <line num="90" count="1" type="stmt"/>
      <line num="93" count="1" type="stmt"/>
    </file>
    <file name="jobs.js" path="/Users/kumakun/github/tdd-audit/lib/jobs.js">
      <metrics statements="24" coveredstatements="24" conditionals="4" coveredconditionals="4" methods="5" coveredmethods="5"/>
      <line num="3" count="4" type="stmt"/>
      <line num="7" count="4" type="stmt"/>
      <line num="8" count="4" type="stmt"/>
      <line num="10" count="4" type="stmt"/>
      <line num="11" count="4" type="stmt"/>
      <line num="14" count="4" type="stmt"/>
      <line num="15" count="4" type="stmt"/>
      <line num="18" count="3068" type="stmt"/>
      <line num="19" count="3068" type="stmt"/>
      <line num="20" count="1511010" type="cond" truecount="2" falsecount="0"/>
      <line num="22" count="3068" type="stmt"/>
      <line num="23" count="12" type="stmt"/>
      <line num="28" count="3066" type="stmt"/>
      <line num="29" count="3066" type="stmt"/>
      <line num="30" count="3066" type="stmt"/>
      <line num="31" count="3066" type="stmt"/>
      <line num="35" count="196" type="stmt"/>
      <line num="36" count="196" type="cond" truecount="2" falsecount="0"/>
      <line num="37" count="193" type="stmt"/>
      <line num="38" count="193" type="stmt"/>
      <line num="39" count="193" type="stmt"/>
      <line num="49" count="7" type="stmt"/>
      <line num="50" count="7" type="stmt"/>
      <line num="53" count="4" type="stmt"/>
    </file>
    <file name="plugin.js" path="/Users/kumakun/github/tdd-audit/lib/plugin.js">
      <metrics statements="159" coveredstatements="158" conditionals="101" coveredconditionals="92" methods="27" coveredmethods="26"/>
      <line num="3" count="3" type="stmt"/>
      <line num="4" count="3" type="stmt"/>
      <line num="5" count="3" type="stmt"/>
      <line num="7" count="3" type="stmt"/>
      <line num="8" count="3" type="stmt"/>
      <line num="9" count="3" type="stmt"/>
      <line num="12" count="3" type="stmt"/>
      <line num="17" count="3" type="stmt"/>
      <line num="25" count="74" type="cond" truecount="2" falsecount="0"/>
      <line num="26" count="6" type="cond" truecount="2" falsecount="0"/>
      <line num="27" count="6" type="cond" truecount="2" falsecount="0"/>
      <line num="28" count="6" type="cond" truecount="2" falsecount="0"/>
      <line num="29" count="6" type="stmt"/>
      <line num="30" count="6" type="stmt"/>
      <line num="31" count="6" type="stmt"/>
      <line num="36" count="3" type="stmt"/>
      <line num="37" count="3" type="stmt"/>
      <line num="40" count="30" type="stmt"/>
      <line num="41" count="30" type="stmt"/>
      <line num="44" count="453" type="stmt"/>
      <line num="45" count="453" type="cond" truecount="2" falsecount="0"/>
      <line num="46" count="453" type="cond" truecount="2" falsecount="0"/>
      <line num="47" count="1" type="stmt"/>
      <line num="48" count="1" type="stmt"/>
      <line num="50" count="453" type="stmt"/>
      <line num="51" count="453" type="stmt"/>
      <line num="52" count="453" type="stmt"/>
      <line num="54" count="3" type="stmt"/>
      <line num="60" count="3" type="stmt"/>
      <line num="69" count="7" type="stmt"/>
      <line num="70" count="6" type="cond" truecount="2" falsecount="0"/>
      <line num="71" count="1" type="stmt"/>
      <line num="73" count="5" type="cond" truecount="4" falsecount="0"/>
      <line num="74" count="3" type="stmt"/>
      <line num="81" count="14" type="stmt"/>
      <line num="82" count="14" type="cond" truecount="1" falsecount="1"/>
      <line num="83" count="14" type="cond" truecount="1" falsecount="1"/>
      <line num="84" count="14" type="cond" truecount="4" falsecount="0"/>
      <line num="85" count="4" type="stmt"/>
      <line num="87" count="10" type="stmt"/>
      <line num="92" count="3" type="stmt"/>
      <line num="108" count="25" type="stmt"/>
      <line num="111" count="25" type="stmt"/>
      <line num="112" count="194" type="stmt"/>
      <line num="113" count="582" type="stmt"/>
      <line num="118" count="25" type="stmt"/>
      <line num="119" count="197" type="cond" truecount="2" falsecount="0"/>
      <line num="122" count="197" type="cond" truecount="2" falsecount="0"/>
      <line num="123" count="2" type="stmt"/>
      <line num="128" count="126" type="stmt"/>
      <line num="131" count="25" type="stmt"/>
      <line num="132" count="195" type="cond" truecount="2" falsecount="0"/>
      <line num="133" count="69" type="cond" truecount="2" falsecount="0"/>
      <line num="134" count="1" type="stmt"/>
      <line num="139" count="25" type="stmt"/>
      <line num="140" count="6" type="cond" truecount="1" falsecount="1"/>
      <line num="141" count="6" type="stmt"/>
      <line num="143" count="6" type="cond" truecount="5" falsecount="0"/>
      <line num="144" count="1" type="stmt"/>
      <line num="147" count="5" type="stmt"/>
      <line num="149" count="5" type="stmt"/>
      <line num="150" count="5" type="stmt"/>
      <line num="151" count="5" type="stmt"/>
      <line num="152" count="5" type="stmt"/>
      <line num="157" count="4" type="stmt"/>
      <line num="159" count="1" type="stmt"/>
      <line num="163" count="5" type="stmt"/>
      <line num="167" count="25" type="stmt"/>
      <line num="168" count="10" type="cond" truecount="1" falsecount="1"/>
      <line num="169" count="10" type="stmt"/>
      <line num="172" count="10" type="stmt"/>
      <line num="173" count="2" type="stmt"/>
      <line num="175" count="8" type="cond" truecount="2" falsecount="0"/>
      <line num="176" count="1" type="stmt"/>
      <line num="177" count="0" type="stmt"/>
      <line num="180" count="8" type="stmt"/>
      <line num="182" count="8" type="stmt"/>
      <line num="183" count="8" type="stmt"/>
      <line num="185" count="8" type="stmt"/>
      <line num="186" count="8" type="stmt"/>
      <line num="187" count="7" type="stmt"/>
      <line num="190" count="7" type="cond" truecount="4" falsecount="0"/>
      <line num="191" count="88" type="stmt"/>
      <line num="192" count="2" type="stmt"/>
      <line num="195" count="2" type="stmt"/>
      <line num="200" count="66" type="stmt"/>
      <line num="203" count="1" type="stmt"/>
      <line num="210" count="5" type="stmt"/>
      <line num="214" count="6" type="cond" truecount="2" falsecount="0"/>
      <line num="215" count="1" type="stmt"/>
      <line num="216" count="1" type="stmt"/>
      <line num="223" count="2" type="stmt"/>
      <line num="227" count="8" type="stmt"/>
      <line num="228" count="8" type="stmt"/>
      <line num="229" count="8" type="stmt"/>
      <line num="236" count="25" type="stmt"/>
      <line num="237" count="25" type="cond" truecount="1" falsecount="1"/>
      <line num="250" count="25" type="stmt"/>
      <line num="252" count="25" type="cond" truecount="2" falsecount="0"/>
      <line num="253" count="25" type="cond" truecount="2" falsecount="0"/>
      <line num="254" count="25" type="cond" truecount="2" falsecount="0"/>
      <line num="255" count="25" type="cond" truecount="2" falsecount="0"/>
      <line num="257" count="25" type="cond" truecount="4" falsecount="0"/>
      <line num="258" count="3" type="stmt"/>
      <line num="263" count="22" type="stmt"/>
      <line num="264" count="22" type="cond" truecount="2" falsecount="0"/>
      <line num="265" count="1" type="stmt"/>
      <line num="266" count="1" type="stmt"/>
      <line num="269" count="21" type="stmt"/>
      <line num="270" count="21" type="stmt"/>
      <line num="272" count="21" type="stmt"/>
      <line num="273" count="20" type="stmt"/>
      <line num="274" count="20" type="stmt"/>
      <line num="276" count="20" type="stmt"/>
      <line num="278" count="20" type="stmt"/>
      <line num="279" count="20" type="stmt"/>
      <line num="281" count="20" type="stmt"/>
      <line num="294" count="17" type="stmt"/>
      <line num="295" count="17" type="stmt"/>
      <line num="297" count="16" type="stmt"/>
      <line num="301" count="17" type="stmt"/>
      <line num="302" count="17" type="cond" truecount="2" falsecount="0"/>
      <line num="304" count="1" type="stmt"/>
      <line num="307" count="17" type="stmt"/>
      <line num="313" count="3" type="stmt"/>
      <line num="317" count="21" type="stmt"/>
      <line num="318" count="21" type="stmt"/>
      <line num="319" count="21" type="stmt"/>
      <line num="323" count="25" type="stmt"/>
      <line num="324" count="23" type="stmt"/>
      <line num="325" count="23" type="cond" truecount="2" falsecount="0"/>
      <line num="326" count="22" type="stmt"/>
      <line num="330" count="25" type="stmt"/>
      <line num="331" count="4" type="stmt"/>
      <line num="332" count="4" type="stmt"/>
      <line num="333" count="4" type="cond" truecount="2" falsecount="0"/>
      <line num="335" count="3" type="stmt"/>
      <line num="336" count="3" type="stmt"/>
      <line num="337" count="3" type="stmt"/>
      <line num="344" count="3" type="stmt"/>
      <line num="345" count="5" type="stmt"/>
      <line num="349" count="3" type="stmt"/>
      <line num="351" count="3" type="cond" truecount="4" falsecount="0"/>
      <line num="352" count="1" type="stmt"/>
      <line num="353" count="1" type="stmt"/>
      <line num="356" count="2" type="stmt"/>
      <line num="357" count="2" type="stmt"/>
      <line num="358" count="2" type="cond" truecount="3" falsecount="1"/>
      <line num="359" count="2" type="stmt"/>
      <line num="360" count="2" type="stmt"/>
      <line num="364" count="2" type="stmt"/>
      <line num="376" count="25" type="stmt"/>
      <line num="383" count="25" type="stmt"/>
      <line num="385" count="25" type="stmt"/>
      <line num="388" count="25" type="stmt"/>
      <line num="389" count="25" type="stmt"/>
      <line num="390" count="25" type="stmt"/>
      <line num="392" count="25" type="stmt"/>
      <line num="395" count="3" type="stmt"/>
    </file>
    <file name="remediator.js" path="/Users/kumakun/github/tdd-audit/lib/remediator.js">
      <metrics statements="64" coveredstatements="64" conditionals="51" coveredconditionals="49" methods="21" coveredmethods="21"/>
      <line num="5" count="4" type="stmt"/>
      <line num="8" count="4" type="stmt"/>
      <line num="13" count="3" type="stmt"/>
      <line num="18" count="3" type="cond" truecount="2" falsecount="0"/>
      <line num="23" count="83" type="stmt"/>
      <line num="27" count="82" type="stmt"/>
      <line num="31" count="82" type="cond" truecount="2" falsecount="0"/>
      <line num="35" count="2" type="stmt"/>
      <line num="36" count="1" type="stmt"/>
      <line num="39" count="3" type="cond" truecount="2" falsecount="0"/>
      <line num="43" count="2" type="stmt"/>
      <line num="44" count="3" type="stmt"/>
      <line num="49" count="3" type="cond" truecount="2" falsecount="0"/>
      <line num="55" count="4" type="stmt"/>
      <line num="63" count="89" type="cond" truecount="2" falsecount="0"/>
      <line num="64" count="86" type="stmt"/>
      <line num="77" count="356" type="cond" truecount="4" falsecount="0"/>
      <line num="78" count="356" type="stmt"/>
      <line num="85" count="89" type="stmt"/>
      <line num="86" count="89" type="stmt"/>
      <line num="87" count="89" type="stmt"/>
      <line num="88" count="89" type="stmt"/>
      <line num="89" count="89" type="stmt"/>
      <line num="90" count="89" type="stmt"/>
      <line num="133" count="92" type="stmt"/>
      <line num="134" count="92" type="cond" truecount="2" falsecount="0"/>
      <line num="136" count="91" type="cond" truecount="2" falsecount="0"/>
      <line num="137" count="91" type="cond" truecount="4" falsecount="0"/>
      <line num="140" count="4" type="stmt"/>
      <line num="141" count="1" type="stmt"/>
      <line num="143" count="3" type="stmt"/>
      <line num="144" count="3" type="cond" truecount="4" falsecount="0"/>
      <line num="145" count="1" type="stmt"/>
      <line num="151" count="2" type="stmt"/>
      <line num="153" count="89" type="stmt"/>
      <line num="154" count="89" type="stmt"/>
      <line num="156" count="89" type="stmt"/>
      <line num="157" count="88" type="cond" truecount="2" falsecount="0"/>
      <line num="158" count="4" type="stmt"/>
      <line num="161" count="4" type="cond" truecount="2" falsecount="0"/>
      <line num="162" count="4" type="stmt"/>
      <line num="164" count="84" type="stmt"/>
      <line num="165" count="84" type="stmt"/>
      <line num="172" count="78" type="stmt"/>
      <line num="173" count="78" type="cond" truecount="2" falsecount="0"/>
      <line num="174" count="77" type="stmt"/>
      <line num="193" count="17" type="stmt"/>
      <line num="194" count="17" type="cond" truecount="2" falsecount="0"/>
      <line num="196" count="17" type="stmt"/>
      <line num="197" count="107" type="cond" truecount="4" falsecount="0"/>
      <line num="198" count="252" type="cond" truecount="2" falsecount="2"/>
      <line num="200" count="16" type="stmt"/>
      <line num="201" count="16" type="stmt"/>
      <line num="202" count="80" type="stmt"/>
      <line num="203" count="80" type="stmt"/>
      <line num="204" count="80" type="stmt"/>
      <line num="205" count="80" type="stmt"/>
      <line num="206" count="78" type="stmt"/>
      <line num="207" count="77" type="stmt"/>
      <line num="209" count="3" type="stmt"/>
      <line num="211" count="80" type="cond" truecount="2" falsecount="0"/>
      <line num="212" count="68" type="stmt"/>
      <line num="215" count="16" type="stmt"/>
      <line num="218" count="4" type="stmt"/>
    </file>
    <file name="reporter.js" path="/Users/kumakun/github/tdd-audit/lib/reporter.js">
      <metrics statements="52" coveredstatements="51" conditionals="47" coveredconditionals="47" methods="10" coveredmethods="10"/>
      <line num="3" count="2" type="stmt"/>
      <line num="15" count="272" type="stmt"/>
      <line num="16" count="272" type="stmt"/>
      <line num="18" count="18" type="stmt"/>
      <line num="19" count="207" type="cond" truecount="2" falsecount="0"/>
      <line num="21" count="18" type="stmt"/>
      <line num="29" count="18" type="cond" truecount="2" falsecount="0"/>
      <line num="30" count="18" type="cond" truecount="2" falsecount="0"/>
      <line num="31" count="18" type="stmt"/>
      <line num="36" count="2" type="stmt"/>
      <line num="39" count="2" type="stmt"/>
      <line num="67" count="2" type="stmt"/>
      <line num="70" count="22" type="cond" truecount="4" falsecount="0"/>
      <line num="71" count="5" type="stmt"/>
      <line num="72" count="5" type="stmt"/>
      <line num="73" count="5" type="cond" truecount="4" falsecount="0"/>
      <line num="74" count="2" type="stmt"/>
      <line num="76" count="0" type="stmt"/>
      <line num="88" count="22" type="stmt"/>
      <line num="89" count="22" type="stmt"/>
      <line num="91" count="101" type="stmt"/>
      <line num="92" count="79" type="cond" truecount="2" falsecount="0"/>
      <line num="93" count="39" type="stmt"/>
      <line num="94" count="39" type="stmt"/>
      <line num="95" count="39" type="stmt"/>
      <line num="106" count="79" type="stmt"/>
      <line num="123" count="22" type="stmt"/>
      <line num="149" count="9" type="stmt"/>
      <line num="150" count="9" type="cond" truecount="2" falsecount="0"/>
      <line num="151" count="2" type="stmt"/>
      <line num="153" count="10" type="stmt"/>
      <line num="154" count="10" type="stmt"/>
      <line num="155" count="7" type="stmt"/>
      <line num="156" count="8" type="cond" truecount="2" falsecount="0"/>
      <line num="157" count="7" type="stmt"/>
      <line num="159" count="7" type="cond" truecount="2" falsecount="0"/>
      <line num="160" count="7" type="stmt"/>
      <line num="161" count="28" type="cond" truecount="2" falsecount="0"/>
      <line num="162" count="8" type="stmt"/>
      <line num="163" count="8" type="cond" truecount="2" falsecount="0"/>
      <line num="164" count="8" type="stmt"/>
      <line num="165" count="8" type="stmt"/>
      <line num="168" count="7" type="cond" truecount="2" falsecount="0"/>
      <line num="169" count="2" type="stmt"/>
      <line num="170" count="2" type="stmt"/>
      <line num="172" count="7" type="stmt"/>
      <line num="174" count="9" type="cond" truecount="2" falsecount="0"/>
      <line num="175" count="1" type="stmt"/>
      <line num="176" count="1" type="stmt"/>
      <line num="177" count="1" type="stmt"/>
      <line num="179" count="9" type="stmt"/>
      <line num="182" count="2" type="stmt"/>
    </file>
    <file name="scanner.js" path="/Users/kumakun/github/tdd-audit/lib/scanner.js">
      <metrics statements="177" coveredstatements="177" conditionals="145" coveredconditionals="144" methods="19" coveredmethods="19"/>
      <line num="3" count="4" type="stmt"/>
      <line num="4" count="4" type="stmt"/>
      <line num="8" count="4" type="stmt"/>
      <line num="98" count="4" type="stmt"/>
      <line num="101" count="4" type="stmt"/>
      <line num="102" count="4" type="stmt"/>
      <line num="106" count="4" type="stmt"/>
      <line num="113" count="4" type="stmt"/>
      <line num="114" count="4" type="stmt"/>
      <line num="125" count="17" type="cond" truecount="2" falsecount="0"/>
      <line num="127" count="15" type="stmt"/>
      <line num="128" count="15" type="cond" truecount="2" falsecount="0"/>
      <line num="129" count="10" type="stmt"/>
      <line num="130" count="10" type="stmt"/>
      <line num="131" count="8" type="cond" truecount="4" falsecount="0"/>
      <line num="132" count="8" type="cond" truecount="2" falsecount="0"/>
      <line num="133" count="6" type="cond" truecount="4" falsecount="0"/>
      <line num="134" count="4" type="cond" truecount="2" falsecount="0"/>
      <line num="137" count="8" type="cond" truecount="2" falsecount="0"/>
      <line num="142" count="3" type="stmt"/>
      <line num="143" count="5" type="cond" truecount="2" falsecount="0"/>
      <line num="144" count="4" type="stmt"/>
      <line num="153" count="14" type="cond" truecount="2" falsecount="0"/>
      <line num="154" count="13" type="stmt"/>
      <line num="155" count="13" type="cond" truecount="2" falsecount="0"/>
      <line num="156" count="12" type="stmt"/>
      <line num="157" count="12" type="stmt"/>
      <line num="158" count="10" type="cond" truecount="4" falsecount="0"/>
      <line num="159" count="10" type="cond" truecount="2" falsecount="0"/>
      <line num="160" count="8" type="cond" truecount="2" falsecount="0"/>
      <line num="161" count="6" type="cond" truecount="2" falsecount="0"/>
      <line num="162" count="3" type="cond" truecount="1" falsecount="1"/>
      <line num="165" count="3" type="stmt"/>
      <line num="177" count="8" type="stmt"/>
      <line num="178" count="8" type="stmt"/>
      <line num="179" count="23" type="cond" truecount="2" falsecount="0"/>
      <line num="181" count="3" type="cond" truecount="2" falsecount="0"/>
      <line num="182" count="2" type="cond" truecount="2" falsecount="0"/>
      <line num="183" count="1" type="stmt"/>
      <line num="195" count="385" type="stmt"/>
      <line num="196" count="385" type="stmt"/>
      <line num="197" count="1846" type="cond" truecount="2" falsecount="0"/>
      <line num="199" count="1814" type="cond" truecount="2" falsecount="0"/>
      <line num="200" count="1813" type="stmt"/>
      <line num="201" count="1813" type="cond" truecount="2" falsecount="0"/>
      <line num="202" count="1496" type="cond" truecount="2" falsecount="0"/>
      <line num="214" count="1074" type="stmt"/>
      <line num="215" count="1074" type="stmt"/>
      <line num="234" count="390" type="stmt"/>
      <line num="235" count="390" type="cond" truecount="2" falsecount="0"/>
      <line num="236" count="347" type="stmt"/>
      <line num="237" count="347" type="stmt"/>
      <line num="238" count="347" type="stmt"/>
      <line num="247" count="411" type="stmt"/>
      <line num="248" count="411" type="stmt"/>
      <line num="249" count="1864" type="cond" truecount="2" falsecount="0"/>
      <line num="250" count="1833" type="cond" truecount="2" falsecount="0"/>
      <line num="251" count="1832" type="stmt"/>
      <line num="252" count="1832" type="cond" truecount="2" falsecount="0"/>
      <line num="253" count="1506" type="cond" truecount="2" falsecount="0"/>
      <line num="263" count="198" type="cond" truecount="4" falsecount="0"/>
      <line num="264" count="163" type="stmt"/>
      <line num="265" count="1224" type="cond" truecount="2" falsecount="0"/>
      <line num="266" count="1203" type="cond" truecount="2" falsecount="0"/>
      <line num="268" count="21" type="stmt"/>
      <line num="281" count="14" type="stmt"/>
      <line num="282" count="14" type="stmt"/>
      <line num="283" count="14" type="cond" truecount="2" falsecount="0"/>
      <line num="284" count="14" type="cond" truecount="2" falsecount="0"/>
      <line num="287" count="14" type="cond" truecount="2" falsecount="0"/>
      <line num="295" count="8" type="stmt"/>
      <line num="310" count="82" type="stmt"/>
      <line num="311" count="82" type="stmt"/>
      <line num="312" count="82" type="stmt"/>
      <line num="313" count="382" type="cond" truecount="2" falsecount="0"/>
      <line num="315" count="202" type="stmt"/>
      <line num="317" count="202" type="stmt"/>
      <line num="318" count="200" type="cond" truecount="2" falsecount="0"/>
      <line num="319" count="199" type="cond" truecount="2" falsecount="0"/>
      <line num="320" count="198" type="stmt"/>
      <line num="321" count="2" type="stmt"/>
      <line num="322" count="198" type="cond" truecount="2" falsecount="0"/>
      <line num="323" count="142" type="stmt"/>
      <line num="324" count="142" type="stmt"/>
      <line num="326" count="56" type="stmt"/>
      <line num="327" count="8062" type="stmt"/>
      <line num="328" count="32248" type="stmt"/>
      <line num="329" count="32248" type="cond" truecount="2" falsecount="0"/>
      <line num="330" count="14" type="cond" truecount="2" falsecount="0"/>
      <line num="331" count="12" type="cond" truecount="4" falsecount="0"/>
      <line num="332" count="11" type="stmt"/>
      <line num="345" count="82" type="stmt"/>
      <line num="346" count="82" type="stmt"/>
      <line num="357" count="64" type="stmt"/>
      <line num="358" count="64" type="stmt"/>
      <line num="360" count="64" type="stmt"/>
      <line num="362" count="64" type="stmt"/>
      <line num="363" count="192" type="stmt"/>
      <line num="364" count="192" type="cond" truecount="2" falsecount="0"/>
      <line num="366" count="4" type="stmt"/>
      <line num="367" count="4" type="stmt"/>
      <line num="368" count="4" type="cond" truecount="2" falsecount="0"/>
      <line num="369" count="3" type="stmt"/>
      <line num="380" count="64" type="stmt"/>
      <line num="389" count="62" type="stmt"/>
      <line num="390" count="62" type="stmt"/>
      <line num="391" count="62" type="cond" truecount="2" falsecount="0"/>
      <line num="393" count="2" type="stmt"/>
      <line num="394" count="2" type="stmt"/>
      <line num="395" count="5" type="cond" truecount="2" falsecount="0"/>
      <line num="396" count="1" type="stmt"/>
      <line num="407" count="2" type="stmt"/>
      <line num="417" count="65" type="stmt"/>
      <line num="418" count="65" type="stmt"/>
      <line num="419" count="65" type="cond" truecount="2" falsecount="0"/>
      <line num="421" count="15" type="stmt"/>
      <line num="422" count="14" type="stmt"/>
      <line num="423" count="14" type="stmt"/>
      <line num="424" count="688" type="cond" truecount="2" falsecount="0"/>
      <line num="425" count="3" type="stmt"/>
      <line num="436" count="14" type="stmt"/>
      <line num="447" count="68" type="stmt"/>
      <line num="448" count="68" type="stmt"/>
      <line num="449" count="68" type="stmt"/>
      <line num="450" count="68" type="stmt"/>
      <line num="451" count="408" type="stmt"/>
      <line num="452" count="408" type="cond" truecount="2" falsecount="0"/>
      <line num="454" count="9" type="stmt"/>
      <line num="455" count="9" type="stmt"/>
      <line num="456" count="8" type="cond" truecount="2" falsecount="0"/>
      <line num="457" count="1" type="stmt"/>
      <line num="458" count="7" type="stmt"/>
      <line num="459" count="7" type="stmt"/>
      <line num="460" count="15" type="stmt"/>
      <line num="461" count="15" type="cond" truecount="4" falsecount="0"/>
      <line num="462" count="6" type="cond" truecount="2" falsecount="0"/>
      <line num="463" count="5" type="stmt"/>
      <line num="475" count="68" type="stmt"/>
      <line num="486" count="59" type="stmt"/>
      <line num="487" count="59" type="stmt"/>
      <line num="488" count="1066" type="stmt"/>
      <line num="492" count="1066" type="stmt"/>
      <line num="493" count="1066" type="stmt"/>
      <line num="494" count="1065" type="cond" truecount="2" falsecount="0"/>
      <line num="496" count="1" type="stmt"/>
      <line num="499" count="1064" type="cond" truecount="2" falsecount="0"/>
      <line num="501" count="1062" type="stmt"/>
      <line num="502" count="1062" type="stmt"/>
      <line num="504" count="156546" type="stmt"/>
      <line num="505" count="11584404" type="cond" truecount="2" falsecount="0"/>
      <line num="506" count="913" type="stmt"/>
      <line num="519" count="59" type="stmt"/>
      <line num="530" count="8" type="cond" truecount="2" falsecount="0"/>
      <line num="531" count="3" type="stmt"/>
      <line num="533" count="6" type="stmt"/>
      <line num="534" count="6" type="stmt"/>
      <line num="536" count="5" type="stmt"/>
      <line num="537" count="5" type="cond" truecount="2" falsecount="0"/>
      <line num="538" count="5" type="stmt"/>
      <line num="540" count="5" type="cond" truecount="2" falsecount="0"/>
      <line num="541" count="5" type="stmt"/>
      <line num="542" count="20" type="cond" truecount="2" falsecount="0"/>
      <line num="543" count="5" type="stmt"/>
      <line num="544" count="5" type="cond" truecount="2" falsecount="0"/>
      <line num="545" count="5" type="stmt"/>
      <line num="546" count="5" type="stmt"/>
      <line num="550" count="5" type="cond" truecount="2" falsecount="0"/>
      <line num="551" count="1" type="stmt"/>
      <line num="552" count="1" type="stmt"/>
      <line num="553" count="1" type="stmt"/>
      <line num="557" count="5" type="stmt"/>
      <line num="560" count="8" type="cond" truecount="2" falsecount="0"/>
      <line num="561" count="1" type="stmt"/>
      <line num="562" count="1" type="stmt"/>
      <line num="563" count="2" type="stmt"/>
      <line num="565" count="1" type="stmt"/>
      <line num="569" count="4" type="stmt"/>
    </file>
    <file name="server.js" path="/Users/kumakun/github/tdd-audit/lib/server.js">
      <metrics statements="101" coveredstatements="101" conditionals="72" coveredconditionals="72" methods="12" coveredmethods="12"/>
      <line num="3" count="1" type="stmt"/>
      <line num="4" count="1" type="stmt"/>
      <line num="5" count="1" type="stmt"/>
      <line num="6" count="1" type="stmt"/>
      <line num="7" count="1" type="stmt"/>
      <line num="8" count="1" type="stmt"/>
      <line num="9" count="1" type="stmt"/>
      <line num="12" count="1" type="stmt"/>
      <line num="17" count="1" type="stmt"/>
      <line num="25" count="28" type="cond" truecount="2" falsecount="0"/>
      <line num="26" count="19" type="cond" truecount="2" falsecount="0"/>
      <line num="27" count="19" type="cond" truecount="2" falsecount="0"/>
      <line num="28" count="19" type="cond" truecount="2" falsecount="0"/>
      <line num="29" count="19" type="stmt"/>
      <line num="30" count="19" type="stmt"/>
      <line num="31" count="19" type="stmt"/>
      <line num="39" count="16" type="stmt"/>
      <line num="40" count="16" type="cond" truecount="2" falsecount="0"/>
      <line num="41" count="16" type="cond" truecount="2" falsecount="0"/>
      <line num="42" count="16" type="cond" truecount="4" falsecount="0"/>
      <line num="43" count="5" type="stmt"/>
      <line num="45" count="11" type="stmt"/>
      <line num="50" count="1" type="stmt"/>
      <line num="52" count="1" type="stmt"/>
      <line num="55" count="215" type="stmt"/>
      <line num="56" count="215" type="cond" truecount="2" falsecount="0"/>
      <line num="57" count="215" type="cond" truecount="2" falsecount="0"/>
      <line num="58" count="1" type="stmt"/>
      <line num="59" count="1" type="stmt"/>
      <line num="61" count="215" type="stmt"/>
      <line num="62" count="215" type="stmt"/>
      <line num="63" count="215" type="stmt"/>
      <line num="65" count="56" type="stmt"/>
      <line num="71" count="215" type="stmt"/>
      <line num="72" count="215" type="stmt"/>
      <line num="79" count="215" type="stmt"/>
      <line num="83" count="16" type="stmt"/>
      <line num="84" count="16" type="stmt"/>
      <line num="85" count="16" type="stmt"/>
      <line num="86" count="15" type="stmt"/>
      <line num="87" count="15" type="cond" truecount="2" falsecount="0"/>
      <line num="89" count="16" type="stmt"/>
      <line num="90" count="16" type="cond" truecount="2" falsecount="0"/>
      <line num="91" count="4" type="stmt"/>
      <line num="93" count="16" type="stmt"/>
      <line num="100" count="215" type="stmt"/>
      <line num="102" count="215" type="cond" truecount="2" falsecount="0"/>
      <line num="105" count="215" type="cond" truecount="2" falsecount="0"/>
      <line num="106" count="2" type="stmt"/>
      <line num="109" count="213" type="cond" truecount="4" falsecount="0"/>
      <line num="110" count="191" type="stmt"/>
      <line num="113" count="22" type="cond" truecount="2" falsecount="0"/>
      <line num="114" count="3" type="stmt"/>
      <line num="117" count="19" type="cond" truecount="4" falsecount="0"/>
      <line num="119" count="12" type="stmt"/>
      <line num="120" count="3" type="stmt"/>
      <line num="123" count="9" type="stmt"/>
      <line num="124" count="2" type="stmt"/>
      <line num="126" count="7" type="cond" truecount="3" falsecount="0"/>
      <line num="127" count="7" type="stmt"/>
      <line num="128" count="7" type="stmt"/>
      <line num="129" count="7" type="cond" truecount="2" falsecount="0"/>
      <line num="130" count="7" type="stmt"/>
      <line num="132" count="7" type="cond" truecount="2" falsecount="0"/>
      <line num="133" count="5" type="stmt"/>
      <line num="136" count="7" type="cond" truecount="4" falsecount="0"/>
      <line num="138" count="4" type="stmt"/>
      <line num="139" count="1" type="stmt"/>
      <line num="141" count="3" type="stmt"/>
      <line num="142" count="3" type="cond" truecount="5" falsecount="0"/>
      <line num="143" count="1" type="stmt"/>
      <line num="146" count="2" type="stmt"/>
      <line num="148" count="2" type="stmt"/>
      <line num="149" count="2" type="stmt"/>
      <line num="150" count="2" type="stmt"/>
      <line num="151" count="2" type="stmt"/>
      <line num="152" count="2" type="stmt"/>
      <line num="157" count="1" type="stmt"/>
      <line num="159" count="1" type="stmt"/>
      <line num="163" count="2" type="stmt"/>
      <line num="166" count="3" type="stmt"/>
      <line num="167" count="3" type="cond" truecount="4" falsecount="0"/>
      <line num="168" count="2" type="stmt"/>
      <line num="169" count="2" type="cond" truecount="2" falsecount="0"/>
      <line num="170" count="1" type="stmt"/>
      <line num="173" count="1" type="stmt"/>
      <line num="179" count="4" type="stmt"/>
      <line num="180" count="4" type="stmt"/>
      <line num="182" count="4" type="stmt"/>
      <line num="184" count="4" type="stmt"/>
      <line num="186" count="4" type="stmt"/>
      <line num="187" count="4" type="cond" truecount="2" falsecount="0"/>
      <line num="188" count="3" type="stmt"/>
      <line num="190" count="4" type="stmt"/>
      <line num="191" count="4" type="stmt"/>
      <line num="192" count="4" type="stmt"/>
      <line num="193" count="4" type="stmt"/>
      <line num="194" count="4" type="stmt"/>
      <line num="195" count="4" type="stmt"/>
      <line num="197" count="4" type="stmt"/>
      <line num="200" count="1" type="stmt"/>
    </file>
  </project>
</coverage>
