{"/Users/kumakun/github/tdd-audit/lib/auditor.js": {"path":"/Users/kumakun/github/tdd-audit/lib/auditor.js","statementMap":{"0":{"start":{"line":3,"column":16},"end":{"line":3,"column":29}},"1":{"start":{"line":4,"column":16},"end":{"line":4,"column":31}},"2":{"start":{"line":5,"column":20},"end":{"line":5,"column":46}},"3":{"start":{"line":10,"column":18},"end":{"line":20,"column":3}},"4":{"start":{"line":21,"column":16},"end":{"line":21,"column":18}},"5":{"start":{"line":22,"column":2},"end":{"line":24,"column":3}},"6":{"start":{"line":23,"column":4},"end":{"line":23,"column":88}},"7":{"start":{"line":23,"column":10},"end":{"line":23,"column":58}},"8":{"start":{"line":25,"column":2},"end":{"line":25,"column":15}},"9":{"start":{"line":29,"column":16},"end":{"line":33,"column":3}},"10":{"start":{"line":34,"column":2},"end":{"line":36,"column":3}},"11":{"start":{"line":35,"column":4},"end":{"line":35,"column":50}},"12":{"start":{"line":37,"column":2},"end":{"line":37,"column":26}},"13":{"start":{"line":60,"column":32},"end":{"line":177,"column":1}},"14":{"start":{"line":181,"column":2},"end":{"line":181,"column":77}},"15":{"start":{"line":185,"column":32},"end":{"line":185,"column":65}},"16":{"start":{"line":193,"column":18},"end":{"line":193,"column":44}},"17":{"start":{"line":194,"column":13},"end":{"line":194,"column":17}},"18":{"start":{"line":196,"column":2},"end":{"line":196,"column":63}},"19":{"start":{"line":196,"column":44},"end":{"line":196,"column":63}},"20":{"start":{"line":197,"column":2},"end":{"line":199,"column":3}},"21":{"start":{"line":198,"column":4},"end":{"line":198,"column":65}},"22":{"start":{"line":198,"column":10},"end":{"line":198,"column":34}},"23":{"start":{"line":201,"column":17},"end":{"line":201,"column":31}},"24":{"start":{"line":202,"column":13},"end":{"line":202,"column":17}},"25":{"start":{"line":203,"column":2},"end":{"line":203,"column":55}},"26":{"start":{"line":203,"column":43},"end":{"line":203,"column":55}},"27":{"start":{"line":204,"column":2},"end":{"line":206,"column":3}},"28":{"start":{"line":205,"column":4},"end":{"line":205,"column":65}},"29":{"start":{"line":205,"column":10},"end":{"line":205,"column":34}},"30":{"start":{"line":207,"column":2},"end":{"line":207,"column":14}},"31":{"start":{"line":215,"column":31},"end":{"line":215,"column":115}},"32":{"start":{"line":216,"column":31},"end":{"line":216,"column":115}},"33":{"start":{"line":217,"column":31},"end":{"line":217,"column":115}},"34":{"start":{"line":219,"column":18},"end":{"line":219,"column":61}},"35":{"start":{"line":220,"column":2},"end":{"line":220,"column":81}},"36":{"start":{"line":220,"column":28},"end":{"line":220,"column":81}},"37":{"start":{"line":224,"column":25},"end":{"line":224,"column":77}},"38":{"start":{"line":224,"column":49},"end":{"line":224,"column":69}},"39":{"start":{"line":226,"column":2},"end":{"line":239,"column":4}},"40":{"start":{"line":243,"column":16},"end":{"line":251,"column":1}},"41":{"start":{"line":252,"column":20},"end":{"line":252,"column":88}},"42":{"start":{"line":256,"column":19},"end":{"line":256,"column":42}},"43":{"start":{"line":257,"column":16},"end":{"line":257,"column":18}},"44":{"start":{"line":258,"column":20},"end":{"line":258,"column":22}},"45":{"start":{"line":260,"column":18},"end":{"line":286,"column":4}},"46":{"start":{"line":261,"column":4},"end":{"line":273,"column":5}},"47":{"start":{"line":262,"column":6},"end":{"line":262,"column":39}},"48":{"start":{"line":263,"column":18},"end":{"line":263,"column":33}},"49":{"start":{"line":264,"column":6},"end":{"line":272,"column":9}},"50":{"start":{"line":274,"column":4},"end":{"line":285,"column":6}},"51":{"start":{"line":288,"column":2},"end":{"line":302,"column":4}},"52":{"start":{"line":307,"column":27},"end":{"line":307,"column":37}},"53":{"start":{"line":308,"column":27},"end":{"line":308,"column":30}},"54":{"start":{"line":309,"column":27},"end":{"line":309,"column":30}},"55":{"start":{"line":311,"column":18},"end":{"line":314,"column":2}},"56":{"start":{"line":321,"column":2},"end":{"line":323,"column":3}},"57":{"start":{"line":322,"column":4},"end":{"line":322,"column":55}},"58":{"start":{"line":324,"column":21},"end":{"line":324,"column":56}},"59":{"start":{"line":325,"column":21},"end":{"line":325,"column":45}},"60":{"start":{"line":326,"column":2},"end":{"line":328,"column":3}},"61":{"start":{"line":327,"column":4},"end":{"line":327,"column":86}},"62":{"start":{"line":329,"column":2},"end":{"line":329,"column":18}},"63":{"start":{"line":334,"column":2},"end":{"line":334,"column":83}},"64":{"start":{"line":334,"column":8},"end":{"line":334,"column":63}},"65":{"start":{"line":334,"column":74},"end":{"line":334,"column":81}},"66":{"start":{"line":335,"column":2},"end":{"line":340,"column":3}},"67":{"start":{"line":336,"column":4},"end":{"line":336,"column":44}},"68":{"start":{"line":336,"column":35},"end":{"line":336,"column":44}},"69":{"start":{"line":337,"column":17},"end":{"line":337,"column":43}},"70":{"start":{"line":338,"column":4},"end":{"line":339,"column":40}},"71":{"start":{"line":338,"column":29},"end":{"line":338,"column":50}},"72":{"start":{"line":339,"column":9},"end":{"line":339,"column":40}},"73":{"start":{"line":339,"column":29},"end":{"line":339,"column":40}},"74":{"start":{"line":345,"column":13},"end":{"line":350,"column":27}},"75":{"start":{"line":351,"column":2},"end":{"line":351,"column":31}},"76":{"start":{"line":355,"column":30},"end":{"line":355,"column":35}},"77":{"start":{"line":357,"column":2},"end":{"line":357,"column":96}},"78":{"start":{"line":357,"column":8},"end":{"line":357,"column":51}},"79":{"start":{"line":357,"column":66},"end":{"line":357,"column":94}},"80":{"start":{"line":358,"column":2},"end":{"line":358,"column":79}},"81":{"start":{"line":358,"column":35},"end":{"line":358,"column":79}},"82":{"start":{"line":359,"column":15},"end":{"line":359,"column":36}},"83":{"start":{"line":360,"column":2},"end":{"line":360,"column":80}},"84":{"start":{"line":360,"column":35},"end":{"line":360,"column":80}},"85":{"start":{"line":361,"column":2},"end":{"line":361,"column":103}},"86":{"start":{"line":361,"column":35},"end":{"line":361,"column":103}},"87":{"start":{"line":362,"column":14},"end":{"line":362,"column":39}},"88":{"start":{"line":363,"column":2},"end":{"line":363,"column":78}},"89":{"start":{"line":363,"column":35},"end":{"line":363,"column":78}},"90":{"start":{"line":364,"column":2},"end":{"line":364,"column":61}},"91":{"start":{"line":368,"column":22},"end":{"line":368,"column":27}},"92":{"start":{"line":369,"column":2},"end":{"line":369,"column":87}},"93":{"start":{"line":369,"column":47},"end":{"line":369,"column":87}},"94":{"start":{"line":370,"column":13},"end":{"line":370,"column":33}},"95":{"start":{"line":371,"column":18},"end":{"line":371,"column":20}},"96":{"start":{"line":372,"column":2},"end":{"line":376,"column":3}},"97":{"start":{"line":373,"column":4},"end":{"line":373,"column":50}},"98":{"start":{"line":373,"column":44},"end":{"line":373,"column":50}},"99":{"start":{"line":374,"column":16},"end":{"line":374,"column":51}},"100":{"start":{"line":375,"column":4},"end":{"line":375,"column":40}},"101":{"start":{"line":375,"column":22},"end":{"line":375,"column":40}},"102":{"start":{"line":377,"column":2},"end":{"line":377,"column":51}},"103":{"start":{"line":381,"column":41},"end":{"line":381,"column":46}},"104":{"start":{"line":382,"column":2},"end":{"line":382,"column":87}},"105":{"start":{"line":382,"column":47},"end":{"line":382,"column":87}},"106":{"start":{"line":384,"column":2},"end":{"line":384,"column":103}},"107":{"start":{"line":384,"column":8},"end":{"line":384,"column":38}},"108":{"start":{"line":384,"column":53},"end":{"line":384,"column":101}},"109":{"start":{"line":385,"column":21},"end":{"line":385,"column":66}},"110":{"start":{"line":386,"column":18},"end":{"line":386,"column":20}},"111":{"start":{"line":387,"column":2},"end":{"line":400,"column":3}},"112":{"start":{"line":388,"column":4},"end":{"line":388,"column":52}},"113":{"start":{"line":388,"column":46},"end":{"line":388,"column":52}},"114":{"start":{"line":389,"column":16},"end":{"line":389,"column":51}},"115":{"start":{"line":390,"column":4},"end":{"line":390,"column":54}},"116":{"start":{"line":390,"column":45},"end":{"line":390,"column":54}},"117":{"start":{"line":391,"column":17},"end":{"line":391,"column":38}},"118":{"start":{"line":392,"column":4},"end":{"line":392,"column":45}},"119":{"start":{"line":392,"column":36},"end":{"line":392,"column":45}},"120":{"start":{"line":393,"column":16},"end":{"line":393,"column":41}},"121":{"start":{"line":394,"column":4},"end":{"line":394,"column":40}},"122":{"start":{"line":394,"column":31},"end":{"line":394,"column":40}},"123":{"start":{"line":395,"column":18},"end":{"line":395,"column":50}},"124":{"start":{"line":396,"column":4},"end":{"line":399,"column":5}},"125":{"start":{"line":396,"column":17},"end":{"line":396,"column":18}},"126":{"start":{"line":397,"column":6},"end":{"line":397,"column":23}},"127":{"start":{"line":398,"column":6},"end":{"line":398,"column":110}},"128":{"start":{"line":398,"column":29},"end":{"line":398,"column":110}},"129":{"start":{"line":401,"column":2},"end":{"line":401,"column":53}},"130":{"start":{"line":405,"column":39},"end":{"line":405,"column":44}},"131":{"start":{"line":406,"column":2},"end":{"line":406,"column":80}},"132":{"start":{"line":406,"column":35},"end":{"line":406,"column":80}},"133":{"start":{"line":408,"column":2},"end":{"line":408,"column":96}},"134":{"start":{"line":408,"column":8},"end":{"line":408,"column":51}},"135":{"start":{"line":408,"column":66},"end":{"line":408,"column":94}},"136":{"start":{"line":409,"column":2},"end":{"line":415,"column":3}},"137":{"start":{"line":410,"column":4},"end":{"line":410,"column":62}},"138":{"start":{"line":411,"column":4},"end":{"line":411,"column":48}},"139":{"start":{"line":412,"column":4},"end":{"line":412,"column":76}},"140":{"start":{"line":414,"column":4},"end":{"line":414,"column":51}},"141":{"start":{"line":419,"column":2},"end":{"line":428,"column":3}},"142":{"start":{"line":420,"column":28},"end":{"line":420,"column":67}},"143":{"start":{"line":421,"column":28},"end":{"line":421,"column":68}},"144":{"start":{"line":422,"column":28},"end":{"line":422,"column":72}},"145":{"start":{"line":424,"column":6},"end":{"line":424,"column":127}},"146":{"start":{"line":424,"column":24},"end":{"line":424,"column":127}},"147":{"start":{"line":425,"column":6},"end":{"line":425,"column":46}},"148":{"start":{"line":427,"column":6},"end":{"line":427,"column":48}},"149":{"start":{"line":433,"column":18},"end":{"line":480,"column":1}},"150":{"start":{"line":482,"column":24},"end":{"line":482,"column":114}},"151":{"start":{"line":482,"column":44},"end":{"line":482,"column":112}},"152":{"start":{"line":483,"column":24},"end":{"line":483,"column":144}},"153":{"start":{"line":483,"column":44},"end":{"line":483,"column":142}},"154":{"start":{"line":484,"column":24},"end":{"line":484,"column":112}},"155":{"start":{"line":484,"column":44},"end":{"line":484,"column":110}},"156":{"start":{"line":488,"column":25},"end":{"line":488,"column":27}},"157":{"start":{"line":489,"column":26},"end":{"line":489,"column":30}},"158":{"start":{"line":492,"column":2},"end":{"line":492,"column":42}},"159":{"start":{"line":492,"column":24},"end":{"line":492,"column":42}},"160":{"start":{"line":493,"column":2},"end":{"line":493,"column":47}},"161":{"start":{"line":497,"column":2},"end":{"line":497,"column":23}},"162":{"start":{"line":497,"column":16},"end":{"line":497,"column":23}},"163":{"start":{"line":498,"column":18},"end":{"line":498,"column":59}},"164":{"start":{"line":499,"column":2},"end":{"line":499,"column":57}},"165":{"start":{"line":505,"column":18},"end":{"line":505,"column":44}},"166":{"start":{"line":506,"column":18},"end":{"line":506,"column":57}},"167":{"start":{"line":507,"column":18},"end":{"line":511,"column":3}},"168":{"start":{"line":513,"column":19},"end":{"line":513,"column":59}},"169":{"start":{"line":515,"column":2},"end":{"line":552,"column":3}},"170":{"start":{"line":515,"column":18},"end":{"line":515,"column":19}},"171":{"start":{"line":516,"column":16},"end":{"line":526,"column":6}},"172":{"start":{"line":528,"column":4},"end":{"line":531,"column":5}},"173":{"start":{"line":529,"column":18},"end":{"line":529,"column":50}},"174":{"start":{"line":529,"column":47},"end":{"line":529,"column":49}},"175":{"start":{"line":530,"column":6},"end":{"line":530,"column":96}},"176":{"start":{"line":533,"column":17},"end":{"line":533,"column":33}},"177":{"start":{"line":534,"column":37},"end":{"line":534,"column":41}},"178":{"start":{"line":536,"column":4},"end":{"line":536,"column":50}},"179":{"start":{"line":538,"column":4},"end":{"line":540,"column":5}},"180":{"start":{"line":539,"column":6},"end":{"line":539,"column":66}},"181":{"start":{"line":539,"column":47},"end":{"line":539,"column":66}},"182":{"start":{"line":542,"column":4},"end":{"line":542,"column":42}},"183":{"start":{"line":542,"column":36},"end":{"line":542,"column":42}},"184":{"start":{"line":544,"column":24},"end":{"line":544,"column":26}},"185":{"start":{"line":545,"column":4},"end":{"line":550,"column":5}},"186":{"start":{"line":546,"column":6},"end":{"line":546,"column":46}},"187":{"start":{"line":546,"column":37},"end":{"line":546,"column":46}},"188":{"start":{"line":547,"column":6},"end":{"line":547,"column":48}},"189":{"start":{"line":548,"column":21},"end":{"line":548,"column":96}},"190":{"start":{"line":549,"column":6},"end":{"line":549,"column":104}},"191":{"start":{"line":551,"column":4},"end":{"line":551,"column":58}},"192":{"start":{"line":560,"column":2},"end":{"line":572,"column":3}},"193":{"start":{"line":562,"column":4},"end":{"line":564,"column":5}},"194":{"start":{"line":562,"column":10},"end":{"line":562,"column":36}},"195":{"start":{"line":563,"column":6},"end":{"line":563,"column":76}},"196":{"start":{"line":565,"column":24},"end":{"line":565,"column":83}},"197":{"start":{"line":566,"column":4},"end":{"line":571,"column":5}},"198":{"start":{"line":567,"column":6},"end":{"line":570,"column":8}},"199":{"start":{"line":574,"column":19},"end":{"line":574,"column":36}},"200":{"start":{"line":575,"column":19},"end":{"line":575,"column":79}},"201":{"start":{"line":576,"column":19},"end":{"line":576,"column":45}},"202":{"start":{"line":577,"column":19},"end":{"line":580,"column":3}},"203":{"start":{"line":582,"column":19},"end":{"line":585,"column":3}},"204":{"start":{"line":587,"column":2},"end":{"line":618,"column":3}},"205":{"start":{"line":587,"column":18},"end":{"line":587,"column":19}},"206":{"start":{"line":588,"column":16},"end":{"line":592,"column":6}},"207":{"start":{"line":594,"column":4},"end":{"line":597,"column":5}},"208":{"start":{"line":595,"column":18},"end":{"line":595,"column":50}},"209":{"start":{"line":595,"column":47},"end":{"line":595,"column":49}},"210":{"start":{"line":596,"column":6},"end":{"line":596,"column":93}},"211":{"start":{"line":599,"column":19},"end":{"line":599,"column":35}},"212":{"start":{"line":600,"column":19},"end":{"line":600,"column":36}},"213":{"start":{"line":601,"column":4},"end":{"line":601,"column":63}},"214":{"start":{"line":601,"column":17},"end":{"line":601,"column":63}},"215":{"start":{"line":603,"column":39},"end":{"line":603,"column":45}},"216":{"start":{"line":604,"column":4},"end":{"line":604,"column":27}},"217":{"start":{"line":606,"column":4},"end":{"line":606,"column":49}},"218":{"start":{"line":606,"column":25},"end":{"line":606,"column":49}},"219":{"start":{"line":607,"column":4},"end":{"line":607,"column":40}},"220":{"start":{"line":607,"column":34},"end":{"line":607,"column":40}},"221":{"start":{"line":609,"column":4},"end":{"line":617,"column":5}},"222":{"start":{"line":610,"column":6},"end":{"line":616,"column":7}},"223":{"start":{"line":611,"column":20},"end":{"line":611,"column":22}},"224":{"start":{"line":612,"column":8},"end":{"line":612,"column":92}},"225":{"start":{"line":612,"column":14},"end":{"line":612,"column":64}},"226":{"start":{"line":613,"column":8},"end":{"line":613,"column":50}},"227":{"start":{"line":614,"column":23},"end":{"line":614,"column":92}},"228":{"start":{"line":615,"column":8},"end":{"line":615,"column":94}},"229":{"start":{"line":624,"column":18},"end":{"line":624,"column":45}},"230":{"start":{"line":625,"column":18},"end":{"line":625,"column":120}},"231":{"start":{"line":626,"column":18},"end":{"line":626,"column":82}},"232":{"start":{"line":628,"column":19},"end":{"line":628,"column":69}},"233":{"start":{"line":630,"column":2},"end":{"line":668,"column":3}},"234":{"start":{"line":630,"column":18},"end":{"line":630,"column":19}},"235":{"start":{"line":631,"column":16},"end":{"line":639,"column":6}},"236":{"start":{"line":641,"column":4},"end":{"line":644,"column":5}},"237":{"start":{"line":642,"column":18},"end":{"line":642,"column":50}},"238":{"start":{"line":642,"column":47},"end":{"line":642,"column":49}},"239":{"start":{"line":643,"column":6},"end":{"line":643,"column":93}},"240":{"start":{"line":646,"column":22},"end":{"line":646,"column":38}},"241":{"start":{"line":647,"column":22},"end":{"line":647,"column":42}},"242":{"start":{"line":648,"column":4},"end":{"line":648,"column":66}},"243":{"start":{"line":648,"column":20},"end":{"line":648,"column":66}},"244":{"start":{"line":650,"column":25},"end":{"line":650,"column":55}},"245":{"start":{"line":651,"column":25},"end":{"line":651,"column":47}},"246":{"start":{"line":653,"column":4},"end":{"line":653,"column":44}},"247":{"start":{"line":655,"column":26},"end":{"line":655,"column":59}},"248":{"start":{"line":655,"column":44},"end":{"line":655,"column":58}},"249":{"start":{"line":656,"column":4},"end":{"line":656,"column":64}},"250":{"start":{"line":656,"column":39},"end":{"line":656,"column":46}},"251":{"start":{"line":656,"column":49},"end":{"line":656,"column":64}},"252":{"start":{"line":658,"column":4},"end":{"line":658,"column":69}},"253":{"start":{"line":658,"column":63},"end":{"line":658,"column":69}},"254":{"start":{"line":660,"column":30},"end":{"line":660,"column":32}},"255":{"start":{"line":661,"column":4},"end":{"line":666,"column":5}},"256":{"start":{"line":662,"column":29},"end":{"line":662,"column":43}},"257":{"start":{"line":663,"column":6},"end":{"line":663,"column":35}},"258":{"start":{"line":664,"column":21},"end":{"line":664,"column":83}},"259":{"start":{"line":665,"column":6},"end":{"line":665,"column":79}},"260":{"start":{"line":667,"column":4},"end":{"line":667,"column":62}},"261":{"start":{"line":674,"column":27},"end":{"line":674,"column":50}},"262":{"start":{"line":675,"column":27},"end":{"line":675,"column":47}},"263":{"start":{"line":677,"column":2},"end":{"line":677,"column":118}},"264":{"start":{"line":679,"column":22},"end":{"line":679,"column":24}},"265":{"start":{"line":680,"column":2},"end":{"line":690,"column":3}},"266":{"start":{"line":681,"column":4},"end":{"line":681,"column":40}},"267":{"start":{"line":681,"column":34},"end":{"line":681,"column":40}},"268":{"start":{"line":682,"column":4},"end":{"line":689,"column":26}},"269":{"start":{"line":683,"column":19},"end":{"line":683,"column":40}},"270":{"start":{"line":684,"column":6},"end":{"line":684,"column":37}},"271":{"start":{"line":684,"column":28},"end":{"line":684,"column":37}},"272":{"start":{"line":685,"column":18},"end":{"line":685,"column":43}},"273":{"start":{"line":686,"column":6},"end":{"line":686,"column":42}},"274":{"start":{"line":686,"column":33},"end":{"line":686,"column":42}},"275":{"start":{"line":687,"column":18},"end":{"line":687,"column":53}},"276":{"start":{"line":688,"column":6},"end":{"line":688,"column":93}},"277":{"start":{"line":692,"column":18},"end":{"line":692,"column":136}},"278":{"start":{"line":693,"column":18},"end":{"line":693,"column":79}},"279":{"start":{"line":694,"column":2},"end":{"line":694,"column":17}},"280":{"start":{"line":710,"column":16},"end":{"line":710,"column":64}},"281":{"start":{"line":710,"column":40},"end":{"line":710,"column":63}},"282":{"start":{"line":711,"column":47},"end":{"line":711,"column":51}},"283":{"start":{"line":713,"column":20},"end":{"line":713,"column":46}},"284":{"start":{"line":714,"column":2},"end":{"line":718,"column":3}},"285":{"start":{"line":715,"column":4},"end":{"line":715,"column":105}},"286":{"start":{"line":716,"column":4},"end":{"line":716,"column":27}},"287":{"start":{"line":717,"column":4},"end":{"line":717,"column":11}},"288":{"start":{"line":719,"column":19},"end":{"line":719,"column":76}},"289":{"start":{"line":720,"column":2},"end":{"line":720,"column":99}},"290":{"start":{"line":760,"column":6},"end":{"line":760,"column":10}},"291":{"start":{"line":762,"column":2},"end":{"line":762,"column":103}},"292":{"start":{"line":762,"column":17},"end":{"line":762,"column":103}},"293":{"start":{"line":763,"column":2},"end":{"line":763,"column":117}},"294":{"start":{"line":763,"column":17},"end":{"line":763,"column":117}},"295":{"start":{"line":770,"column":22},"end":{"line":770,"column":60}},"296":{"start":{"line":771,"column":22},"end":{"line":771,"column":107}},"297":{"start":{"line":775,"column":26},"end":{"line":775,"column":94}},"298":{"start":{"line":777,"column":23},"end":{"line":777,"column":49}},"299":{"start":{"line":778,"column":23},"end":{"line":778,"column":47}},"300":{"start":{"line":781,"column":21},"end":{"line":781,"column":44}},"301":{"start":{"line":784,"column":2},"end":{"line":820,"column":3}},"302":{"start":{"line":786,"column":4},"end":{"line":796,"column":6}},"303":{"start":{"line":797,"column":9},"end":{"line":820,"column":3}},"304":{"start":{"line":798,"column":4},"end":{"line":806,"column":6}},"305":{"start":{"line":808,"column":4},"end":{"line":819,"column":6}},"306":{"start":{"line":822,"column":2},"end":{"line":822,"column":64}},"307":{"start":{"line":822,"column":18},"end":{"line":822,"column":64}},"308":{"start":{"line":824,"column":22},"end":{"line":824,"column":38}},"309":{"start":{"line":826,"column":15},"end":{"line":828,"column":94}},"310":{"start":{"line":829,"column":2},"end":{"line":829,"column":141}},"311":{"start":{"line":835,"column":17},"end":{"line":835,"column":19}},"312":{"start":{"line":836,"column":17},"end":{"line":840,"column":3}},"313":{"start":{"line":837,"column":4},"end":{"line":837,"column":38}},"314":{"start":{"line":837,"column":20},"end":{"line":837,"column":38}},"315":{"start":{"line":838,"column":4},"end":{"line":839,"column":53}},"316":{"start":{"line":838,"column":16},"end":{"line":838,"column":29}},"317":{"start":{"line":839,"column":9},"end":{"line":839,"column":53}},"318":{"start":{"line":839,"column":26},"end":{"line":839,"column":53}},"319":{"start":{"line":842,"column":14},"end":{"line":842,"column":109}},"320":{"start":{"line":844,"column":2},"end":{"line":852,"column":3}},"321":{"start":{"line":845,"column":22},"end":{"line":845,"column":51}},"322":{"start":{"line":845,"column":52},"end":{"line":845,"column":58}},"323":{"start":{"line":846,"column":22},"end":{"line":846,"column":48}},"324":{"start":{"line":846,"column":52},"end":{"line":846,"column":58}},"325":{"start":{"line":847,"column":22},"end":{"line":847,"column":48}},"326":{"start":{"line":847,"column":52},"end":{"line":847,"column":58}},"327":{"start":{"line":850,"column":6},"end":{"line":851,"column":64}},"328":{"start":{"line":850,"column":19},"end":{"line":850,"column":45}},"329":{"start":{"line":851,"column":19},"end":{"line":851,"column":64}},"330":{"start":{"line":854,"column":2},"end":{"line":856,"column":3}},"331":{"start":{"line":855,"column":4},"end":{"line":855,"column":108}},"332":{"start":{"line":858,"column":2},"end":{"line":858,"column":48}},"333":{"start":{"line":861,"column":0},"end":{"line":880,"column":2}}},"fnMap":{"0":{"name":"loadSkillSuite","decl":{"start":{"line":9,"column":9},"end":{"line":9,"column":23}},"loc":{"start":{"line":9,"column":36},"end":{"line":26,"column":1}},"line":9},"1":{"name":"buildSystemPrompt","decl":{"start":{"line":28,"column":9},"end":{"line":28,"column":26}},"loc":{"start":{"line":28,"column":34},"end":{"line":38,"column":1}},"line":28},"2":{"name":"buildJsonOutputInstruction","decl":{"start":{"line":180,"column":9},"end":{"line":180,"column":35}},"loc":{"start":{"line":180,"column":43},"end":{"line":182,"column":1}},"line":180},"3":{"name":"extractJsonBlock","decl":{"start":{"line":191,"column":9},"end":{"line":191,"column":25}},"loc":{"start":{"line":191,"column":32},"end":{"line":208,"column":1}},"line":191},"4":{"name":"aiToJson","decl":{"start":{"line":214,"column":9},"end":{"line":214,"column":17}},"loc":{"start":{"line":214,"column":78},"end":{"line":240,"column":1}},"line":214},"5":{"name":"(anonymous_5)","decl":{"start":{"line":224,"column":44},"end":{"line":224,"column":45}},"loc":{"start":{"line":224,"column":49},"end":{"line":224,"column":69}},"line":224},"6":{"name":"aiToSarif","decl":{"start":{"line":255,"column":9},"end":{"line":255,"column":18}},"loc":{"start":{"line":255,"column":29},"end":{"line":303,"column":1}},"line":255},"7":{"name":"(anonymous_7)","decl":{"start":{"line":260,"column":31},"end":{"line":260,"column":32}},"loc":{"start":{"line":260,"column":36},"end":{"line":286,"column":3}},"line":260},"8":{"name":"safePath","decl":{"start":{"line":320,"column":9},"end":{"line":320,"column":17}},"loc":{"start":{"line":320,"column":41},"end":{"line":330,"column":1}},"line":320},"9":{"name":"walkDir","decl":{"start":{"line":332,"column":10},"end":{"line":332,"column":17}},"loc":{"start":{"line":332,"column":23},"end":{"line":341,"column":1}},"line":332},"10":{"name":"globToRegex","decl":{"start":{"line":344,"column":9},"end":{"line":344,"column":20}},"loc":{"start":{"line":344,"column":30},"end":{"line":352,"column":1}},"line":344},"11":{"name":"toolReadFile","decl":{"start":{"line":354,"column":9},"end":{"line":354,"column":21}},"loc":{"start":{"line":354,"column":41},"end":{"line":365,"column":1}},"line":354},"12":{"name":"toolListFiles","decl":{"start":{"line":367,"column":9},"end":{"line":367,"column":22}},"loc":{"start":{"line":367,"column":42},"end":{"line":378,"column":1}},"line":367},"13":{"name":"toolSearchInFiles","decl":{"start":{"line":380,"column":9},"end":{"line":380,"column":26}},"loc":{"start":{"line":380,"column":46},"end":{"line":402,"column":1}},"line":380},"14":{"name":"toolWriteFile","decl":{"start":{"line":404,"column":9},"end":{"line":404,"column":22}},"loc":{"start":{"line":404,"column":42},"end":{"line":416,"column":1}},"line":404},"15":{"name":"executeToolCall","decl":{"start":{"line":418,"column":9},"end":{"line":418,"column":24}},"loc":{"start":{"line":418,"column":80},"end":{"line":429,"column":1}},"line":418},"16":{"name":"(anonymous_16)","decl":{"start":{"line":482,"column":38},"end":{"line":482,"column":39}},"loc":{"start":{"line":482,"column":44},"end":{"line":482,"column":112}},"line":482},"17":{"name":"(anonymous_17)","decl":{"start":{"line":483,"column":38},"end":{"line":483,"column":39}},"loc":{"start":{"line":483,"column":44},"end":{"line":483,"column":142}},"line":483},"18":{"name":"(anonymous_18)","decl":{"start":{"line":484,"column":38},"end":{"line":484,"column":39}},"loc":{"start":{"line":484,"column":44},"end":{"line":484,"column":110}},"line":484},"19":{"name":"redact","decl":{"start":{"line":491,"column":9},"end":{"line":491,"column":15}},"loc":{"start":{"line":491,"column":30},"end":{"line":494,"column":1}},"line":491},"20":{"name":"logTool","decl":{"start":{"line":496,"column":9},"end":{"line":496,"column":16}},"loc":{"start":{"line":496,"column":39},"end":{"line":500,"column":1}},"line":496},"21":{"name":"runAnthropicAudit","decl":{"start":{"line":504,"column":15},"end":{"line":504,"column":32}},"loc":{"start":{"line":504,"column":121},"end":{"line":553,"column":1}},"line":504},"22":{"name":"(anonymous_22)","decl":{"start":{"line":529,"column":41},"end":{"line":529,"column":42}},"loc":{"start":{"line":529,"column":47},"end":{"line":529,"column":49}},"line":529},"23":{"name":"runOpenAIAudit","decl":{"start":{"line":557,"column":15},"end":{"line":557,"column":29}},"loc":{"start":{"line":557,"column":127},"end":{"line":619,"column":1}},"line":557},"24":{"name":"(anonymous_24)","decl":{"start":{"line":595,"column":41},"end":{"line":595,"column":42}},"loc":{"start":{"line":595,"column":47},"end":{"line":595,"column":49}},"line":595},"25":{"name":"runGeminiAudit","decl":{"start":{"line":623,"column":15},"end":{"line":623,"column":29}},"loc":{"start":{"line":623,"column":118},"end":{"line":669,"column":1}},"line":623},"26":{"name":"(anonymous_26)","decl":{"start":{"line":642,"column":41},"end":{"line":642,"column":42}},"loc":{"start":{"line":642,"column":47},"end":{"line":642,"column":49}},"line":642},"27":{"name":"(anonymous_27)","decl":{"start":{"line":655,"column":39},"end":{"line":655,"column":40}},"loc":{"start":{"line":655,"column":44},"end":{"line":655,"column":58}},"line":655},"28":{"name":"(anonymous_28)","decl":{"start":{"line":656,"column":33},"end":{"line":656,"column":34}},"loc":{"start":{"line":656,"column":39},"end":{"line":656,"column":46}},"line":656},"29":{"name":"runFallbackAudit","decl":{"start":{"line":673,"column":15},"end":{"line":673,"column":31}},"loc":{"start":{"line":673,"column":117},"end":{"line":695,"column":1}},"line":673},"30":{"name":"emitStructuredOutput","decl":{"start":{"line":709,"column":9},"end":{"line":709,"column":29}},"loc":{"start":{"line":709,"column":74},"end":{"line":721,"column":1}},"line":709},"31":{"name":"(anonymous_31)","decl":{"start":{"line":710,"column":33},"end":{"line":710,"column":34}},"loc":{"start":{"line":710,"column":40},"end":{"line":710,"column":63}},"line":710},"32":{"name":"runAudit","decl":{"start":{"line":746,"column":15},"end":{"line":746,"column":23}},"loc":{"start":{"line":746,"column":30},"end":{"line":859,"column":1}},"line":746},"33":{"name":"(anonymous_33)","decl":{"start":{"line":836,"column":17},"end":{"line":836,"column":18}},"loc":{"start":{"line":836,"column":27},"end":{"line":840,"column":3}},"line":836}},"branchMap":{"0":{"loc":{"start":{"line":181,"column":9},"end":{"line":181,"column":76}},"type":"binary-expr","locations":[{"start":{"line":181,"column":9},"end":{"line":181,"column":39}},{"start":{"line":181,"column":43},"end":{"line":181,"column":76}}],"line":181},"1":{"loc":{"start":{"line":197,"column":2},"end":{"line":199,"column":3}},"type":"if","locations":[{"start":{"line":197,"column":2},"end":{"line":199,"column":3}},{"start":{},"end":{}}],"line":197},"2":{"loc":{"start":{"line":204,"column":2},"end":{"line":206,"column":3}},"type":"if","locations":[{"start":{"line":204,"column":2},"end":{"line":206,"column":3}},{"start":{},"end":{}}],"line":204},"3":{"loc":{"start":{"line":214,"column":58},"end":{"line":214,"column":74}},"type":"default-arg","locations":[{"start":{"line":214,"column":66},"end":{"line":214,"column":74}}],"line":214},"4":{"loc":{"start":{"line":215,"column":31},"end":{"line":215,"column":115}},"type":"cond-expr","locations":[{"start":{"line":215,"column":80},"end":{"line":215,"column":98}},{"start":{"line":215,"column":113},"end":{"line":215,"column":115}}],"line":215},"5":{"loc":{"start":{"line":216,"column":31},"end":{"line":216,"column":115}},"type":"cond-expr","locations":[{"start":{"line":216,"column":80},"end":{"line":216,"column":110}},{"start":{"line":216,"column":113},"end":{"line":216,"column":115}}],"line":216},"6":{"loc":{"start":{"line":217,"column":31},"end":{"line":217,"column":115}},"type":"cond-expr","locations":[{"start":{"line":217,"column":80},"end":{"line":217,"column":101}},{"start":{"line":217,"column":113},"end":{"line":217,"column":115}}],"line":217},"7":{"loc":{"start":{"line":220,"column":51},"end":{"line":220,"column":75}},"type":"binary-expr","locations":[{"start":{"line":220,"column":51},"end":{"line":220,"column":70}},{"start":{"line":220,"column":74},"end":{"line":220,"column":75}}],"line":220},"8":{"loc":{"start":{"line":229,"column":20},"end":{"line":229,"column":33}},"type":"binary-expr","locations":[{"start":{"line":229,"column":20},"end":{"line":229,"column":25}},{"start":{"line":229,"column":29},"end":{"line":229,"column":33}}],"line":229},"9":{"loc":{"start":{"line":231,"column":20},"end":{"line":231,"column":51}},"type":"cond-expr","locations":[{"start":{"line":231,"column":31},"end":{"line":231,"column":42}},{"start":{"line":231,"column":45},"end":{"line":231,"column":51}}],"line":231},"10":{"loc":{"start":{"line":232,"column":20},"end":{"line":232,"column":44}},"type":"binary-expr","locations":[{"start":{"line":232,"column":20},"end":{"line":232,"column":36}},{"start":{"line":232,"column":40},"end":{"line":232,"column":44}}],"line":232},"11":{"loc":{"start":{"line":256,"column":19},"end":{"line":256,"column":42}},"type":"binary-expr","locations":[{"start":{"line":256,"column":19},"end":{"line":256,"column":36}},{"start":{"line":256,"column":40},"end":{"line":256,"column":42}}],"line":256},"12":{"loc":{"start":{"line":261,"column":4},"end":{"line":273,"column":5}},"type":"if","locations":[{"start":{"line":261,"column":4},"end":{"line":273,"column":5}},{"start":{},"end":{}}],"line":261},"13":{"loc":{"start":{"line":265,"column":13},"end":{"line":265,"column":32}},"type":"binary-expr","locations":[{"start":{"line":265,"column":13},"end":{"line":265,"column":19}},{"start":{"line":265,"column":23},"end":{"line":265,"column":32}}],"line":265},"14":{"loc":{"start":{"line":269,"column":39},"end":{"line":269,"column":75}},"type":"binary-expr","locations":[{"start":{"line":269,"column":39},"end":{"line":269,"column":62}},{"start":{"line":269,"column":66},"end":{"line":269,"column":75}}],"line":269},"15":{"loc":{"start":{"line":270,"column":12},"end":{"line":270,"column":95}},"type":"binary-expr","locations":[{"start":{"line":270,"column":12},"end":{"line":270,"column":15}},{"start":{"line":270,"column":19},"end":{"line":270,"column":95}}],"line":270},"16":{"loc":{"start":{"line":271,"column":59},"end":{"line":271,"column":94}},"type":"cond-expr","locations":[{"start":{"line":271,"column":65},"end":{"line":271,"column":88}},{"start":{"line":271,"column":91},"end":{"line":271,"column":94}}],"line":271},"17":{"loc":{"start":{"line":277,"column":17},"end":{"line":277,"column":53}},"type":"binary-expr","locations":[{"start":{"line":277,"column":17},"end":{"line":277,"column":40}},{"start":{"line":277,"column":44},"end":{"line":277,"column":53}}],"line":277},"18":{"loc":{"start":{"line":278,"column":25},"end":{"line":278,"column":44}},"type":"binary-expr","locations":[{"start":{"line":278,"column":25},"end":{"line":278,"column":34}},{"start":{"line":278,"column":38},"end":{"line":278,"column":44}}],"line":278},"19":{"loc":{"start":{"line":281,"column":36},"end":{"line":281,"column":48}},"type":"binary-expr","locations":[{"start":{"line":281,"column":36},"end":{"line":281,"column":42}},{"start":{"line":281,"column":46},"end":{"line":281,"column":48}}],"line":281},"20":{"loc":{"start":{"line":282,"column":31},"end":{"line":282,"column":70}},"type":"cond-expr","locations":[{"start":{"line":282,"column":60},"end":{"line":282,"column":66}},{"start":{"line":282,"column":69},"end":{"line":282,"column":70}}],"line":282},"21":{"loc":{"start":{"line":321,"column":2},"end":{"line":323,"column":3}},"type":"if","locations":[{"start":{"line":321,"column":2},"end":{"line":323,"column":3}},{"start":{},"end":{}}],"line":321},"22":{"loc":{"start":{"line":321,"column":6},"end":{"line":321,"column":56}},"type":"binary-expr","locations":[{"start":{"line":321,"column":6},"end":{"line":321,"column":35}},{"start":{"line":321,"column":39},"end":{"line":321,"column":56}}],"line":321},"23":{"loc":{"start":{"line":326,"column":2},"end":{"line":328,"column":3}},"type":"if","locations":[{"start":{"line":326,"column":2},"end":{"line":328,"column":3}},{"start":{},"end":{}}],"line":326},"24":{"loc":{"start":{"line":326,"column":6},"end":{"line":326,"column":76}},"type":"binary-expr","locations":[{"start":{"line":326,"column":6},"end":{"line":326,"column":29}},{"start":{"line":326,"column":33},"end":{"line":326,"column":76}}],"line":326},"25":{"loc":{"start":{"line":336,"column":4},"end":{"line":336,"column":44}},"type":"if","locations":[{"start":{"line":336,"column":4},"end":{"line":336,"column":44}},{"start":{},"end":{}}],"line":336},"26":{"loc":{"start":{"line":338,"column":4},"end":{"line":339,"column":40}},"type":"if","locations":[{"start":{"line":338,"column":4},"end":{"line":339,"column":40}},{"start":{"line":339,"column":9},"end":{"line":339,"column":40}}],"line":338},"27":{"loc":{"start":{"line":339,"column":9},"end":{"line":339,"column":40}},"type":"if","locations":[{"start":{"line":339,"column":9},"end":{"line":339,"column":40}},{"start":{},"end":{}}],"line":339},"28":{"loc":{"start":{"line":358,"column":2},"end":{"line":358,"column":79}},"type":"if","locations":[{"start":{"line":358,"column":2},"end":{"line":358,"column":79}},{"start":{},"end":{}}],"line":358},"29":{"loc":{"start":{"line":360,"column":2},"end":{"line":360,"column":80}},"type":"if","locations":[{"start":{"line":360,"column":2},"end":{"line":360,"column":80}},{"start":{},"end":{}}],"line":360},"30":{"loc":{"start":{"line":361,"column":2},"end":{"line":361,"column":103}},"type":"if","locations":[{"start":{"line":361,"column":2},"end":{"line":361,"column":103}},{"start":{},"end":{}}],"line":361},"31":{"loc":{"start":{"line":363,"column":2},"end":{"line":363,"column":78}},"type":"if","locations":[{"start":{"line":363,"column":2},"end":{"line":363,"column":78}},{"start":{},"end":{}}],"line":363},"32":{"loc":{"start":{"line":369,"column":2},"end":{"line":369,"column":87}},"type":"if","locations":[{"start":{"line":369,"column":2},"end":{"line":369,"column":87}},{"start":{},"end":{}}],"line":369},"33":{"loc":{"start":{"line":369,"column":6},"end":{"line":369,"column":45}},"type":"binary-expr","locations":[{"start":{"line":369,"column":6},"end":{"line":369,"column":14}},{"start":{"line":369,"column":18},"end":{"line":369,"column":45}}],"line":369},"34":{"loc":{"start":{"line":373,"column":4},"end":{"line":373,"column":50}},"type":"if","locations":[{"start":{"line":373,"column":4},"end":{"line":373,"column":50}},{"start":{},"end":{}}],"line":373},"35":{"loc":{"start":{"line":375,"column":4},"end":{"line":375,"column":40}},"type":"if","locations":[{"start":{"line":375,"column":4},"end":{"line":375,"column":40}},{"start":{},"end":{}}],"line":375},"36":{"loc":{"start":{"line":382,"column":2},"end":{"line":382,"column":87}},"type":"if","locations":[{"start":{"line":382,"column":2},"end":{"line":382,"column":87}},{"start":{},"end":{}}],"line":382},"37":{"loc":{"start":{"line":382,"column":6},"end":{"line":382,"column":45}},"type":"binary-expr","locations":[{"start":{"line":382,"column":6},"end":{"line":382,"column":14}},{"start":{"line":382,"column":18},"end":{"line":382,"column":45}}],"line":382},"38":{"loc":{"start":{"line":385,"column":21},"end":{"line":385,"column":66}},"type":"cond-expr","locations":[{"start":{"line":385,"column":35},"end":{"line":385,"column":59}},{"start":{"line":385,"column":62},"end":{"line":385,"column":66}}],"line":385},"39":{"loc":{"start":{"line":388,"column":4},"end":{"line":388,"column":52}},"type":"if","locations":[{"start":{"line":388,"column":4},"end":{"line":388,"column":52}},{"start":{},"end":{}}],"line":388},"40":{"loc":{"start":{"line":390,"column":4},"end":{"line":390,"column":54}},"type":"if","locations":[{"start":{"line":390,"column":4},"end":{"line":390,"column":54}},{"start":{},"end":{}}],"line":390},"41":{"loc":{"start":{"line":390,"column":8},"end":{"line":390,"column":43}},"type":"binary-expr","locations":[{"start":{"line":390,"column":8},"end":{"line":390,"column":18}},{"start":{"line":390,"column":22},"end":{"line":390,"column":43}}],"line":390},"42":{"loc":{"start":{"line":392,"column":4},"end":{"line":392,"column":45}},"type":"if","locations":[{"start":{"line":392,"column":4},"end":{"line":392,"column":45}},{"start":{},"end":{}}],"line":392},"43":{"loc":{"start":{"line":394,"column":4},"end":{"line":394,"column":40}},"type":"if","locations":[{"start":{"line":394,"column":4},"end":{"line":394,"column":40}},{"start":{},"end":{}}],"line":394},"44":{"loc":{"start":{"line":396,"column":20},"end":{"line":396,"column":75}},"type":"binary-expr","locations":[{"start":{"line":396,"column":20},"end":{"line":396,"column":36}},{"start":{"line":396,"column":40},"end":{"line":396,"column":75}}],"line":396},"45":{"loc":{"start":{"line":398,"column":6},"end":{"line":398,"column":110}},"type":"if","locations":[{"start":{"line":398,"column":6},"end":{"line":398,"column":110}},{"start":{},"end":{}}],"line":398},"46":{"loc":{"start":{"line":406,"column":2},"end":{"line":406,"column":80}},"type":"if","locations":[{"start":{"line":406,"column":2},"end":{"line":406,"column":80}},{"start":{},"end":{}}],"line":406},"47":{"loc":{"start":{"line":418,"column":50},"end":{"line":418,"column":78}},"type":"default-arg","locations":[{"start":{"line":418,"column":76},"end":{"line":418,"column":78}}],"line":418},"48":{"loc":{"start":{"line":418,"column":52},"end":{"line":418,"column":71}},"type":"default-arg","locations":[{"start":{"line":418,"column":66},"end":{"line":418,"column":71}}],"line":418},"49":{"loc":{"start":{"line":419,"column":2},"end":{"line":428,"column":3}},"type":"switch","locations":[{"start":{"line":420,"column":4},"end":{"line":420,"column":67}},{"start":{"line":421,"column":4},"end":{"line":421,"column":68}},{"start":{"line":422,"column":4},"end":{"line":422,"column":72}},{"start":{"line":423,"column":4},"end":{"line":425,"column":46}},{"start":{"line":426,"column":4},"end":{"line":427,"column":48}}],"line":419},"50":{"loc":{"start":{"line":424,"column":6},"end":{"line":424,"column":127}},"type":"if","locations":[{"start":{"line":424,"column":6},"end":{"line":424,"column":127}},{"start":{},"end":{}}],"line":424},"51":{"loc":{"start":{"line":492,"column":2},"end":{"line":492,"column":42}},"type":"if","locations":[{"start":{"line":492,"column":2},"end":{"line":492,"column":42}},{"start":{},"end":{}}],"line":492},"52":{"loc":{"start":{"line":492,"column":6},"end":{"line":492,"column":22}},"type":"binary-expr","locations":[{"start":{"line":492,"column":6},"end":{"line":492,"column":13}},{"start":{"line":492,"column":17},"end":{"line":492,"column":22}}],"line":492},"53":{"loc":{"start":{"line":492,"column":31},"end":{"line":492,"column":41}},"type":"binary-expr","locations":[{"start":{"line":492,"column":31},"end":{"line":492,"column":35}},{"start":{"line":492,"column":39},"end":{"line":492,"column":41}}],"line":492},"54":{"loc":{"start":{"line":497,"column":2},"end":{"line":497,"column":23}},"type":"if","locations":[{"start":{"line":497,"column":2},"end":{"line":497,"column":23}},{"start":{},"end":{}}],"line":497},"55":{"loc":{"start":{"line":498,"column":33},"end":{"line":498,"column":44}},"type":"binary-expr","locations":[{"start":{"line":498,"column":33},"end":{"line":498,"column":38}},{"start":{"line":498,"column":42},"end":{"line":498,"column":44}}],"line":498},"56":{"loc":{"start":{"line":505,"column":18},"end":{"line":505,"column":44}},"type":"binary-expr","locations":[{"start":{"line":505,"column":18},"end":{"line":505,"column":23}},{"start":{"line":505,"column":27},"end":{"line":505,"column":44}}],"line":505},"57":{"loc":{"start":{"line":528,"column":4},"end":{"line":531,"column":5}},"type":"if","locations":[{"start":{"line":528,"column":4},"end":{"line":531,"column":5}},{"start":{},"end":{}}],"line":528},"58":{"loc":{"start":{"line":539,"column":6},"end":{"line":539,"column":66}},"type":"if","locations":[{"start":{"line":539,"column":6},"end":{"line":539,"column":66}},{"start":{},"end":{}}],"line":539},"59":{"loc":{"start":{"line":539,"column":10},"end":{"line":539,"column":45}},"type":"binary-expr","locations":[{"start":{"line":539,"column":10},"end":{"line":539,"column":31}},{"start":{"line":539,"column":35},"end":{"line":539,"column":45}}],"line":539},"60":{"loc":{"start":{"line":542,"column":4},"end":{"line":542,"column":42}},"type":"if","locations":[{"start":{"line":542,"column":4},"end":{"line":542,"column":42}},{"start":{},"end":{}}],"line":542},"61":{"loc":{"start":{"line":546,"column":6},"end":{"line":546,"column":46}},"type":"if","locations":[{"start":{"line":546,"column":6},"end":{"line":546,"column":46}},{"start":{},"end":{}}],"line":546},"62":{"loc":{"start":{"line":548,"column":49},"end":{"line":548,"column":66}},"type":"binary-expr","locations":[{"start":{"line":548,"column":49},"end":{"line":548,"column":60}},{"start":{"line":548,"column":64},"end":{"line":548,"column":66}}],"line":548},"63":{"loc":{"start":{"line":560,"column":2},"end":{"line":572,"column":3}},"type":"if","locations":[{"start":{"line":560,"column":2},"end":{"line":572,"column":3}},{"start":{},"end":{}}],"line":560},"64":{"loc":{"start":{"line":566,"column":4},"end":{"line":571,"column":5}},"type":"if","locations":[{"start":{"line":566,"column":4},"end":{"line":571,"column":5}},{"start":{},"end":{}}],"line":566},"65":{"loc":{"start":{"line":566,"column":8},"end":{"line":566,"column":52}},"type":"binary-expr","locations":[{"start":{"line":566,"column":8},"end":{"line":566,"column":36}},{"start":{"line":566,"column":40},"end":{"line":566,"column":52}}],"line":566},"66":{"loc":{"start":{"line":574,"column":19},"end":{"line":574,"column":36}},"type":"binary-expr","locations":[{"start":{"line":574,"column":19},"end":{"line":574,"column":24}},{"start":{"line":574,"column":28},"end":{"line":574,"column":36}}],"line":574},"67":{"loc":{"start":{"line":575,"column":20},"end":{"line":575,"column":58}},"type":"binary-expr","locations":[{"start":{"line":575,"column":20},"end":{"line":575,"column":27}},{"start":{"line":575,"column":31},"end":{"line":575,"column":58}}],"line":575},"68":{"loc":{"start":{"line":594,"column":4},"end":{"line":597,"column":5}},"type":"if","locations":[{"start":{"line":594,"column":4},"end":{"line":597,"column":5}},{"start":{},"end":{}}],"line":594},"69":{"loc":{"start":{"line":601,"column":4},"end":{"line":601,"column":63}},"type":"if","locations":[{"start":{"line":601,"column":4},"end":{"line":601,"column":63}},{"start":{},"end":{}}],"line":601},"70":{"loc":{"start":{"line":606,"column":4},"end":{"line":606,"column":49}},"type":"if","locations":[{"start":{"line":606,"column":4},"end":{"line":606,"column":49}},{"start":{},"end":{}}],"line":606},"71":{"loc":{"start":{"line":607,"column":4},"end":{"line":607,"column":40}},"type":"if","locations":[{"start":{"line":607,"column":4},"end":{"line":607,"column":40}},{"start":{},"end":{}}],"line":607},"72":{"loc":{"start":{"line":609,"column":4},"end":{"line":617,"column":5}},"type":"if","locations":[{"start":{"line":609,"column":4},"end":{"line":617,"column":5}},{"start":{},"end":{}}],"line":609},"73":{"loc":{"start":{"line":609,"column":8},"end":{"line":609,"column":68}},"type":"binary-expr","locations":[{"start":{"line":609,"column":8},"end":{"line":609,"column":38}},{"start":{"line":609,"column":42},"end":{"line":609,"column":68}}],"line":609},"74":{"loc":{"start":{"line":612,"column":33},"end":{"line":612,"column":62}},"type":"binary-expr","locations":[{"start":{"line":612,"column":33},"end":{"line":612,"column":54}},{"start":{"line":612,"column":58},"end":{"line":612,"column":62}}],"line":612},"75":{"loc":{"start":{"line":624,"column":18},"end":{"line":624,"column":45}},"type":"binary-expr","locations":[{"start":{"line":624,"column":18},"end":{"line":624,"column":23}},{"start":{"line":624,"column":27},"end":{"line":624,"column":45}}],"line":624},"76":{"loc":{"start":{"line":641,"column":4},"end":{"line":644,"column":5}},"type":"if","locations":[{"start":{"line":641,"column":4},"end":{"line":644,"column":5}},{"start":{},"end":{}}],"line":641},"77":{"loc":{"start":{"line":648,"column":4},"end":{"line":648,"column":66}},"type":"if","locations":[{"start":{"line":648,"column":4},"end":{"line":648,"column":66}},{"start":{},"end":{}}],"line":648},"78":{"loc":{"start":{"line":650,"column":25},"end":{"line":650,"column":55}},"type":"binary-expr","locations":[{"start":{"line":650,"column":25},"end":{"line":650,"column":49}},{"start":{"line":650,"column":53},"end":{"line":650,"column":55}}],"line":650},"79":{"loc":{"start":{"line":658,"column":4},"end":{"line":658,"column":69}},"type":"if","locations":[{"start":{"line":658,"column":4},"end":{"line":658,"column":69}},{"start":{},"end":{}}],"line":658},"80":{"loc":{"start":{"line":658,"column":8},"end":{"line":658,"column":61}},"type":"binary-expr","locations":[{"start":{"line":658,"column":8},"end":{"line":658,"column":31}},{"start":{"line":658,"column":35},"end":{"line":658,"column":61}}],"line":658},"81":{"loc":{"start":{"line":664,"column":43},"end":{"line":664,"column":53}},"type":"binary-expr","locations":[{"start":{"line":664,"column":43},"end":{"line":664,"column":47}},{"start":{"line":664,"column":51},"end":{"line":664,"column":53}}],"line":664},"82":{"loc":{"start":{"line":681,"column":4},"end":{"line":681,"column":40}},"type":"if","locations":[{"start":{"line":681,"column":4},"end":{"line":681,"column":40}},{"start":{},"end":{}}],"line":681},"83":{"loc":{"start":{"line":684,"column":6},"end":{"line":684,"column":37}},"type":"if","locations":[{"start":{"line":684,"column":6},"end":{"line":684,"column":37}},{"start":{},"end":{}}],"line":684},"84":{"loc":{"start":{"line":686,"column":6},"end":{"line":686,"column":42}},"type":"if","locations":[{"start":{"line":686,"column":6},"end":{"line":686,"column":42}},{"start":{},"end":{}}],"line":686},"85":{"loc":{"start":{"line":710,"column":16},"end":{"line":710,"column":64}},"type":"binary-expr","locations":[{"start":{"line":710,"column":16},"end":{"line":710,"column":28}},{"start":{"line":710,"column":33},"end":{"line":710,"column":63}}],"line":710},"86":{"loc":{"start":{"line":714,"column":2},"end":{"line":718,"column":3}},"type":"if","locations":[{"start":{"line":714,"column":2},"end":{"line":718,"column":3}},{"start":{},"end":{}}],"line":714},"87":{"loc":{"start":{"line":720,"column":23},"end":{"line":720,"column":80}},"type":"cond-expr","locations":[{"start":{"line":720,"column":50},"end":{"line":720,"column":69}},{"start":{"line":720,"column":72},"end":{"line":720,"column":80}}],"line":720},"88":{"loc":{"start":{"line":754,"column":4},"end":{"line":754,"column":25}},"type":"default-arg","locations":[{"start":{"line":754,"column":19},"end":{"line":754,"column":25}}],"line":754},"89":{"loc":{"start":{"line":755,"column":4},"end":{"line":755,"column":27}},"type":"default-arg","locations":[{"start":{"line":755,"column":19},"end":{"line":755,"column":27}}],"line":755},"90":{"loc":{"start":{"line":756,"column":4},"end":{"line":756,"column":23}},"type":"default-arg","locations":[{"start":{"line":756,"column":19},"end":{"line":756,"column":23}}],"line":756},"91":{"loc":{"start":{"line":757,"column":4},"end":{"line":757,"column":24}},"type":"default-arg","locations":[{"start":{"line":757,"column":19},"end":{"line":757,"column":24}}],"line":757},"92":{"loc":{"start":{"line":762,"column":2},"end":{"line":762,"column":103}},"type":"if","locations":[{"start":{"line":762,"column":2},"end":{"line":762,"column":103}},{"start":{},"end":{}}],"line":762},"93":{"loc":{"start":{"line":763,"column":2},"end":{"line":763,"column":117}},"type":"if","locations":[{"start":{"line":763,"column":2},"end":{"line":763,"column":117}},{"start":{},"end":{}}],"line":763},"94":{"loc":{"start":{"line":770,"column":22},"end":{"line":770,"column":60}},"type":"binary-expr","locations":[{"start":{"line":770,"column":22},"end":{"line":770,"column":38}},{"start":{"line":770,"column":42},"end":{"line":770,"column":60}}],"line":770},"95":{"loc":{"start":{"line":771,"column":22},"end":{"line":771,"column":107}},"type":"cond-expr","locations":[{"start":{"line":771,"column":49},"end":{"line":771,"column":62}},{"start":{"line":771,"column":66},"end":{"line":771,"column":106}}],"line":771},"96":{"loc":{"start":{"line":771,"column":66},"end":{"line":771,"column":106}},"type":"binary-expr","locations":[{"start":{"line":771,"column":66},"end":{"line":771,"column":84}},{"start":{"line":771,"column":88},"end":{"line":771,"column":106}}],"line":771},"97":{"loc":{"start":{"line":775,"column":26},"end":{"line":775,"column":94}},"type":"binary-expr","locations":[{"start":{"line":775,"column":26},"end":{"line":775,"column":44}},{"start":{"line":775,"column":48},"end":{"line":775,"column":71}},{"start":{"line":775,"column":75},"end":{"line":775,"column":94}}],"line":775},"98":{"loc":{"start":{"line":784,"column":2},"end":{"line":820,"column":3}},"type":"if","locations":[{"start":{"line":784,"column":2},"end":{"line":820,"column":3}},{"start":{"line":797,"column":9},"end":{"line":820,"column":3}}],"line":784},"99":{"loc":{"start":{"line":797,"column":9},"end":{"line":820,"column":3}},"type":"if","locations":[{"start":{"line":797,"column":9},"end":{"line":820,"column":3}},{"start":{"line":807,"column":9},"end":{"line":820,"column":3}}],"line":797},"100":{"loc":{"start":{"line":816,"column":6},"end":{"line":818,"column":101}},"type":"cond-expr","locations":[{"start":{"line":817,"column":10},"end":{"line":817,"column":73}},{"start":{"line":818,"column":10},"end":{"line":818,"column":101}}],"line":816},"101":{"loc":{"start":{"line":822,"column":2},"end":{"line":822,"column":64}},"type":"if","locations":[{"start":{"line":822,"column":2},"end":{"line":822,"column":64}},{"start":{},"end":{}}],"line":822},"102":{"loc":{"start":{"line":826,"column":15},"end":{"line":828,"column":94}},"type":"cond-expr","locations":[{"start":{"line":827,"column":6},"end":{"line":827,"column":51}},{"start":{"line":828,"column":6},"end":{"line":828,"column":94}}],"line":826},"103":{"loc":{"start":{"line":828,"column":6},"end":{"line":828,"column":94}},"type":"cond-expr","locations":[{"start":{"line":828,"column":17},"end":{"line":828,"column":37}},{"start":{"line":828,"column":40},"end":{"line":828,"column":94}}],"line":828},"104":{"loc":{"start":{"line":828,"column":40},"end":{"line":828,"column":94}},"type":"cond-expr","locations":[{"start":{"line":828,"column":54},"end":{"line":828,"column":76}},{"start":{"line":828,"column":79},"end":{"line":828,"column":94}}],"line":828},"105":{"loc":{"start":{"line":829,"column":73},"end":{"line":829,"column":93}},"type":"binary-expr","locations":[{"start":{"line":829,"column":73},"end":{"line":829,"column":78}},{"start":{"line":829,"column":82},"end":{"line":829,"column":93}}],"line":829},"106":{"loc":{"start":{"line":837,"column":4},"end":{"line":837,"column":38}},"type":"if","locations":[{"start":{"line":837,"column":4},"end":{"line":837,"column":38}},{"start":{},"end":{}}],"line":837},"107":{"loc":{"start":{"line":838,"column":4},"end":{"line":839,"column":53}},"type":"if","locations":[{"start":{"line":838,"column":4},"end":{"line":839,"column":53}},{"start":{"line":839,"column":9},"end":{"line":839,"column":53}}],"line":838},"108":{"loc":{"start":{"line":839,"column":9},"end":{"line":839,"column":53}},"type":"if","locations":[{"start":{"line":839,"column":9},"end":{"line":839,"column":53}},{"start":{},"end":{}}],"line":839},"109":{"loc":{"start":{"line":844,"column":2},"end":{"line":852,"column":3}},"type":"switch","locations":[{"start":{"line":845,"column":4},"end":{"line":845,"column":58}},{"start":{"line":846,"column":4},"end":{"line":846,"column":58}},{"start":{"line":847,"column":4},"end":{"line":847,"column":58}},{"start":{"line":848,"column":4},"end":{"line":851,"column":64}}],"line":844},"110":{"loc":{"start":{"line":850,"column":6},"end":{"line":851,"column":64}},"type":"if","locations":[{"start":{"line":850,"column":6},"end":{"line":851,"column":64}},{"start":{"line":851,"column":19},"end":{"line":851,"column":64}}],"line":850},"111":{"loc":{"start":{"line":854,"column":2},"end":{"line":856,"column":3}},"type":"if","locations":[{"start":{"line":854,"column":2},"end":{"line":856,"column":3}},{"start":{},"end":{}}],"line":854}},"s":{"0":4,"1":4,"2":4,"3":65,"4":65,"5":65,"6":585,"7":585,"8":65,"9":65,"10":65,"11":551,"12":65,"13":4,"14":44,"15":4,"16":40,"17":40,"18":40,"19":36,"20":40,"21":35,"22":35,"23":7,"24":7,"25":7,"26":3,"27":7,"28":3,"29":3,"30":5,"31":46,"32":46,"33":46,"34":46,"35":46,"36":32,"37":46,"38":12,"39":46,"40":4,"41":4,"42":23,"43":23,"44":23,"45":23,"46":67,"47":66,"48":66,"49":66,"50":67,"51":23,"52":4,"53":4,"54":4,"55":4,"56":25,"57":3,"58":22,"59":22,"60":22,"61":5,"62":17,"63":42,"64":42,"65":0,"66":42,"67":85,"68":1,"69":84,"70":84,"71":27,"72":57,"73":57,"74":8,"75":8,"76":12,"77":12,"78":12,"79":2,"80":10,"81":1,"82":9,"83":9,"84":1,"85":8,"86":1,"87":7,"88":7,"89":1,"90":6,"91":10,"92":10,"93":3,"94":7,"95":7,"96":7,"97":24,"98":0,"99":24,"100":24,"101":10,"102":7,"103":10,"104":10,"105":1,"106":9,"107":9,"108":1,"109":8,"110":8,"111":8,"112":33,"113":0,"114":33,"115":33,"116":1,"117":32,"118":32,"119":1,"120":31,"121":31,"122":1,"123":30,"124":30,"125":30,"126":30,"127":30,"128":8,"129":8,"130":7,"131":7,"132":1,"133":6,"134":6,"135":1,"136":5,"137":5,"138":5,"139":4,"140":1,"141":15,"142":5,"143":5,"144":2,"145":2,"146":1,"147":1,"148":1,"149":4,"150":4,"151":16,"152":4,"153":16,"154":4,"155":16,"156":4,"157":4,"158":4,"159":0,"160":4,"161":9,"162":5,"163":4,"164":4,"165":44,"166":44,"167":44,"168":44,"169":44,"170":44,"171":48,"172":48,"173":2,"174":0,"175":2,"176":46,"177":46,"178":46,"179":46,"180":45,"181":41,"182":44,"183":40,"184":4,"185":4,"186":5,"187":1,"188":4,"189":4,"190":4,"191":4,"192":8,"193":1,"194":1,"195":0,"196":1,"197":1,"198":0,"199":8,"200":8,"201":8,"202":8,"203":8,"204":8,"205":8,"206":12,"207":12,"208":1,"209":0,"210":1,"211":11,"212":11,"213":11,"214":1,"215":10,"216":10,"217":10,"218":7,"219":10,"220":6,"221":4,"222":3,"223":3,"224":3,"225":3,"226":3,"227":3,"228":3,"229":5,"230":5,"231":5,"232":5,"233":5,"234":5,"235":7,"236":7,"237":1,"238":0,"239":1,"240":6,"241":6,"242":6,"243":1,"244":5,"245":5,"246":5,"247":5,"248":5,"249":5,"250":5,"251":3,"252":5,"253":3,"254":2,"255":2,"256":2,"257":2,"258":2,"259":2,"260":2,"261":4,"262":4,"263":4,"264":4,"265":4,"266":4,"267":0,"268":4,"269":4,"270":4,"271":0,"272":4,"273":4,"274":0,"275":4,"276":4,"277":4,"278":4,"279":4,"280":32,"281":0,"282":32,"283":32,"284":32,"285":1,"286":1,"287":1,"288":31,"289":31,"290":63,"291":63,"292":1,"293":62,"294":1,"295":61,"296":61,"297":61,"298":61,"299":61,"300":61,"301":61,"302":4,"303":57,"304":44,"305":13,"306":61,"307":35,"308":61,"309":61,"310":61,"311":61,"312":61,"313":55,"314":32,"315":55,"316":51,"317":4,"318":1,"319":61,"320":61,"321":44,"322":40,"323":7,"324":5,"325":5,"326":3,"327":5,"328":1,"329":4,"330":53,"331":32,"332":53,"333":4},"f":{"0":65,"1":65,"2":44,"3":40,"4":46,"5":12,"6":23,"7":67,"8":25,"9":42,"10":8,"11":12,"12":10,"13":10,"14":7,"15":15,"16":16,"17":16,"18":16,"19":4,"20":9,"21":44,"22":0,"23":8,"24":0,"25":5,"26":0,"27":5,"28":5,"29":4,"30":32,"31":0,"32":63,"33":55},"b":{"0":[44,1],"1":[35,5],"2":[3,4],"3":[6],"4":[44,2],"5":[44,2],"6":[44,2],"7":[32,32],"8":[46,44],"9":[22,24],"10":[46,2],"11":[23,0],"12":[66,1],"13":[66,1],"14":[66,1],"15":[66,48],"16":[48,18],"17":[67,1],"18":[67,6],"19":[67,0],"20":[66,1],"21":[3,22],"22":[25,23],"23":[5,17],"24":[22,21],"25":[1,84],"26":[27,57],"27":[57,0],"28":[1,9],"29":[1,8],"30":[1,7],"31":[1,6],"32":[3,7],"33":[10,7],"34":[0,24],"35":[10,14],"36":[1,9],"37":[10,9],"38":[1,7],"39":[0,33],"40":[1,32],"41":[33,4],"42":[1,31],"43":[1,30],"44":[60,30],"45":[8,22],"46":[1,6],"47":[4],"48":[4],"49":[5,5,2,2,1],"50":[1,1],"51":[0,4],"52":[4,4],"53":[0,0],"54":[5,4],"55":[4,1],"56":[44,44],"57":[2,46],"58":[41,4],"59":[45,41],"60":[40,4],"61":[1,4],"62":[4,1],"63":[1,7],"64":[0,1],"65":[1,0],"66":[8,8],"67":[8,7],"68":[1,11],"69":[1,10],"70":[7,3],"71":[6,4],"72":[3,1],"73":[4,4],"74":[3,0],"75":[5,5],"76":[1,6],"77":[1,5],"78":[5,0],"79":[3,2],"80":[5,2],"81":[2,0],"82":[0,4],"83":[0,4],"84":[0,4],"85":[32,0],"86":[1,31],"87":[1,30],"88":[2],"89":[31],"90":[39],"91":[59],"92":[1,62],"93":[1,61],"94":[61,59],"95":[36,25],"96":[25,19],"97":[61,9,5],"98":[4,57],"99":[44,13],"100":[7,6],"101":[35,26],"102":[4,57],"103":[44,13],"104":[7,6],"105":[61,61],"106":[32,23],"107":[51,4],"108":[1,3],"109":[44,7,5,5],"110":[1,4],"111":[32,21]},"_coverageSchema":"1a1c01bbd47fc00a2c39e90264f33305004495a9","hash":"8e9f0cf3cdb26bd7ebe9cf24f1d5a13eca0e9131"}
,"/Users/kumakun/github/tdd-audit/lib/badge.js": {"path":"/Users/kumakun/github/tdd-audit/lib/badge.js","statementMap":{"0":{"start":{"line":3,"column":13},"end":{"line":3,"column":26}},"1":{"start":{"line":4,"column":13},"end":{"line":4,"column":28}},"2":{"start":{"line":7,"column":21},"end":{"line":7,"column":38}},"3":{"start":{"line":9,"column":16},"end":{"line":9,"column":62}},"4":{"start":{"line":19,"column":2},"end":{"line":19,"column":42}},"5":{"start":{"line":19,"column":27},"end":{"line":19,"column":42}},"6":{"start":{"line":20,"column":2},"end":{"line":26,"column":3}},"7":{"start":{"line":21,"column":19},"end":{"line":21,"column":38}},"8":{"start":{"line":22,"column":4},"end":{"line":22,"column":84}},"9":{"start":{"line":22,"column":69},"end":{"line":22,"column":84}},"10":{"start":{"line":23,"column":4},"end":{"line":23,"column":22}},"11":{"start":{"line":25,"column":4},"end":{"line":25,"column":19}},"12":{"start":{"line":53,"column":19},"end":{"line":53,"column":88}},"13":{"start":{"line":53,"column":48},"end":{"line":53,"column":87}},"14":{"start":{"line":54,"column":20},"end":{"line":54,"column":70}},"15":{"start":{"line":54,"column":37},"end":{"line":54,"column":62}},"16":{"start":{"line":55,"column":20},"end":{"line":55,"column":66}},"17":{"start":{"line":55,"column":37},"end":{"line":55,"column":58}},"18":{"start":{"line":58,"column":2},"end":{"line":67,"column":3}},"19":{"start":{"line":59,"column":4},"end":{"line":59,"column":40}},"20":{"start":{"line":60,"column":4},"end":{"line":60,"column":20}},"21":{"start":{"line":61,"column":9},"end":{"line":67,"column":3}},"22":{"start":{"line":62,"column":4},"end":{"line":62,"column":32}},"23":{"start":{"line":63,"column":4},"end":{"line":63,"column":23}},"24":{"start":{"line":65,"column":4},"end":{"line":65,"column":24}},"25":{"start":{"line":66,"column":4},"end":{"line":66,"column":28}},"26":{"start":{"line":69,"column":20},"end":{"line":69,"column":72}},"27":{"start":{"line":71,"column":21},"end":{"line":71,"column":53}},"28":{"start":{"line":73,"column":23},"end":{"line":73,"column":74}},"29":{"start":{"line":74,"column":20},"end":{"line":74,"column":86}},"30":{"start":{"line":75,"column":20},"end":{"line":75,"column":40}},"31":{"start":{"line":78,"column":2},"end":{"line":78,"column":84}},"32":{"start":{"line":96,"column":21},"end":{"line":96,"column":70}},"33":{"start":{"line":97,"column":19},"end":{"line":97,"column":23}},"34":{"start":{"line":98,"column":2},"end":{"line":101,"column":3}},"35":{"start":{"line":99,"column":14},"end":{"line":99,"column":41}},"36":{"start":{"line":100,"column":4},"end":{"line":100,"column":52}},"37":{"start":{"line":100,"column":28},"end":{"line":100,"column":43}},"38":{"start":{"line":100,"column":44},"end":{"line":100,"column":50}},"39":{"start":{"line":102,"column":2},"end":{"line":102,"column":26}},"40":{"start":{"line":102,"column":19},"end":{"line":102,"column":26}},"41":{"start":{"line":104,"column":19},"end":{"line":104,"column":54}},"42":{"start":{"line":107,"column":2},"end":{"line":111,"column":3}},"43":{"start":{"line":108,"column":20},"end":{"line":108,"column":79}},"44":{"start":{"line":109,"column":4},"end":{"line":109,"column":42}},"45":{"start":{"line":110,"column":4},"end":{"line":110,"column":11}},"46":{"start":{"line":114,"column":16},"end":{"line":114,"column":36}},"47":{"start":{"line":115,"column":16},"end":{"line":115,"column":52}},"48":{"start":{"line":115,"column":37},"end":{"line":115,"column":51}},"49":{"start":{"line":118,"column":2},"end":{"line":123,"column":3}},"50":{"start":{"line":119,"column":4},"end":{"line":119,"column":48}},"51":{"start":{"line":120,"column":4},"end":{"line":120,"column":31}},"52":{"start":{"line":122,"column":4},"end":{"line":122,"column":48}},"53":{"start":{"line":125,"column":2},"end":{"line":125,"column":40}},"54":{"start":{"line":128,"column":0},"end":{"line":128,"column":58}}},"fnMap":{"0":{"name":"safeSiteUrl","decl":{"start":{"line":18,"column":9},"end":{"line":18,"column":20}},"loc":{"start":{"line":18,"column":26},"end":{"line":27,"column":1}},"line":18},"1":{"name":"badgeLine","decl":{"start":{"line":51,"column":9},"end":{"line":51,"column":18}},"loc":{"start":{"line":51,"column":45},"end":{"line":79,"column":1}},"line":51},"2":{"name":"(anonymous_2)","decl":{"start":{"line":53,"column":43},"end":{"line":53,"column":44}},"loc":{"start":{"line":53,"column":48},"end":{"line":53,"column":87}},"line":53},"3":{"name":"(anonymous_3)","decl":{"start":{"line":54,"column":32},"end":{"line":54,"column":33}},"loc":{"start":{"line":54,"column":37},"end":{"line":54,"column":62}},"line":54},"4":{"name":"(anonymous_4)","decl":{"start":{"line":55,"column":32},"end":{"line":55,"column":33}},"loc":{"start":{"line":55,"column":37},"end":{"line":55,"column":58}},"line":55},"5":{"name":"injectBadge","decl":{"start":{"line":95,"column":9},"end":{"line":95,"column":20}},"loc":{"start":{"line":95,"column":40},"end":{"line":126,"column":1}},"line":95},"6":{"name":"(anonymous_6)","decl":{"start":{"line":115,"column":32},"end":{"line":115,"column":33}},"loc":{"start":{"line":115,"column":37},"end":{"line":115,"column":51}},"line":115}},"branchMap":{"0":{"loc":{"start":{"line":19,"column":2},"end":{"line":19,"column":42}},"type":"if","locations":[{"start":{"line":19,"column":2},"end":{"line":19,"column":42}},{"start":{},"end":{}}],"line":19},"1":{"loc":{"start":{"line":19,"column":6},"end":{"line":19,"column":25}},"type":"binary-expr","locations":[{"start":{"line":19,"column":6},"end":{"line":19,"column":10}},{"start":{"line":19,"column":14},"end":{"line":19,"column":25}}],"line":19},"2":{"loc":{"start":{"line":22,"column":4},"end":{"line":22,"column":84}},"type":"if","locations":[{"start":{"line":22,"column":4},"end":{"line":22,"column":84}},{"start":{},"end":{}}],"line":22},"3":{"loc":{"start":{"line":22,"column":8},"end":{"line":22,"column":67}},"type":"binary-expr","locations":[{"start":{"line":22,"column":8},"end":{"line":22,"column":35}},{"start":{"line":22,"column":39},"end":{"line":22,"column":67}}],"line":22},"4":{"loc":{"start":{"line":53,"column":20},"end":{"line":53,"column":34}},"type":"binary-expr","locations":[{"start":{"line":53,"column":20},"end":{"line":53,"column":28}},{"start":{"line":53,"column":32},"end":{"line":53,"column":34}}],"line":53},"5":{"loc":{"start":{"line":53,"column":48},"end":{"line":53,"column":87}},"type":"binary-expr","locations":[{"start":{"line":53,"column":48},"end":{"line":53,"column":70}},{"start":{"line":53,"column":74},"end":{"line":53,"column":87}}],"line":53},"6":{"loc":{"start":{"line":58,"column":2},"end":{"line":67,"column":3}},"type":"if","locations":[{"start":{"line":58,"column":2},"end":{"line":67,"column":3}},{"start":{"line":61,"column":9},"end":{"line":67,"column":3}}],"line":58},"7":{"loc":{"start":{"line":61,"column":9},"end":{"line":67,"column":3}},"type":"if","locations":[{"start":{"line":61,"column":9},"end":{"line":67,"column":3}},{"start":{"line":64,"column":9},"end":{"line":67,"column":3}}],"line":61},"8":{"loc":{"start":{"line":69,"column":20},"end":{"line":69,"column":72}},"type":"cond-expr","locations":[{"start":{"line":69,"column":46},"end":{"line":69,"column":58}},{"start":{"line":69,"column":61},"end":{"line":69,"column":72}}],"line":69},"9":{"loc":{"start":{"line":69,"column":21},"end":{"line":69,"column":42}},"type":"binary-expr","locations":[{"start":{"line":69,"column":21},"end":{"line":69,"column":26}},{"start":{"line":69,"column":30},"end":{"line":69,"column":42}}],"line":69},"10":{"loc":{"start":{"line":100,"column":4},"end":{"line":100,"column":52}},"type":"if","locations":[{"start":{"line":100,"column":4},"end":{"line":100,"column":52}},{"start":{},"end":{}}],"line":100},"11":{"loc":{"start":{"line":102,"column":2},"end":{"line":102,"column":26}},"type":"if","locations":[{"start":{"line":102,"column":2},"end":{"line":102,"column":26}},{"start":{},"end":{}}],"line":102},"12":{"loc":{"start":{"line":107,"column":2},"end":{"line":111,"column":3}},"type":"if","locations":[{"start":{"line":107,"column":2},"end":{"line":111,"column":3}},{"start":{},"end":{}}],"line":107},"13":{"loc":{"start":{"line":118,"column":2},"end":{"line":123,"column":3}},"type":"if","locations":[{"start":{"line":118,"column":2},"end":{"line":123,"column":3}},{"start":{"line":121,"column":9},"end":{"line":123,"column":3}}],"line":118}},"s":{"0":1,"1":1,"2":1,"3":1,"4":35,"5":28,"6":7,"7":7,"8":6,"9":3,"10":3,"11":1,"12":35,"13":13,"14":35,"15":9,"16":35,"17":9,"18":35,"19":3,"20":3,"21":32,"22":1,"23":1,"24":31,"25":31,"26":35,"27":35,"28":35,"29":35,"30":35,"31":35,"32":8,"33":8,"34":8,"35":11,"36":11,"37":7,"38":7,"39":8,"40":1,"41":7,"42":7,"43":2,"44":2,"45":2,"46":5,"47":5,"48":6,"49":5,"50":4,"51":4,"52":1,"53":5,"54":1},"f":{"0":35,"1":35,"2":13,"3":9,"4":9,"5":8,"6":6},"b":{"0":[28,7],"1":[35,8],"2":[3,3],"3":[6,6],"4":[35,2],"5":[13,11],"6":[3,32],"7":[1,31],"8":[5,30],"9":[35,6],"10":[7,4],"11":[1,7],"12":[2,5],"13":[4,1]},"_coverageSchema":"1a1c01bbd47fc00a2c39e90264f33305004495a9","hash":"9ab2d59da6b2f9b2e7dc24178b4296998ce201be"}
,"/Users/kumakun/github/tdd-audit/lib/config.js": {"path":"/Users/kumakun/github/tdd-audit/lib/config.js","statementMap":{"0":{"start":{"line":3,"column":13},"end":{"line":3,"column":26}},"1":{"start":{"line":4,"column":13},"end":{"line":4,"column":28}},"2":{"start":{"line":6,"column":20},"end":{"line":6,"column":37}},"3":{"start":{"line":8,"column":17},"end":{"line":62,"column":1}},"4":{"start":{"line":65,"column":27},"end":{"line":90,"column":1}},"5":{"start":{"line":93,"column":22},"end":{"line":99,"column":1}},"6":{"start":{"line":110,"column":19},"end":{"line":110,"column":21}},"7":{"start":{"line":113,"column":19},"end":{"line":115,"column":33}},"8":{"start":{"line":117,"column":2},"end":{"line":124,"column":3}},"9":{"start":{"line":118,"column":4},"end":{"line":123,"column":5}},"10":{"start":{"line":119,"column":18},"end":{"line":119,"column":51}},"11":{"start":{"line":120,"column":6},"end":{"line":120,"column":35}},"12":{"start":{"line":122,"column":6},"end":{"line":122,"column":80}},"13":{"start":{"line":126,"column":17},"end":{"line":126,"column":47}},"14":{"start":{"line":129,"column":19},"end":{"line":129,"column":42}},"15":{"start":{"line":130,"column":2},"end":{"line":132,"column":3}},"16":{"start":{"line":131,"column":4},"end":{"line":131,"column":83}},"17":{"start":{"line":131,"column":65},"end":{"line":131,"column":83}},"18":{"start":{"line":135,"column":2},"end":{"line":137,"column":3}},"19":{"start":{"line":136,"column":4},"end":{"line":136,"column":58}},"20":{"start":{"line":139,"column":2},"end":{"line":139,"column":16}},"21":{"start":{"line":148,"column":14},"end":{"line":151,"column":3}},"22":{"start":{"line":149,"column":14},"end":{"line":149,"column":32}},"23":{"start":{"line":150,"column":4},"end":{"line":150,"column":46}},"24":{"start":{"line":152,"column":20},"end":{"line":152,"column":22}},"25":{"start":{"line":153,"column":21},"end":{"line":153,"column":36}},"26":{"start":{"line":153,"column":41},"end":{"line":153,"column":91}},"27":{"start":{"line":153,"column":57},"end":{"line":153,"column":91}},"28":{"start":{"line":154,"column":21},"end":{"line":154,"column":34}},"29":{"start":{"line":154,"column":41},"end":{"line":154,"column":87}},"30":{"start":{"line":154,"column":57},"end":{"line":154,"column":87}},"31":{"start":{"line":155,"column":21},"end":{"line":155,"column":38}},"32":{"start":{"line":155,"column":40},"end":{"line":155,"column":86}},"33":{"start":{"line":155,"column":56},"end":{"line":155,"column":86}},"34":{"start":{"line":156,"column":21},"end":{"line":156,"column":35}},"35":{"start":{"line":156,"column":40},"end":{"line":156,"column":80}},"36":{"start":{"line":156,"column":56},"end":{"line":156,"column":80}},"37":{"start":{"line":157,"column":21},"end":{"line":157,"column":37}},"38":{"start":{"line":157,"column":40},"end":{"line":157,"column":82}},"39":{"start":{"line":157,"column":56},"end":{"line":157,"column":82}},"40":{"start":{"line":158,"column":21},"end":{"line":158,"column":38}},"41":{"start":{"line":158,"column":40},"end":{"line":158,"column":84}},"42":{"start":{"line":158,"column":56},"end":{"line":158,"column":84}},"43":{"start":{"line":159,"column":21},"end":{"line":159,"column":36}},"44":{"start":{"line":159,"column":40},"end":{"line":159,"column":82}},"45":{"start":{"line":159,"column":56},"end":{"line":159,"column":82}},"46":{"start":{"line":160,"column":21},"end":{"line":160,"column":37}},"47":{"start":{"line":160,"column":40},"end":{"line":160,"column":88}},"48":{"start":{"line":160,"column":56},"end":{"line":160,"column":88}},"49":{"start":{"line":161,"column":21},"end":{"line":161,"column":39}},"50":{"start":{"line":161,"column":41},"end":{"line":161,"column":96}},"51":{"start":{"line":161,"column":56},"end":{"line":161,"column":96}},"52":{"start":{"line":162,"column":21},"end":{"line":162,"column":33}},"53":{"start":{"line":162,"column":40},"end":{"line":162,"column":81}},"54":{"start":{"line":162,"column":56},"end":{"line":162,"column":81}},"55":{"start":{"line":163,"column":2},"end":{"line":163,"column":66}},"56":{"start":{"line":163,"column":40},"end":{"line":163,"column":66}},"57":{"start":{"line":164,"column":2},"end":{"line":164,"column":65}},"58":{"start":{"line":164,"column":40},"end":{"line":164,"column":65}},"59":{"start":{"line":165,"column":2},"end":{"line":165,"column":65}},"60":{"start":{"line":165,"column":40},"end":{"line":165,"column":65}},"61":{"start":{"line":166,"column":2},"end":{"line":166,"column":62}},"62":{"start":{"line":166,"column":40},"end":{"line":166,"column":62}},"63":{"start":{"line":167,"column":2},"end":{"line":167,"column":63}},"64":{"start":{"line":167,"column":40},"end":{"line":167,"column":63}},"65":{"start":{"line":168,"column":2},"end":{"line":168,"column":64}},"66":{"start":{"line":168,"column":40},"end":{"line":168,"column":64}},"67":{"start":{"line":169,"column":2},"end":{"line":169,"column":73}},"68":{"start":{"line":169,"column":41},"end":{"line":169,"column":73}},"69":{"start":{"line":170,"column":2},"end":{"line":170,"column":19}},"70":{"start":{"line":183,"column":27},"end":{"line":183,"column":55}},"71":{"start":{"line":184,"column":2},"end":{"line":188,"column":3}},"72":{"start":{"line":185,"column":4},"end":{"line":187,"column":6}},"73":{"start":{"line":189,"column":17},"end":{"line":189,"column":66}},"74":{"start":{"line":190,"column":2},"end":{"line":192,"column":3}},"75":{"start":{"line":191,"column":4},"end":{"line":191,"column":76}},"76":{"start":{"line":193,"column":19},"end":{"line":193,"column":60}},"77":{"start":{"line":194,"column":2},"end":{"line":194,"column":77}},"78":{"start":{"line":195,"column":2},"end":{"line":195,"column":16}},"79":{"start":{"line":198,"column":0},"end":{"line":198,"column":126}}},"fnMap":{"0":{"name":"loadConfig","decl":{"start":{"line":109,"column":9},"end":{"line":109,"column":19}},"loc":{"start":{"line":109,"column":60},"end":{"line":140,"column":1}},"line":109},"1":{"name":"parseCliOverrides","decl":{"start":{"line":147,"column":9},"end":{"line":147,"column":26}},"loc":{"start":{"line":147,"column":33},"end":{"line":171,"column":1}},"line":147},"2":{"name":"(anonymous_2)","decl":{"start":{"line":148,"column":14},"end":{"line":148,"column":15}},"loc":{"start":{"line":148,"column":24},"end":{"line":151,"column":3}},"line":148},"3":{"name":"writeInitConfig","decl":{"start":{"line":182,"column":9},"end":{"line":182,"column":24}},"loc":{"start":{"line":182,"column":71},"end":{"line":196,"column":1}},"line":182}},"branchMap":{"0":{"loc":{"start":{"line":109,"column":20},"end":{"line":109,"column":39}},"type":"default-arg","locations":[{"start":{"line":109,"column":26},"end":{"line":109,"column":39}}],"line":109},"1":{"loc":{"start":{"line":109,"column":41},"end":{"line":109,"column":58}},"type":"default-arg","locations":[{"start":{"line":109,"column":56},"end":{"line":109,"column":58}}],"line":109},"2":{"loc":{"start":{"line":113,"column":19},"end":{"line":115,"column":33}},"type":"cond-expr","locations":[{"start":{"line":114,"column":6},"end":{"line":114,"column":43}},{"start":{"line":115,"column":6},"end":{"line":115,"column":33}}],"line":113},"3":{"loc":{"start":{"line":117,"column":2},"end":{"line":124,"column":3}},"type":"if","locations":[{"start":{"line":117,"column":2},"end":{"line":124,"column":3}},{"start":{},"end":{}}],"line":117},"4":{"loc":{"start":{"line":131,"column":4},"end":{"line":131,"column":83}},"type":"if","locations":[{"start":{"line":131,"column":4},"end":{"line":131,"column":83}},{"start":{},"end":{}}],"line":131},"5":{"loc":{"start":{"line":131,"column":8},"end":{"line":131,"column":63}},"type":"binary-expr","locations":[{"start":{"line":131,"column":8},"end":{"line":131,"column":26}},{"start":{"line":131,"column":30},"end":{"line":131,"column":47}},{"start":{"line":131,"column":51},"end":{"line":131,"column":63}}],"line":131},"6":{"loc":{"start":{"line":135,"column":2},"end":{"line":137,"column":3}},"type":"if","locations":[{"start":{"line":135,"column":2},"end":{"line":137,"column":3}},{"start":{},"end":{}}],"line":135},"7":{"loc":{"start":{"line":135,"column":6},"end":{"line":135,"column":40}},"type":"binary-expr","locations":[{"start":{"line":135,"column":6},"end":{"line":135,"column":20}},{"start":{"line":135,"column":24},"end":{"line":135,"column":40}}],"line":135},"8":{"loc":{"start":{"line":136,"column":20},"end":{"line":136,"column":57}},"type":"binary-expr","locations":[{"start":{"line":136,"column":20},"end":{"line":136,"column":49}},{"start":{"line":136,"column":53},"end":{"line":136,"column":57}}],"line":136},"9":{"loc":{"start":{"line":150,"column":11},"end":{"line":150,"column":45}},"type":"cond-expr","locations":[{"start":{"line":150,"column":22},"end":{"line":150,"column":33}},{"start":{"line":150,"column":36},"end":{"line":150,"column":45}}],"line":150},"10":{"loc":{"start":{"line":153,"column":41},"end":{"line":153,"column":91}},"type":"if","locations":[{"start":{"line":153,"column":41},"end":{"line":153,"column":91}},{"start":{},"end":{}}],"line":153},"11":{"loc":{"start":{"line":154,"column":41},"end":{"line":154,"column":87}},"type":"if","locations":[{"start":{"line":154,"column":41},"end":{"line":154,"column":87}},{"start":{},"end":{}}],"line":154},"12":{"loc":{"start":{"line":155,"column":40},"end":{"line":155,"column":86}},"type":"if","locations":[{"start":{"line":155,"column":40},"end":{"line":155,"column":86}},{"start":{},"end":{}}],"line":155},"13":{"loc":{"start":{"line":156,"column":40},"end":{"line":156,"column":80}},"type":"if","locations":[{"start":{"line":156,"column":40},"end":{"line":156,"column":80}},{"start":{},"end":{}}],"line":156},"14":{"loc":{"start":{"line":157,"column":40},"end":{"line":157,"column":82}},"type":"if","locations":[{"start":{"line":157,"column":40},"end":{"line":157,"column":82}},{"start":{},"end":{}}],"line":157},"15":{"loc":{"start":{"line":158,"column":40},"end":{"line":158,"column":84}},"type":"if","locations":[{"start":{"line":158,"column":40},"end":{"line":158,"column":84}},{"start":{},"end":{}}],"line":158},"16":{"loc":{"start":{"line":159,"column":40},"end":{"line":159,"column":82}},"type":"if","locations":[{"start":{"line":159,"column":40},"end":{"line":159,"column":82}},{"start":{},"end":{}}],"line":159},"17":{"loc":{"start":{"line":160,"column":40},"end":{"line":160,"column":88}},"type":"if","locations":[{"start":{"line":160,"column":40},"end":{"line":160,"co
[...]
,"/Users/kumakun/github/tdd-audit/lib/server.js": {"path":"/Users/kumakun/github/tdd-audit/lib/server.js","statementMap":{"0":{"start":{"line":3,"column":15},"end":{"line":3,"column":32}},"1":{"start":{"line":4,"column":15},"end":{"line":4,"column":30}},"2":{"start":{"line":5,"column":40},"end":{"line":5,"column":60}},"3":{"start":{"line":6,"column":40},"end":{"line":6,"column":61}},"4":{"start":{"line":7,"column":42},"end":{"line":7,"column":61}},"5":{"start":{"line":8,"column":40},"end":{"line":8,"column":66}},"6":{"start":{"line":9,"column":40},"end":{"line":9,"column":59}},"7":{"start":{"line":12,"column":4},"end":{"line":12,"column":21}},"8":{"start":{"line":17,"column":21},"end":{"line":17,"column":43}},"9":{"start":{"line":25,"column":2},"end":{"line":25,"column":37}},"10":{"start":{"line":25,"column":25},"end":{"line":25,"column":37}},"11":{"start":{"line":26,"column":18},"end":{"line":26,"column":35}},"12":{"start":{"line":27,"column":18},"end":{"line":27,"column":48}},"13":{"start":{"line":28,"column":18},"end":{"line":28,"column":69}},"14":{"start":{"line":29,"column":19},"end":{"line":29,"column":94}},"15":{"start":{"line":30,"column":19},"end":{"line":30,"column":83}},"16":{"start":{"line":31,"column":2},"end":{"line":31,"column":50}},"17":{"start":{"line":39,"column":19},"end":{"line":39,"column":32}},"18":{"start":{"line":40,"column":19},"end":{"line":40,"column":52}},"19":{"start":{"line":41,"column":19},"end":{"line":41,"column":64}},"20":{"start":{"line":42,"column":2},"end":{"line":44,"column":3}},"21":{"start":{"line":43,"column":4},"end":{"line":43,"column":54}},"22":{"start":{"line":45,"column":2},"end":{"line":45,"column":18}},"23":{"start":{"line":50,"column":26},"end":{"line":50,"column":36}},"24":{"start":{"line":52,"column":20},"end":{"line":66,"column":1}},"25":{"start":{"line":55,"column":18},"end":{"line":55,"column":28}},"26":{"start":{"line":56,"column":18},"end":{"line":56,"column":72}},"27":{"start":{"line":57,"column":4},"end":{"line":60,"column":5}},"28":{"start":{"line":58,"column":6},"end":{"line":58,"column":22}},"29":{"start":{"line":59,"column":6},"end":{"line":59,"column":30}},"30":{"start":{"line":61,"column":4},"end":{"line":61,"column":21}},"31":{"start":{"line":62,"column":4},"end":{"line":62,"column":32}},"32":{"start":{"line":63,"column":4},"end":{"line":63,"column":41}},"33":{"start":{"line":65,"column":12},"end":{"line":65,"column":33}},"34":{"start":{"line":71,"column":18},"end":{"line":71,"column":38}},"35":{"start":{"line":72,"column":2},"end":{"line":78,"column":5}},"36":{"start":{"line":79,"column":2},"end":{"line":79,"column":19}},"37":{"start":{"line":83,"column":2},"end":{"line":94,"column":5}},"38":{"start":{"line":84,"column":15},"end":{"line":84,"column":17}},"39":{"start":{"line":85,"column":4},"end":{"line":88,"column":7}},"40":{"start":{"line":86,"column":6},"end":{"line":86,"column":20}},"41":{"start":{"line":87,"column":6},"end":{"line":87,"column":80}},"42":{"start":{"line":87,"column":36},"end":{"line":87,"column":80}},"43":{"start":{"line":89,"column":4},"end":{"line":92,"column":7}},"44":{"start":{"line":90,"column":6},"end":{"line":91,"column":55}},"45":{"start":{"line":90,"column":12},"end":{"line":90,"column":46}},"46":{"start":{"line":91,"column":14},"end":{"line":91,"column":53}},"47":{"start":{"line":93,"column":4},"end":{"line":93,"column":28}},"48":{"start":{"line":100,"column":26},"end":{"line":100,"column":29}},"49":{"start":{"line":102,"column":13},"end":{"line":104,"column":46}},"50":{"start":{"line":105,"column":2},"end":{"line":107,"column":3}},"51":{"start":{"line":106,"column":4},"end":{"line":106,"column":58}},"52":{"start":{"line":109,"column":2},"end":{"line":111,"column":3}},"53":{"start":{"line":110,"column":4},"end":{"line":110,"column":53}},"54":{"start":{"line":113,"column":2},"end":{"line":115,"column":3}},"55":{"start":{"line":114,"column":4},"end":{"line":114,"column":53}},"56":{"start":{"line":117,"column":2},"end":{"line":134,"column":3}},"57":{"start":{"line":119,"column":4},"end":{"line":120,"column":62}},"58":{"start":{"line":119,"column":10},"end":{"line":119,"column":37}},"59":{"start":{"line":120,"column":16},"end":{"line":120,"column":60}},"60":{"start":{"line":123,"column":4},"end":{"line":124,"column":62}},"61":{"start":{"line":123,"column":10},"end":{"line":123,"column":45}},"62":{"start":{"line":124,"column":16},"end":{"line":124,"column":60}},"63":{"start":{"line":126,"column":21},"end":{"line":126,"column":56}},"64":{"start":{"line":127,"column":21},"end":{"line":127,"column":31}},"65":{"start":{"line":128,"column":21},"end":{"line":128,"column":40}},"66":{"start":{"line":129,"column":21},"end":{"line":129,"column":44}},"67":{"start":{"line":130,"column":21},"end":{"line":130,"column":36}},"68":{"start":{"line":132,"column":4},"end":{"line":132,"column":79}},"69":{"start":{"line":132,"column":28},"end":{"line":132,"column":79}},"70":{"start":{"line":133,"column":4},"end":{"line":133,"column":71}},"71":{"start":{"line":136,"column":2},"end":{"line":164,"column":3}},"72":{"start":{"line":138,"column":4},"end":{"line":139,"column":62}},"73":{"start":{"line":138,"column":10},"end":{"line":138,"column":37}},"74":{"start":{"line":139,"column":16},"end":{"line":139,"column":60}},"75":{"start":{"line":141,"column":59},"end":{"line":141,"column":63}},"76":{"start":{"line":142,"column":4},"end":{"line":144,"column":5}},"77":{"start":{"line":143,"column":6},"end":{"line":143,"column":86}},"78":{"start":{"line":146,"column":18},"end":{"line":146,"column":29}},"79":{"start":{"line":148,"column":4},"end":{"line":161,"column":7}},"80":{"start":{"line":149,"column":6},"end":{"line":160,"column":7}},"81":{"start":{"line":150,"column":8},"end":{"line":150,"column":85}},"82":{"start":{"line":151,"column":30},"end":{"line":151,"column":53}},"83":{"start":{"line":152,"column":24},"end":{"line":156,"column":10}},"84":{"start":{"line":157,"column":8},"end":{"line":157,"column":93}},"85":{"start":{"line":159,"column":8},"end":{"line":159,"column":66}},"86":{"start":{"line":163,"column":4},"end":{"line":163,"column":37}},"87":{"start":{"line":166,"column":19},"end":{"line":166,"column":50}},"88":{"start":{"line":167,"column":2},"end":{"line":171,"column":3}},"89":{"start":{"line":168,"column":16},"end":{"line":168,"column":37}},"90":{"start":{"line":169,"column":4},"end":{"line":169,"column":64}},"91":{"start":{"line":169,"column":14},"end":{"line":169,"column":64}},"92":{"start":{"line":170,"column":4},"end":{"line":170,"column":31}},"93":{"start":{"line":173,"column":2},"end":{"line":173,"column":48}},"94":{"start":{"line":179,"column":15},"end":{"line":179,"column":65}},"95":{"start":{"line":180,"column":15},"end":{"line":180,"column":23}},"96":{"start":{"line":182,"column":18},"end":{"line":182,"column":31}},"97":{"start":{"line":184,"column":2},"end":{"line":184,"column":50}},"98":{"start":{"line":186,"column":2},"end":{"line":186,"column":90}},"99":{"start":{"line":187,"column":2},"end":{"line":189,"column":3}},"100":{"start":{"line":188,"column":4},"end":{"line":188,"column":104}},"101":{"start":{"line":190,"column":2},"end":{"line":190,"column":44}},"102":{"start":{"line":191,"column":2},"end":{"line":191,"column":68}},"103":{"start":{"line":192,"column":2},"end":{"line":192,"column":89}},"104":{"start":{"line":193,"column":2},"end":{"line":193,"column":87}},"105":{"start":{"line":194,"column":2},"end":{"line":194,"column":46}},"106":{"start":{"line":195,"column":2},"end":{"line":195,"column":62}},"107":{"start":{"line":197,"column":2},"end":{"line":197,"column":24}},"108":{"start":{"line":200,"column":0},"end":{"line":205,"column":2}}},"fnMap":{"0":{"name":"authenticate","decl":{"start":{"line":24,"column":9},"end":{"line":24,"column":21}},"loc":{"start":{"line":24,"column":32},"end":{"line":32,"column":1}},"line":24},"1":{"name":"safeScanPath","decl":{"start":{"line":38,"column":9},"end":{"line":38,"column":21}},"loc":{"start":{"line":38,"column":31},"end":{"line":46,"column":1}},"line":38},"2":{"name":"(anonymous_2)","decl":{"start":{"line":54,"column":2},"end":{"line":54,"column":3}},"loc":{"start":{"line":54,"column":12},"end":{"line":64,"column":3}},"line":54},"3":{"name":"(anonymous_3)","decl":{"start":{"line":65,"column":2},"end":{"line":65,"column":3}},"loc":{"start":{"line":65,"column":10},"end":{"line":65,"column":35}},"line":65},"4":{"name":"json","decl":{"start":{"line":70,"column":9},"end":{"line":70,"column":13}},"loc":{"start":{"line":70,"column":33},"end":{"line":80,"column":1}},"line":70},"5":{"name":"readBody","decl":{"start":{"line":82,"column":9},"end":{"line":82,"column":17}},"loc":{"start":{"line":82,"column":23},"end":{"line":95,"column":1}},"line":82},"6":{"name":"(anonymous_6)","decl":{"start":{"line":83,"column":21},"end":{"line":83,"column":22}},"loc":{"start":{"line":83,"column":42},"end":{"line":94,"column":3}},"line":83},"7":{"name":"(anonymous_7)","decl":{"start":{"line":85,"column":19},"end":{"line":85,"column":20}},"loc":{"start":{"line":85,"column":28},"end":{"line":88,"column":5}},"line":85},"8":{"name":"(anonymous_8)","decl":{"start":{"line":89,"column":18},"end":{"line":89,"column":19}},"loc":{"start":{"line":89,"column":24},"end":{"line":92,"column":5}},"line":89},"9":{"name":"handleRequest","decl":{"start":{"line":99,"column":15},"end":{"line":99,"column":28}},"loc":{"start":{"line":99,"column":44},"end":{"line":174,"column":1}},"line":99},"10":{"name":"(anonymous_10)","decl":{"start":{"line":148,"column":17},"end":{"line":148,"column":18}},"loc":{"start":{"line":148,"column":29},"end":{"line":161,"column":5}},"line":148},"11":{"name":"start","decl":{"start":{"line":178,"column":15},"end":{"line":178,"column":20}},"loc":{"start":{"line":178,"column":32},"end":{"line":198,"column":1}},"line":178}},"branchMap":{"0":{"loc":{"start":{"line":25,"column":2},"end":{"line":25,"column":37}},"type":"if","locations":[{"start":{"line":25,"column":2},"end":{"line":25,"column":37}},{"start":{},"end":{}}],"line":25},"1":{"loc":{"start":{"line":26,"column":18},"end":{"line":26,"column":35}},"type":"binary-expr","locations":[{"start":{"line":26,"column":18},"end":{"line":26,"column":29}},{"start":{"line":26,"column":33},"end":{"line":26,"column":35}}],"line":26},"2":{"loc":{"start":{"line":27,"column":18},"end":{"line":27,"column":48}},"type":"binary-expr","locations":[{"start":{"line":27,"column":18},"end":{"line":27,"column":42}},{"start":{"line":27,"column":46},"end":{"line":27,"column":48}}],"line":27},"3":{"loc":{"start":{"line":28,"column":18},"end":{"line":28,"column":69}},"type":"cond-expr","locations":[{"start":{"line":28,"column":49},"end":{"line":28,"column":64}},{"start":{"line":28,"column":67},"end":{"line":28,"column":69}}],"line":28},"4":{"loc":{"start":{"line":40,"column":37},"end":{"line":40,"column":51}},"type":"binary-expr","locations":[{"start":{"line":40,"column":37},"end":{"line":40,"column":44}},{"start":{"line":40,"column":48},"end":{"line":40,"column":51}}],"line":40},"5":{"loc":{"start":{"line":41,"column":19},"end":{"line":41,"column":64}},"type":"cond-expr","locations":[{"start":{"line":41,"column":44},"end":{"line":41,"column":47}},{"start":{"line":41,"column":50},"end":{"line":41,"column":64}}],"line":41},"6":{"loc":{"start":{"line":42,"column":2},"end":{"line":44,"column":3}},"type":"if","locations":[{"start":{"line":42,"column":2},"end":{"line":44,"column":3}},{"start":{},"end":{}}],"line":42},"7":{"loc":{"start":{"line":42,"column":6},"end":{"line":42,"column":55}},"type":"binary-expr","locations":[{"start":{"line":42,"column":6},"end":{"line":42,"column":22}},{"start":{"line":42,"column":26},"end":{"line":42,"column":55}}],"line":42},"8":{"loc":{"start":{"line":56,"column":18},"end":{"line":56,"column":72}},"type":"binary-expr","locations":[{"start":{"line":56,"column":18},"end":{"line":56,"column":38}},{"start":{"line":56,"column":42},"end":{"line":56,"column":72}}],"line":56},"9":{"loc":{"start":{"line":57,"column":4},"end":{"line":60,"column":5}},"type":"if","locations":[{"start":{"line":57,"column":4},"end":{"line":60,"column":5}},{"start":{},"end":{}}],"line":57},"10":{"loc":{"start":{"line":87,"column":6},"end":{"line":87,"column":80}},"type":"if","locations":[{"start":{"line":87,"column":6},"end":{"line":87,"column":80}},{"start":{},"end":{}}],"line":87},"11":{"loc":{"start":{"line":90,"column":31},"end":{"line":90,"column":43}},"type":"binary-expr","locations":[{"start":{"line":90,"column":31},"end":{"line":90,"column":35}},{"start":{"line":90,"column":39},"end":{"line":90,"column":43}}],"line":90},"12":{"loc":{"start":{"line":102,"column":13},"end":{"line":104,"column":46}},"type":"cond-expr","locations":[{"start":{"line":103,"column":6},"end":{"line":103,"column":94}},{"start":{"line":104,"column":7},"end":{"line":104,"column":45}}],"line":102},"13":{"loc":{"start":{"line":103,"column":7},"end":{"line":103,"column":72}},"type":"binary-expr","locations":[{"start":{"line":103,"column":7},"end":{"line":103,"column":37}},{"start":{"line":103,"column":41},"end":{"line":103,"column":66}},{"start":{"line":103,"column":70},"end":{"line":103,"column":72}}],"line":103},"14":{"loc":{"start":{"line":104,"column":7},"end":{"line":104,"column":45}},"type":"binary-expr","locations":[{"start":{"line":104,"column":7},"end":{"line":104,"column":32}},{"start":{"line":104,"column":36},"end":{"line":104,"column":45}}],"line":104},"15":{"loc":{"start":{"line":105,"column":2},"end":{"line":107,"column":3}},"type":"if","locations":[{"start":{"line":105,"column":2},"end":{"line":107,"column":3}},{"start":{},"end":{}}],"line":105},"16":{"loc":{"start":{"line":109,"column":2},"end":{"line":111,"column":3}},"type":"if","locations":[{"start":{"line":109,"column":2},"end":{"line":111,"column":3}},{"start":{},"end":{}}],"line":109},"17":{"loc":{"start":{"line":109,"column":6},"end":{"line":109,"column":43}},"type":"binary-expr","locations":[{"start":{"line":109,"column":6},"end":{"line":109,"column":22}},{"start":{"line":109,"column":26},"end":{"line":109,"column":43}}],"line":109},"18":{"loc":{"start":{"line":113,"column":2},"end":{"line":115,"column":3}},"type":"if","locations":[{"start":{"line":113,"column":2},"end":{"line":115,"column":3}},{"start":{},"end":{}}],"line":113},"19":{"loc":{"start":{"line":117,"column":2},"end":{"line":134,"column":3}},"type":"if","locations":[{"start":{"line":117,"column":2},"end":{"line":134,"column":3}},{"start":{},"end":{}}],"line":117},"20":{"loc":{"start":{"line":117,"column":6},"end":{"line":117,"column":42}},"type":"binary-expr","locations":[{"start":{"line":117,"column":6},"end":{"line":117,"column":23}},{"start":{"line":117,"column":27},"end":{"line":117,"column":42}}],"line":117},"21":{"loc":{"start":{"line":126,"column":21},"end":{"line":126,"column":56}},"type":"binary-expr","locations":[{"start":{"line":126,"column":21},"end":{"line":126,"column":32}},{"start":{"line":126,"column":36},"end":{"line":126,"column":46}},{"start":{"line":126,"column":50},"end":{"line":126,"column":56}}],"line":126},"22":{"loc":{"start":{"line":129,"column":21},"end":{"line":129,"column":44}},"type":"binary-expr","locations":[{"start":{"line":129,"column":21},"end":{"line":129,"column":38}},{"start":{"line":129,"column":42},"end":{"line":129,"column":44}}],"line":129},"23":{"loc":{"start":{"line":132,"column":4},"end":{"line":132,"column":79}},"type":"if","locations":[{"start":{"line":132,"column":4},"end":{"line":132,"column":79}},{"start":{},"end":{}}],"line":132},"24":{"loc":{"start":{"line":136,"column":2},"end":{"line":164,"column":3}},"type":"if","locations":[{"start":{"line":136,"column":2},"end":{"line":164,"column":3}},{"start":{},"end":{}}],"line":136},"25":{"loc":{"start":{"line":136,"column":6},"end":{"line":136,"column":47}},"type":"binary-expr","locations":[{"start":{"line":136,"column":6},"end":{"line":136,"column":23}},{"start":{"line":136,"column":27},"end":{"line":136,"column":47}}],"line":136},"26":{"loc":{"start":{"line":142,"column":4},"end":{"line":144,"column":5}},"type":"if","locations":[{"start":{"line":142,"column":4},"end":{"line":144,"column":5}},{"start":{},"end":{}}],"line":142},"27":{"loc":{"start":{"line":142,"column":8},"end":{"line":142,"column":41}},"type":"binary-expr","locations":[{"start":{"line":142,"column":8},"end":{"line":142,"column":17}},{"start":{"line":142,"column":21},"end":{"line":142,"column":30}},{"start":{"line":142,"column":34},"end":{"line":142,"column":41}}],"line":142},"28":{"loc":{"start":{"line":154,"column":19},"end":{"line":154,"column":39}},"type":"binary-expr","locations":[{"start":{"line":154,"column":19},"end":{"line":154,"column":24}},{"start":{"line":154,"column":30},"end":{"line":154,"column":39}}],"line":154},"29":{"loc":{"start":{"line":155,"column":19},"end":{"line":155,"column":41}},"type":"binary-expr","locations":[{"start":{"line":155,"column":19},"end":{"line":155,"column":26}},{"start":{"line":155,"column":30},"end":{"line":155,"column":41}}],"line":155},"30":{"loc":{"start":{"line":167,"column":2},"end":{"line":171,"column":3}},"type":"if","locations":[{"start":{"line":167,"column":2},"end":{"line":171,"column":3}},{"start":{},"end":{}}],"line":167},"31":{"loc":{"start":{"line":167,"column":6},"end":{"line":167,"column":34}},"type":"binary-expr","locations":[{"start":{"line":167,"column":6},"end":{"line":167,"column":22}},{"start":{"line":167,"column":26},"end":{"line":167,"column":34}}],"line":167},"32":{"loc":{"start":{"line":169,"column":4},"end":{"line":169,"column":64}},"type":"if","locations":[{"start":{"line":169,"column":4},"end":{"line":169,"column":64}},{"start":{},"end":{}}],"line":169},"33":{"loc":{"start":{"line":178,"column":21},"end":{"line":178,"column":30}},"type":"default-arg","locations":[{"start":{"line":178,"column":28},"end":{"line":178,"column":30}}],"line":178},"34":{"loc":{"start":{"line":187,"column":2},"end":{"line":189,"column":3}},"type":"if","locations":[{"start":{"line":187,"column":2},"end":{"line":189,"column":3}},{"start":{},"end":{}}],"line":187}},"s":{"0":1,"1":1,"2":1,"3":1,"4":1,"5":1,"6":1,"7":1,"8":1,"9":28,"10":9,"11":19,"12":19,"13":19,"14":19,"15":19,"16":19,"17":16,"18":16,"19":16,"20":16,"21":5,"22":11,"23":1,"24":1,"25":215,"26":215,"27":215,"28":1,"29":1,"30":215,"31":215,"32":215,"33":56,"34":215,"35":215,"36":215,"37":16,"38":16,"39":16,"40":15,"41":15,"42":1,"43":16,"44":16,"45":16,"46":4,"47":16,"48":215,"49":215,"50":215,"51":2,"52":213,"53":191,"54":22,"55":3,"56":19,"57":12,"58":12,"59":3,"60":9,"61":9,"62":2,"63":7,"64":7,"65":7,"66":7,"67":7,"68":7,"69":2,"70":5,"71":7,"72":4,"73":4,"74":1,"75":3,"76":3,"77":1,"78":2,"79":2,"80":2,"81":2,"82":2,"83":2,"84":1,"85":1,"86":2,"87":3,"88":3,"89":2,"90":2,"91":1,"92":1,"93":1,"94":4,"95":4,"96":4,"97":4,"98":4,"99":4,"100":3,"101":4,"102":4,"103":4,"104":4,"105":4,"106":4,"107":4,"108":1},"f":{"0":28,"1":16,"2":215,"3":56,"4":215,"5":16,"6":16,"7":15,"8":16,"9":215,"10":2,"11":4},"b":{"0":[9,19],"1":[19,1],"2":[19,4],"3":[15,4],"4":[16,1],"5":[1,15],"6":[5,11],"7":[16,11],"8":[215,35],"9":[1,214],"10":[1,14],"11":[16,1],"12":[3,212],"13":[3,2,1],"14":[212,1],"15":[2,213],"16":[191,22],"17":[213,194],"18":[3,19],"19":[12,7],"20":[19,16],"21":[7,5,1],"22":[7,7],"23":[2,5],"24":[4,3],"25":[7,4],"26":[1,2],"27":[3,3,2],"28":[2,2],"29":[2,2],"30":[2,1],"31":[3,3],"32":[1,1],"33":[1],"34":[3,1]},"_coverageSchema":"1a1c01bbd47fc00a2c39e90264f33305004495a9","hash":"ee9216f50d77357d3c39eefcbbacc90bfcf05023"}
}
