TN:
SF:lib/auditor.js
FN:9,loadSkillSuite
FN:28,buildSystemPrompt
FN:180,buildJsonOutputInstruction
FN:191,extractJsonBlock
FN:214,aiToJson
FN:224,(anonymous_5)
FN:255,aiToSarif
FN:260,(anonymous_7)
FN:320,safePath
FN:332,walkDir
FN:344,globToRegex
FN:354,toolReadFile
FN:367,toolListFiles
FN:380,toolSearchInFiles
FN:404,toolWriteFile
FN:418,executeToolCall
FN:482,(anonymous_16)
FN:483,(anonymous_17)
FN:484,(anonymous_18)
FN:491,redact
FN:496,logTool
FN:504,runAnthropicAudit
FN:529,(anonymous_22)
FN:557,runOpenAIAudit
FN:595,(anonymous_24)
FN:623,runGeminiAudit
FN:642,(anonymous_26)
FN:655,(anonymous_27)
FN:656,(anonymous_28)
FN:673,runFallbackAudit
FN:709,emitStructuredOutput
FN:710,(anonymous_31)
FN:746,runAudit
FN:836,(anonymous_33)
FNF:34
FNH:30
FNDA:65,loadSkillSuite
FNDA:65,buildSystemPrompt
FNDA:44,buildJsonOutputInstruction
FNDA:40,extractJsonBlock
FNDA:46,aiToJson
FNDA:12,(anonymous_5)
FNDA:23,aiToSarif
FNDA:67,(anonymous_7)
FNDA:25,safePath
FNDA:42,walkDir
FNDA:8,globToRegex
FNDA:12,toolReadFile
FNDA:10,toolListFiles
FNDA:10,toolSearchInFiles
FNDA:7,toolWriteFile
FNDA:15,executeToolCall
FNDA:16,(anonymous_16)
FNDA:16,(anonymous_17)
FNDA:16,(anonymous_18)
FNDA:4,redact
FNDA:9,logTool
FNDA:44,runAnthropicAudit
FNDA:0,(anonymous_22)
FNDA:8,runOpenAIAudit
FNDA:0,(anonymous_24)
FNDA:5,runGeminiAudit
FNDA:0,(anonymous_26)
FNDA:5,(anonymous_27)
FNDA:5,(anonymous_28)
FNDA:4,runFallbackAudit
FNDA:32,emitStructuredOutput
FNDA:0,(anonymous_31)
FNDA:63,runAudit
FNDA:55,(anonymous_33)
DA:3,4
DA:4,4
DA:5,4
DA:10,65
DA:21,65
DA:22,65
DA:23,585
DA:25,65
DA:29,65
DA:34,65
DA:35,551
DA:37,65
DA:60,4
DA:181,44
DA:185,4
DA:193,40
DA:194,40
DA:196,40
DA:197,40
DA:198,35
DA:201,7
DA:202,7
DA:203,7
DA:204,7
DA:205,3
DA:207,5
DA:215,46
DA:216,46
DA:217,46
DA:219,46
DA:220,46
DA:224,46
DA:226,46
DA:243,4
DA:252,4
DA:256,23
DA:257,23
DA:258,23
DA:260,23
DA:261,67
DA:262,66
DA:263,66
DA:264,66
DA:274,67
DA:288,23
DA:307,4
DA:308,4
DA:309,4
DA:311,4
DA:321,25
DA:322,3
DA:324,22
DA:325,22
DA:326,22
DA:327,5
DA:329,17
DA:334,42
DA:335,42
DA:336,85
DA:337,84
DA:338,84
DA:339,57
DA:345,8
DA:351,8
DA:355,12
DA:357,12
DA:358,10
DA:359,9
DA:360,9
DA:361,8
DA:362,7
DA:363,7
DA:364,6
DA:368,10
DA:369,10
DA:370,7
DA:371,7
DA:372,7
DA:373,24
DA:374,24
DA:375,24
DA:377,7
DA:381,10
DA:382,10
DA:384,9
DA:385,8
DA:386,8
DA:387,8
DA:388,33
DA:389,33
DA:390,33
DA:391,32
DA:392,32
DA:393,31
DA:394,31
DA:395,30
DA:396,30
DA:397,30
DA:398,30
DA:401,8
DA:405,7
DA:406,7
DA:408,6
DA:409,5
DA:410,5
DA:411,5
DA:412,4
DA:414,1
DA:419,15
DA:420,5
DA:421,5
DA:422,2
DA:424,2
DA:425,1
DA:427,1
DA:433,4
DA:482,16
DA:483,16
DA:484,16
DA:488,4
DA:489,4
DA:492,4
DA:493,4
DA:497,9
DA:498,4
DA:499,4
DA:505,44
DA:506,44
DA:507,44
DA:513,44
DA:515,44
DA:516,48
DA:528,48
DA:529,2
DA:530,2
DA:533,46
DA:534,46
DA:536,46
DA:538,46
DA:539,45
DA:542,44
DA:544,4
DA:545,4
DA:546,5
DA:547,4
DA:548,4
DA:549,4
DA:551,4
DA:560,8
DA:562,1
DA:563,0
DA:565,1
DA:566,1
DA:567,0
DA:574,8
DA:575,8
DA:576,8
DA:577,8
DA:582,8
DA:587,8
DA:588,12
DA:594,12
DA:595,1
DA:596,1
DA:599,11
DA:600,11
DA:601,11
DA:603,10
DA:604,10
DA:606,10
DA:607,10
DA:609,4
DA:610,3
DA:611,3
DA:612,3
DA:613,3
DA:614,3
DA:615,3
DA:624,5
DA:625,5
DA:626,5
DA:628,5
DA:630,5
DA:631,7
DA:641,7
DA:642,1
DA:643,1
DA:646,6
DA:647,6
DA:648,6
DA:650,5
DA:651,5
DA:653,5
DA:655,5
DA:656,5
DA:658,5
DA:660,2
DA:661,2
DA:662,2
DA:663,2
DA:664,2
DA:665,2
DA:667,2
DA:674,4
DA:675,4
DA:677,4
DA:679,4
DA:680,4
DA:681,4
DA:682,4
DA:683,4
DA:684,4
DA:685,4
DA:686,4
DA:687,4
DA:688,4
DA:692,4
DA:693,4
DA:694,4
DA:710,32
DA:711,32
DA:713,32
DA:714,32
DA:715,1
DA:716,1
DA:717,1
DA:719,31
DA:720,31
DA:760,63
DA:762,63
DA:763,62
DA:770,61
DA:771,61
DA:775,61
DA:777,61
DA:778,61
DA:781,61
DA:784,61
DA:786,4
DA:797,57
DA:798,44
DA:808,13
DA:822,61
DA:824,61
DA:826,61
DA:829,61
DA:835,61
DA:836,61
DA:837,55
DA:838,55
DA:839,4
DA:842,61
DA:844,61
DA:845,44
DA:846,7
DA:847,5
DA:850,5
DA:851,4
DA:854,53
DA:855,32
DA:858,53
DA:861,4
LF:262
LH:260
BRDA:181,0,0,44
BRDA:181,0,1,1
BRDA:197,1,0,35
BRDA:197,1,1,5
BRDA:204,2,0,3
BRDA:204,2,1,4
BRDA:214,3,0,6
BRDA:215,4,0,44
BRDA:215,4,1,2
BRDA:216,5,0,44
BRDA:216,5,1,2
BRDA:217,6,0,44
BRDA:217,6,1,2
BRDA:220,7,0,32
BRDA:220,7,1,32
BRDA:229,8,0,46
BRDA:229,8,1,44
BRDA:231,9,0,22
BRDA:231,9,1,24
BRDA:232,10,0,46
BRDA:232,10,1,2
BRDA:256,11,0,23
BRDA:256,11,1,0
BRDA:261,12,0,66
BRDA:261,12,1,1
BRDA:265,13,0,66
BRDA:265,13,1,1
BRDA:269,14,0,66
BRDA:269,14,1,1
BRDA:270,15,0,66
BRDA:270,15,1,48
BRDA:271,16,0,48
BRDA:271,16,1,18
BRDA:277,17,0,67
BRDA:277,17,1,1
BRDA:278,18,0,67
BRDA:278,18,1,6
BRDA:281,19,0,67
BRDA:281,19,1,0
BRDA:282,20,0,66
BRDA:282,20,1,1
BRDA:321,21,0,3
BRDA:321,21,1,22
BRDA:321,22,0,25
BRDA:321,22,1,23
BRDA:326,23,0,5
BRDA:326,23,1,17
BRDA:326,24,0,22
BRDA:326,24,1,21
BRDA:336,25,0,1
BRDA:336,25,1,84
BRDA:338,26,0,27
BRDA:338,26,1,57
BRDA:339,27,0,57
BRDA:339,27,1,0
BRDA:358,28,0,1
BRDA:358,28,1,9
BRDA:360,29,0,1
BRDA:360,29,1,8
BRDA:361,30,0,1
BRDA:361,30,1,7
BRDA:363,31,0,1
BRDA:363,31,1,6
BRDA:369,32,0,3
BRDA:369,32,1,7
BRDA:369,33,0,10
BRDA:369,33,1,7
BRDA:373,34,0,0
BRDA:373,34,1,24
BRDA:375,35,0,10
BRDA:375,35,1,14
BRDA:382,36,0,1
BRDA:382,36,1,9
BRDA:382,37,0,10
BRDA:382,37,1,9
BRDA:385,38,0,1
BRDA:385,38,1,7
BRDA:388,39,0,0
BRDA:388,39,1,33
BRDA:390,40,0,1
BRDA:390,40,1,32
BRDA:390,41,0,33
BRDA:390,41,1,4
BRDA:392,42,0,1
BRDA:392,42,1,31
BRDA:394,43,0,1
BRDA:394,43,1,30
BRDA:396,44,0,60
BRDA:396,44,1,30
BRDA:398,45,0,8
BRDA:398,45,1,22
BRDA:406,46,0,1
BRDA:406,46,1,6
BRDA:418,47,0,4
BRDA:418,48,0,4
BRDA:419,49,0,5
BRDA:419,49,1,5
BRDA:419,49,2,2
BRDA:419,49,3,2
BRDA:419,49,4,1
BRDA:424,50,0,1
BRDA:424,50,1,1
BRDA:492,51,0,0
BRDA:492,51,1,4
BRDA:492,52,0,4
BRDA:492,52,1,4
BRDA:492,53,0,0
BRDA:492,53,1,0
BRDA:497,54,0,5
BRDA:497,54,1,4
BRDA:498,55,0,4
BRDA:498,55,1,1
BRDA:505,56,0,44
BRDA:505,56,1,44
BRDA:528,57,0,2
BRDA:528,57,1,46
BRDA:539,58,0,41
BRDA:539,58,1,4
BRDA:539,59,0,45
BRDA:539,59,1,41
BRDA:542,60,0,40
BRDA:542,60,1,4
BRDA:546,61,0,1
BRDA:546,61,1,4
BRDA:548,62,0,4
BRDA:548,62,1,1
BRDA:560,63,0,1
BRDA:560,63,1,7
BRDA:566,64,0,0
BRDA:566,64,1,1
BRDA:566,65,0,1
BRDA:566,65,1,0
BRDA:574,66,0,8
BRDA:574,66,1,8
BRDA:575,67,0,8
BRDA:575,67,1,7
BRDA:594,68,0,1
BRDA:594,68,1,11
BRDA:601,69,0,1
BRDA:601,69,1,10
BRDA:606,70,0,7
BRDA:606,70,1,3
BRDA:607,71,0,6
BRDA:607,71,1,4
BRDA:609,72,0,3
BRDA:609,72,1,1
BRDA:609,73,0,4
BRDA:609,73,1,4
BRDA:612,74,0,3
BRDA:612,74,1,0
BRDA:624,75,0,5
BRDA:624,75,1,5
BRDA:641,76,0,1
BRDA:641,76,1,6
BRDA:648,77,0,1
BRDA:648,77,1,5
BRDA:650,78,0,5
BRDA:650,78,1,0
BRDA:658,79,0,3
BRDA:658,79,1,2
BRDA:658,80,0,5
BRDA:658,80,1,2
BRDA:664,81,0,2
BRDA:664,81,1,0
BRDA:681,82,0,0
BRDA:681,82,1,4
BRDA:684,83,0,0
BRDA:684,83,1,4
BRDA:686,84,0,0
BRDA:686,84,1,4
BRDA:710,85,0,32
BRDA:710,85,1,0
BRDA:714,86,0,1
BRDA:714,86,1,31
BRDA:720,87,0,1
BRDA:720,87,1,30
BRDA:754,88,0,2
BRDA:755,89,0,31
BRDA:756,90,0,39
BRDA:757,91,0,59
BRDA:762,92,0,1
BRDA:762,92,1,62
BRDA:763,93,0,1
BRDA:763,93,1,61
BRDA:770,94,0,61
BRDA:770,94,1,59
BRDA:771,95,0,36
BRDA:771,95,1,25
BRDA:771,96,0,25
BRDA:771,96,1,19
BRDA:775,97,0,61
BRDA:775,97,1,9
BRDA:775,97,2,5
BRDA:784,98,0,4
BRDA:784,98,1,57
BRDA:797,99,0,44
BRDA:797,99,1,13
BRDA:816,100,0,7
BRDA:816,100,1,6
BRDA:822,101,0,35
BRDA:822,101,1,26
BRDA:826,102,0,4
BRDA:826,102,1,57
BRDA:828,103,0,44
BRDA:828,103,1,13
BRDA:828,104,0,7
BRDA:828,104,1,6
BRDA:829,105,0,61
BRDA:829,105,1,61
BRDA:837,106,0,32
BRDA:837,106,1,23
BRDA:838,107,0,51
BRDA:838,107,1,4
BRDA:839,108,0,1
BRDA:839,108,1,3
BRDA:844,109,0,44
BRDA:844,109,1,7
BRDA:844,109,2,5
BRDA:844,109,3,5
BRDA:850,110,0,1
BRDA:850,110,1,4
BRDA:854,111,0,32
BRDA:854,111,1,21
BRF:223
BRH:206
end_of_record
TN:
SF:lib/badge.js
FN:18,safeSiteUrl
FN:51,badgeLine
FN:53,(anonymous_2)
FN:54,(anonymous_3)
FN:55,(anonymous_4)
FN:95,injectBadge
FN:115,(anonymous_6)
FNF:7
FNH:7
FNDA:35,safeSiteUrl
FNDA:35,badgeLine
FNDA:13,(anonymous_2)
FNDA:9,(anonymous_3)
FNDA:9,(anonymous_4)
FNDA:8,injectBadge
FNDA:6,(anonymous_6)
DA:3,1
DA:4,1
DA:7,1
DA:9,1
DA:19,35
DA:20,7
DA:21,7
DA:22,6
DA:23,3
DA:25,1
DA:53,35
DA:54,35
DA:55,35
DA:58,35
DA:59,3
DA:60,3
DA:61,32
DA:62,1
DA:63,1
DA:65,31
DA:66,31
DA:69,35
DA:71,35
DA:73,35
DA:74,35
DA:75,35
DA:78,35
DA:96,8
DA:97,8
DA:98,8
DA:99,11
DA:100,11
DA:102,8
DA:104,7
DA:107,7
DA:108,2
DA:109,2
DA:110,2
DA:114,5
DA:115,6
DA:118,5
DA:119,4
DA:120,4
DA:122,1
DA:125,5
DA:128,1
LF:46
LH:46
BRDA:19,0,0,28
BRDA:19,0,1,7
BRDA:19,1,0,35
BRDA:19,1,1,8
BRDA:22,2,0,3
BRDA:22,2,1,3
BRDA:22,3,0,6
BRDA:22,3,1,6
BRDA:53,4,0,35
BRDA:53,4,1,2
BRDA:53,5,0,13
BRDA:53,5,1,11
BRDA:58,6,0,3
BRDA:58,6,1,32
BRDA:61,7,0,1
BRDA:61,7,1,31
BRDA:69,8,0,5
BRDA:69,8,1,30
BRDA:69,9,0,35
BRDA:69,9,1,6
BRDA:100,10,0,7
BRDA:100,10,1,4
BRDA:102,11,0,1
BRDA:102,11,1,7
BRDA:107,12,0,2
BRDA:107,12,1,5
BRDA:118,13,0,4
BRDA:118,13,1,1
BRF:28
BRH:28
end_of_record
TN:
SF:lib/config.js
FN:109,loadConfig
FN:147,parseCliOverrides
FN:148,(anonymous_2)
FN:182,writeInitConfig
FNF:4
FNH:4
FNDA:22,loadConfig
FNDA:22,parseCliOverrides
FNDA:220,(anonymous_2)
FNDA:14,writeInitConfig
DA:3,2
DA:4,2
DA:6,2
DA:8,2
DA:65,2
DA:93,2
DA:110,22
DA:113,22
DA:117,22
DA:118,11
DA:119,11
DA:120,11
DA:122,1
DA:126,22
DA:129,22
DA:130,22
DA:131,16
DA:135,22
DA:136,2
DA:139,22
DA:148,22
DA:149,220
DA:150,220
DA:152,22
DA:153,22
DA:154,22
DA:155,22
DA:156,22
DA:157,22
DA:158,22
DA:159,22
DA:160,22
DA:161,22
DA:162,22
DA:163,22
DA:164,22
DA:165,22
DA:166,22
DA:167,22
DA:168,22
DA:169,22
DA:170,22
DA:183,14
DA:184,14
DA:185,1
DA:189,13
DA:190,13
DA:191,1
DA:193,12
DA:194,12
DA:195,12
DA:198,2
LF:52
LH:52
BRDA:109,0,0,1
BRDA:109,1,0,9
BRDA:113,2,0,3
BRDA:113,2,1,19
BRDA:117,3,0,11
BRDA:117,3,1,11
BRDA:131,4,0,13
BRDA:131,4,1,3
BRDA:131,5,0,16
BRDA:131,5,1,13
BRDA:131,5,2,13
BRDA:135,6,0,2
BRDA:135,6,1,20
BRDA:135,7,0,22
BRDA:135,7,1,20
BRDA:136,8,0,2
BRDA:136,8,1,1
BRDA:150,9,0,16
BRDA:150,9,1,204
BRDA:153,10,0,1
BRDA:153,10,1,21
BRDA:154,11,0,4
BRDA:154,11,1,18
BRDA:155,12,0,1
BRDA:155,12,1,21
BRDA:156,13,0,1
BRDA:156,13,1,21
BRDA:157,14,0,2
BRDA:157,14,1,20
BRDA:158,15,0,1
BRDA:158,15,1,21
BRDA:159,16,0,2
BRDA:159,16,1,20
BRDA:160,17,0,2
BRDA:160,17,1,20
BRDA:161,18,0,1
BRDA:161,18,1,21
BRDA:162,19,0,1
BRDA:162,19,1,21
BRDA:163,20,0,1
BRDA:163,20,1,21
BRDA:164,21,0,1
BRDA:164,21,1,21
BRDA:165,22,0,1
BRDA:165,22,1,21
BRDA:166,23,0,1
BRDA:166,23,1,21
BRDA:167,24,0,1
BRDA:167,24,1,21
BRDA:168,25,0,1
BRDA:168,25,1,21
BRDA:169,26,0,1
BRDA:169,26,1,21
BRDA:182,27,0,8
BRDA:182,28,0,9
BRDA:184,29,0,1
BRDA:184,29,1,13
BRDA:189,30,0,13
BRDA:189,30,1,1
BRDA:190,31,0,1
BRDA:190,31,1,12
BRDA:190,32,0,13
BRDA:190,32,1,2
BRF:63
BRH:63
end_of_record
TN:
SF:lib/github.js
FN:5,ghFetch
FN:18,(anonymous_1)
FN:39,uploadSarif
FN:64,postReviewComments
FN:65,(anonymous_4)
FN:68,(anonymous_5)
FN:70,(anonymous_6)
FN:87,parseRepo
FNF:8
FNH:8
FNDA:14,ghFetch
FNDA:1,(anonymous_1)
FNDA:6,uploadSarif
FNDA:6,postReviewComments
FNDA:7,(anonymous_4)
FNDA:5,(anonymous_5)
FNDA:5,(anonymous_6)
FNDA:4,parseRepo
DA:6,14
DA:15,14
DA:16,14
DA:17,14
DA:18,2
DA:19,2
DA:21,12
DA:40,6
DA:41,6
DA:65,7
DA:66,6
DA:68,5
DA:70,5
DA:77,5
DA:88,4
DA:89,4
DA:90,1
DA:93,1
LF:18
LH:18
BRDA:5,0,0,1
BRDA:5,1,0,1
BRDA:15,2,0,12
BRDA:15,2,1,2
BRDA:17,3,0,2
BRDA:17,3,1,12
BRDA:21,4,0,1
BRDA:21,4,1,11
BRDA:66,5,0,1
BRDA:66,5,1,5
BRDA:68,6,0,5
BRDA:68,6,1,5
BRDA:79,7,0,4
BRDA:79,7,1,1
BRDA:80,8,0,4
BRDA:80,8,1,1
BRDA:88,9,0,4
BRDA:88,9,1,1
BRDA:89,10,0,3
BRDA:89,10,1,1
BRDA:89,11,0,4
BRDA:89,11,1,2
BRF:22
BRH:22
end_of_record
TN:
SF:lib/jobs.js
FN:17,evictJobs
FN:27,createJob
FN:34,updateJob
FN:48,subscribe
FN:50,(anonymous_4)
FNF:5
FNH:5
FNDA:3068,evictJobs
FNDA:3066,createJob
FNDA:196,updateJob
FNDA:7,subscribe
FNDA:5,(anonymous_4)
DA:3,4
DA:7,4
DA:8,4
DA:10,4
DA:11,4
DA:14,4
DA:15,4
DA:18,3068
DA:19,3068
DA:20,1511010
DA:22,3068
DA:23,12
DA:28,3066
DA:29,3066
DA:30,3066
DA:31,3066
DA:35,196
DA:36,196
DA:37,193
DA:38,193
DA:39,193
DA:49,7
DA:50,7
DA:53,4
LF:24
LH:24
BRDA:20,0,0,1
BRDA:20,0,1,1511009
BRDA:36,1,0,3
BRDA:36,1,1,193
BRF:4
BRH:4
end_of_record
TN:
SF:lib/plugin.js
FN:24,authenticate
FN:39,createRateLimit
FN:43,(anonymous_2)
FN:54,(anonymous_3)
FN:67,assertSafeWebhook
FN:80,safeScanPath
FN:107,tddAuditPlugin
FN:111,(anonymous_7)
FN:118,(anonymous_8)
FN:128,(anonymous_9)
FN:131,(anonymous_10)
FN:139,(anonymous_11)
FN:149,(anonymous_12)
FN:167,(anonymous_13)
FN:182,(anonymous_14)
FN:191,(anonymous_15)
FN:199,(anonymous_16)
FN:220,(anonymous_17)
FN:236,(anonymous_18)
FN:272,(anonymous_19)
FN:293,(anonymous_20)
FN:297,(anonymous_21)
FN:323,(anonymous_22)
FN:330,(anonymous_23)
FN:344,(anonymous_24)
FN:356,(anonymous_25)
FN:375,buildApp
FNF:27
FNH:26
FNDA:74,authenticate
FNDA:30,createRateLimit
FNDA:453,(anonymous_2)
FNDA:3,(anonymous_3)
FNDA:7,assertSafeWebhook
FNDA:14,safeScanPath
FNDA:25,tddAuditPlugin
FNDA:194,(anonymous_7)
FNDA:197,(anonymous_8)
FNDA:126,(anonymous_9)
FNDA:195,(anonymous_10)
FNDA:6,(anonymous_11)
FNDA:5,(anonymous_12)
FNDA:10,(anonymous_13)
FNDA:8,(anonymous_14)
FNDA:88,(anonymous_15)
FNDA:66,(anonymous_16)
FNDA:0,(anonymous_17)
FNDA:25,(anonymous_18)
FNDA:20,(anonymous_19)
FNDA:17,(anonymous_20)
FNDA:16,(anonymous_21)
FNDA:23,(anonymous_22)
FNDA:4,(anonymous_23)
FNDA:5,(anonymous_24)
FNDA:2,(anonymous_25)
FNDA:25,buildApp
DA:3,3
DA:4,3
DA:5,3
DA:7,3
DA:8,3
DA:9,3
DA:12,3
DA:17,3
DA:25,74
DA:26,6
DA:27,6
DA:28,6
DA:29,6
DA:30,6
DA:31,6
DA:36,3
DA:37,3
DA:40,30
DA:41,30
DA:44,453
DA:45,453
DA:46,453
DA:47,1
DA:48,1
DA:50,453
DA:51,453
DA:52,453
DA:54,3
DA:60,3
DA:69,7
DA:70,6
DA:71,1
DA:73,5
DA:74,3
DA:81,14
DA:82,14
DA:83,14
DA:84,14
DA:85,4
DA:87,10
DA:92,3
DA:108,25
DA:111,25
DA:112,194
DA:113,582
DA:118,25
DA:119,197
DA:122,197
DA:123,2
DA:128,126
DA:131,25
DA:132,195
DA:133,69
DA:134,1
DA:139,25
DA:140,6
DA:141,6
DA:143,6
DA:144,1
DA:147,5
DA:149,5
DA:150,5
DA:151,5
DA:152,5
DA:157,4
DA:159,1
DA:163,5
DA:167,25
DA:168,10
DA:169,10
DA:172,10
DA:173,2
DA:175,8
DA:176,1
DA:177,0
DA:180,8
DA:182,8
DA:183,8
DA:185,8
DA:186,8
DA:187,7
DA:190,7
DA:191,88
DA:192,2
DA:195,2
DA:200,66
DA:203,1
DA:210,5
DA:214,6
DA:215,1
DA:216,1
DA:223,2
DA:227,8
DA:228,8
DA:229,8
DA:236,25
DA:237,25
DA:250,25
DA:252,25
DA:253,25
DA:254,25
DA:255,25
DA:257,25
DA:258,3
DA:263,22
DA:264,22
DA:265,1
DA:266,1
DA:269,21
DA:270,21
DA:272,21
DA:273,20
DA:274,20
DA:276,20
DA:278,20
DA:279,20
DA:281,20
DA:294,17
DA:295,17
DA:297,16
DA:301,17
DA:302,17
DA:304,1
DA:307,17
DA:313,3
DA:317,21
DA:318,21
DA:319,21
DA:323,25
DA:324,23
DA:325,23
DA:326,22
DA:330,25
DA:331,4
DA:332,4
DA:333,4
DA:335,3
DA:336,3
DA:337,3
DA:344,3
DA:345,5
DA:349,3
DA:351,3
DA:352,1
DA:353,1
DA:356,2
DA:357,2
DA:358,2
DA:359,2
DA:360,2
DA:364,2
DA:376,25
DA:383,25
DA:385,25
DA:388,25
DA:389,25
DA:390,25
DA:392,25
DA:395,3
LF:159
LH:158
BRDA:25,0,0,68
BRDA:25,0,1,6
BRDA:26,1,0,6
BRDA:26,1,1,1
BRDA:27,2,0,6
BRDA:27,2,1,2
BRDA:28,3,0,4
BRDA:28,3,1,2
BRDA:45,4,0,453
BRDA:45,4,1,27
BRDA:46,5,0,1
BRDA:46,5,1,452
BRDA:70,6,0,1
BRDA:70,6,1,5
BRDA:73,7,0,3
BRDA:73,7,1,2
BRDA:73,8,0,5
BRDA:73,8,1,4
BRDA:82,9,0,14
BRDA:82,9,1,0
BRDA:83,10,0,0
BRDA:83,10,1,14
BRDA:84,11,0,4
BRDA:84,11,1,10
BRDA:84,12,0,14
BRDA:84,12,1,5
BRDA:119,13,0,61
BRDA:119,13,1,136
BRDA:120,14,0,61
BRDA:120,14,1,0
BRDA:120,14,2,0
BRDA:121,15,0,136
BRDA:121,15,1,0
BRDA:122,16,0,2
BRDA:122,16,1,195
BRDA:132,17,0,126
BRDA:132,17,1,69
BRDA:133,18,0,1
BRDA:133,18,1,68
BRDA:140,19,0,6
BRDA:140,19,1,0
BRDA:143,20,0,1
BRDA:143,20,1,5
BRDA:143,21,0,6
BRDA:143,21,1,6
BRDA:143,21,2,5
BRDA:154,22,0,5
BRDA:154,22,1,5
BRDA:155,23,0,5
BRDA:155,23,1,5
BRDA:168,24,0,10
BRDA:168,24,1,0
BRDA:175,25,0,1
BRDA:175,25,1,7
BRDA:190,26,0,2
BRDA:190,26,1,5
BRDA:190,27,0,7
BRDA:190,27,1,2
BRDA:197,28,0,2
BRDA:197,28,1,2
BRDA:198,29,0,2
BRDA:198,29,1,2
BRDA:214,30,0,1
BRDA:214,30,1,5
BRDA:237,31,0,25
BRDA:237,31,1,0
BRDA:244,32,0,17
BRDA:246,33,0,17
BRDA:247,34,0,25
BRDA:249,35,0,23
BRDA:252,36,0,25
BRDA:252,36,1,3
BRDA:253,37,0,25
BRDA:253,37,1,3
BRDA:254,38,0,25
BRDA:254,38,1,25
BRDA:255,39,0,25
BRDA:255,39,1,25
BRDA:257,40,0,3
BRDA:257,40,1,22
BRDA:257,41,0,25
BRDA:257,41,1,23
BRDA:264,42,0,1
BRDA:264,42,1,21
BRDA:302,43,0,16
BRDA:302,43,1,1
BRDA:325,44,0,1
BRDA:325,44,1,22
BRDA:333,45,0,1
BRDA:333,45,1,3
BRDA:351,46,0,1
BRDA:351,46,1,2
BRDA:351,47,0,3
BRDA:351,47,1,2
BRDA:358,48,0,2
BRDA:358,48,1,0
BRDA:358,49,0,2
BRDA:358,49,1,1
BRDA:375,50,0,25
BRDA:378,51,0,25
BRDA:378,51,1,24
BRF:101
BRH:92
end_of_record
TN:
SF:lib/remediator.js
FN:8,(anonymous_0)
FN:13,(anonymous_1)
FN:18,(anonymous_2)
FN:23,(anonymous_3)
FN:27,(anonymous_4)
FN:31,(anonymous_5)
FN:35,(anonymous_6)
FN:36,(anonymous_7)
FN:39,(anonymous_8)
FN:43,(anonymous_9)
FN:44,(anonymous_10)
FN:49,(anonymous_11)
FN:62,sanitizeSnippet
FN:76,sanitizeField
FN:84,buildRemediationPrompt
FN:132,callProvider
FN:158,(anonymous_16)
FN:170,parseResponse
FN:192,remediate
FN:197,(anonymous_19)
FN:198,(anonymous_20)
FNF:21
FNH:21
FNDA:4,(anonymous_0)
FNDA:3,(anonymous_1)
FNDA:3,(anonymous_2)
FNDA:83,(anonymous_3)
FNDA:82,(anonymous_4)
FNDA:82,(anonymous_5)
FNDA:2,(anonymous_6)
FNDA:1,(anonymous_7)
FNDA:3,(anonymous_8)
FNDA:2,(anonymous_9)
FNDA:3,(anonymous_10)
FNDA:3,(anonymous_11)
FNDA:89,sanitizeSnippet
FNDA:356,sanitizeField
FNDA:89,buildRemediationPrompt
FNDA:92,callProvider
FNDA:1,(anonymous_16)
FNDA:78,parseResponse
FNDA:17,remediate
FNDA:107,(anonymous_19)
FNDA:252,(anonymous_20)
DA:5,4
DA:8,4
DA:13,3
DA:18,3
DA:23,83
DA:27,82
DA:31,82
DA:35,2
DA:36,1
DA:39,3
DA:43,2
DA:44,3
DA:49,3
DA:55,4
DA:63,89
DA:64,86
DA:77,356
DA:78,356
DA:85,89
DA:86,89
DA:87,89
DA:88,89
DA:89,89
DA:90,89
DA:133,92
DA:134,92
DA:136,91
DA:137,91
DA:140,4
DA:141,1
DA:143,3
DA:144,3
DA:145,1
DA:151,2
DA:153,89
DA:154,89
DA:156,89
DA:157,88
DA:158,4
DA:161,4
DA:162,4
DA:164,84
DA:165,84
DA:172,78
DA:173,78
DA:174,77
DA:193,17
DA:194,17
DA:196,17
DA:197,107
DA:198,252
DA:200,16
DA:201,16
DA:202,80
DA:203,80
DA:204,80
DA:205,80
DA:206,78
DA:207,77
DA:209,3
DA:211,80
DA:212,68
DA:215,16
DA:218,4
LF:64
LH:64
BRDA:14,0,0,3
BRDA:14,0,1,2
BRDA:18,1,0,3
BRDA:18,1,1,1
BRDA:28,2,0,82
BRDA:28,2,1,81
BRDA:31,3,0,82
BRDA:31,3,1,1
BRDA:39,4,0,3
BRDA:39,4,1,1
BRDA:45,5,0,3
BRDA:45,5,1,2
BRDA:49,6,0,3
BRDA:49,6,1,1
BRDA:63,7,0,3
BRDA:63,7,1,86
BRDA:77,8,0,261
BRDA:77,8,1,95
BRDA:77,9,0,95
BRDA:77,9,1,8
BRDA:134,10,0,1
BRDA:134,10,1,91
BRDA:136,11,0,1
BRDA:136,11,1,90
BRDA:137,12,0,4
BRDA:137,12,1,87
BRDA:137,13,0,91
BRDA:137,13,1,5
BRDA:144,14,0,1
BRDA:144,14,1,2
BRDA:144,15,0,3
BRDA:144,15,1,1
BRDA:157,16,0,4
BRDA:157,16,1,84
BRDA:161,17,0,3
BRDA:161,17,1,1
BRDA:173,18,0,1
BRDA:173,18,1,77
BRDA:192,19,0,14
BRDA:194,20,0,17
BRDA:194,20,1,1
BRDA:197,21,0,107
BRDA:197,21,1,84
BRDA:197,22,0,84
BRDA:197,22,1,2
BRDA:198,23,0,252
BRDA:198,23,1,0
BRDA:198,24,0,252
BRDA:198,24,1,0
BRDA:211,25,0,68
BRDA:211,25,1,12
BRF:51
BRH:49
end_of_record
TN:
SF:lib/reporter.js
FN:14,toJson
FN:15,(anonymous_1)
FN:16,(anonymous_2)
FN:69,safeSiteUrl
FN:87,toSarif
FN:91,(anonymous_5)
FN:91,(anonymous_6)
FN:148,toText
FN:153,(anonymous_8)
FN:154,(anonymous_9)
FNF:10
FNH:10
FNDA:18,toJson
FNDA:272,(anonymous_1)
FNDA:272,(anonymous_2)
FNDA:22,safeSiteUrl
FNDA:22,toSarif
FNDA:101,(anonymous_5)
FNDA:79,(anonymous_6)
FNDA:9,toText
FNDA:10,(anonymous_8)
FNDA:10,(anonymous_9)
DA:3,2
DA:15,272
DA:16,272
DA:18,18
DA:19,207
DA:21,18
DA:29,18
DA:30,18
DA:31,18
DA:36,2
DA:39,2
DA:67,2
DA:70,22
DA:71,5
DA:72,5
DA:73,5
DA:74,2
DA:76,0
DA:88,22
DA:89,22
DA:91,101
DA:92,79
DA:93,39
DA:94,39
DA:95,39
DA:106,79
DA:123,22
DA:149,9
DA:150,9
DA:151,2
DA:153,10
DA:154,10
DA:155,7
DA:156,8
DA:157,7
DA:159,7
DA:160,7
DA:161,28
DA:162,8
DA:163,8
DA:164,8
DA:165,8
DA:168,7
DA:169,2
DA:170,2
DA:172,7
DA:174,9
DA:175,1
DA:176,1
DA:177,1
DA:179,9
DA:182,2
LF:52
LH:51
BRDA:14,0,0,7
BRDA:14,1,0,13
BRDA:19,2,0,207
BRDA:19,2,1,18
BRDA:29,3,0,2
BRDA:29,3,1,16
BRDA:30,4,0,2
BRDA:30,4,1,16
BRDA:70,5,0,17
BRDA:70,5,1,5
BRDA:70,6,0,22
BRDA:70,6,1,5
BRDA:73,7,0,3
BRDA:73,7,1,2
BRDA:73,8,0,5
BRDA:73,8,1,5
BRDA:87,9,0,13
BRDA:87,10,0,15
BRDA:92,11,0,39
BRDA:92,11,1,40
BRDA:100,12,0,39
BRDA:100,12,1,1
BRDA:101,13,0,39
BRDA:101,13,1,23
BRDA:102,14,0,23
BRDA:102,14,1,16
BRDA:109,15,0,79
BRDA:109,15,1,1
BRDA:110,16,0,79
BRDA:110,16,1,2
BRDA:129,17,0,22
BRDA:129,17,1,21
BRDA:148,18,0,8
BRDA:150,19,0,2
BRDA:150,19,1,7
BRDA:156,20,0,8
BRDA:156,20,1,2
BRDA:159,21,0,2
BRDA:159,21,1,5
BRDA:161,22,0,20
BRDA:161,22,1,8
BRDA:163,23,0,1
BRDA:163,23,1,7
BRDA:168,24,0,2
BRDA:168,24,1,5
BRDA:174,25,0,1
BRDA:174,25,1,8
BRF:47
BRH:47
end_of_record
TN:
SF:lib/scanner.js
FN:123,detectFramework
FN:152,detectAppFramework
FN:176,detectTestBaseDir
FN:193,walkFiles
FN:213,isTestFile
FN:233,isPromptFile
FN:245,walkMdFiles
FN:262,hasSafeAuditStatus
FN:280,isInsideBackticks
FN:294,isCommentLine
FN:309,scanPromptFiles
FN:356,scanAppConfig
FN:388,scanAndroidManifest
FN:416,scanPackageJson
FN:446,scanEnvFiles
FN:485,quickScan
FN:529,printFindings
FN:533,(anonymous_17)
FN:534,(anonymous_18)
FNF:19
FNH:19
FNDA:17,detectFramework
FNDA:14,detectAppFramework
FNDA:8,detectTestBaseDir
FNDA:385,walkFiles
FNDA:1074,isTestFile
FNDA:390,isPromptFile
FNDA:411,walkMdFiles
FNDA:198,hasSafeAuditStatus
FNDA:14,isInsideBackticks
FNDA:8,isCommentLine
FNDA:82,scanPromptFiles
FNDA:64,scanAppConfig
FNDA:62,scanAndroidManifest
FNDA:65,scanPackageJson
FNDA:68,scanEnvFiles
FNDA:59,quickScan
FNDA:8,printFindings
FNDA:6,(anonymous_17)
FNDA:6,(anonymous_18)
DA:3,4
DA:4,4
DA:8,4
DA:98,4
DA:101,4
DA:102,4
DA:106,4
DA:113,4
DA:114,4
DA:125,17
DA:127,15
DA:128,15
DA:129,10
DA:130,10
DA:131,8
DA:132,8
DA:133,6
DA:134,4
DA:137,8
DA:142,3
DA:143,5
DA:144,4
DA:153,14
DA:154,13
DA:155,13
DA:156,12
DA:157,12
DA:158,10
DA:159,10
DA:160,8
DA:161,6
DA:162,3
DA:165,3
DA:177,8
DA:178,8
DA:179,23
DA:181,3
DA:182,2
DA:183,1
DA:195,385
DA:196,385
DA:197,1846
DA:199,1814
DA:200,1813
DA:201,1813
DA:202,1496
DA:214,1074
DA:215,1074
DA:234,390
DA:235,390
DA:236,347
DA:237,347
DA:238,347
DA:247,411
DA:248,411
DA:249,1864
DA:250,1833
DA:251,1832
DA:252,1832
DA:253,1506
DA:263,198
DA:264,163
DA:265,1224
DA:266,1203
DA:268,21
DA:281,14
DA:282,14
DA:283,14
DA:284,14
DA:287,14
DA:295,8
DA:310,82
DA:311,82
DA:312,82
DA:313,382
DA:315,202
DA:317,202
DA:318,200
DA:319,199
DA:320,198
DA:321,2
DA:322,198
DA:323,142
DA:324,142
DA:326,56
DA:327,8062
DA:328,32248
DA:329,32248
DA:330,14
DA:331,12
DA:332,11
DA:345,82
DA:346,82
DA:357,64
DA:358,64
DA:360,64
DA:362,64
DA:363,192
DA:364,192
DA:366,4
DA:367,4
DA:368,4
DA:369,3
DA:380,64
DA:389,62
DA:390,62
DA:391,62
DA:393,2
DA:394,2
DA:395,5
DA:396,1
DA:407,2
DA:417,65
DA:418,65
DA:419,65
DA:421,15
DA:422,14
DA:423,14
DA:424,688
DA:425,3
DA:436,14
DA:447,68
DA:448,68
DA:449,68
DA:450,68
DA:451,408
DA:452,408
DA:454,9
DA:455,9
DA:456,8
DA:457,1
DA:458,7
DA:459,7
DA:460,15
DA:461,15
DA:462,6
DA:463,5
DA:475,68
DA:486,59
DA:487,59
DA:488,1066
DA:492,1066
DA:493,1066
DA:494,1065
DA:496,1
DA:499,1064
DA:501,1062
DA:502,1062
DA:504,156546
DA:505,11584404
DA:506,913
DA:519,59
DA:530,8
DA:531,3
DA:533,6
DA:534,6
DA:536,5
DA:537,5
DA:538,5
DA:540,5
DA:541,5
DA:542,20
DA:543,5
DA:544,5
DA:545,5
DA:546,5
DA:550,5
DA:551,1
DA:552,1
DA:553,1
DA:557,5
DA:560,8
DA:561,1
DA:562,1
DA:563,2
DA:565,1
DA:569,4
LF:177
LH:177
BRDA:125,0,0,2
BRDA:125,0,1,15
BRDA:128,1,0,10
BRDA:128,1,1,5
BRDA:131,2,0,8
BRDA:131,2,1,7
BRDA:131,3,0,8
BRDA:131,3,1,1
BRDA:132,4,0,2
BRDA:132,4,1,6
BRDA:133,5,0,2
BRDA:133,5,1,4
BRDA:133,6,0,6
BRDA:133,6,1,5
BRDA:134,7,0,3
BRDA:134,7,1,1
BRDA:137,8,0,3
BRDA:137,8,1,5
BRDA:138,9,0,8
BRDA:138,9,1,7
BRDA:138,9,2,6
BRDA:138,9,3,6
BRDA:143,10,0,1
BRDA:143,10,1,4
BRDA:153,11,0,1
BRDA:153,11,1,13
BRDA:155,12,0,12
BRDA:155,12,1,1
BRDA:158,13,0,10
BRDA:158,13,1,2
BRDA:158,14,0,10
BRDA:158,14,1,8
BRDA:159,15,0,2
BRDA:159,15,1,8
BRDA:160,16,0,2
BRDA:160,16,1,6
BRDA:161,17,0,3
BRDA:161,17,1,3
BRDA:162,18,0,3
BRDA:162,18,1,0
BRDA:179,19,0,5
BRDA:179,19,1,18
BRDA:181,20,0,1
BRDA:181,20,1,2
BRDA:182,21,0,1
BRDA:182,21,1,1
BRDA:197,22,0,32
BRDA:197,22,1,1814
BRDA:199,23,0,1
BRDA:199,23,1,1813
BRDA:201,24,0,317
BRDA:201,24,1,1496
BRDA:202,25,0,1076
BRDA:202,25,1,420
BRDA:216,26,0,1074
BRDA:216,26,1,561
BRDA:216,26,2,560
BRDA:216,26,3,560
BRDA:216,26,4,558
BRDA:216,26,5,557
BRDA:235,27,0,43
BRDA:235,27,1,347
BRDA:249,28,0,31
BRDA:249,28,1,1833
BRDA:250,29,0,1
BRDA:250,29,1,1832
BRDA:252,30,0,326
BRDA:252,30,1,1506
BRDA:253,31,0,386
BRDA:253,31,1,1120
BRDA:263,32,0,35
BRDA:263,32,1,163
BRDA:263,33,0,198
BRDA:263,33,1,198
BRDA:265,34,0,21
BRDA:265,34,1,1203
BRDA:266,35,0,142
BRDA:266,35,1,1061
BRDA:283,36,0,14
BRDA:283,36,1,12
BRDA:284,37,0,14
BRDA:284,37,1,12
BRDA:287,38,0,14
BRDA:287,38,1,2
BRDA:313,39,0,180
BRDA:313,39,1,202
BRDA:318,40,0,1
BRDA:318,40,1,199
BRDA:319,41,0,1
BRDA:319,41,1,198
BRDA:322,42,0,142
BRDA:322,42,1,56
BRDA:329,43,0,32234
BRDA:329,43,1,14
BRDA:330,44,0,2
BRDA:330,44,1,12
BRDA:331,45,0,1
BRDA:331,45,1,11
BRDA:331,46,0,12
BRDA:331,46,1,8
BRDA:364,47,0,188
BRDA:364,47,1,4
BRDA:368,48,0,3
BRDA:368,48,1,1
BRDA:391,49,0,60
BRDA:391,49,1,2
BRDA:395,50,0,1
BRDA:395,50,1,4
BRDA:419,51,0,50
BRDA:419,51,1,15
BRDA:424,52,0,3
BRDA:424,52,1,685
BRDA:452,53,0,399
BRDA:452,53,1,9
BRDA:456,54,0,1
BRDA:456,54,1,7
BRDA:461,55,0,9
BRDA:461,55,1,6
BRDA:461,56,0,15
BRDA:461,56,1,7
BRDA:462,57,0,5
BRDA:462,57,1,1
BRDA:494,58,0,1
BRDA:494,58,1,1064
BRDA:499,59,0,2
BRDA:499,59,1,1062
BRDA:505,60,0,913
BRDA:505,60,1,11583491
BRDA:513,61,0,913
BRDA:513,61,1,871
BRDA:529,62,0,7
BRDA:530,63,0,3
BRDA:530,63,1,5
BRDA:537,64,0,5
BRDA:537,64,1,1
BRDA:540,65,0,1
BRDA:540,65,1,4
BRDA:542,66,0,15
BRDA:542,66,1,5
BRDA:544,67,0,1
BRDA:544,67,1,4
BRDA:550,68,0,1
BRDA:550,68,1,4
BRDA:560,69,0,1
BRDA:560,69,1,7
BRF:145
BRH:144
end_of_record
TN:
SF:lib/server.js
FN:24,authenticate
FN:38,safeScanPath
FN:54,(anonymous_2)
FN:65,(anonymous_3)
FN:70,json
FN:82,readBody
FN:83,(anonymous_6)
FN:85,(anonymous_7)
FN:89,(anonymous_8)
FN:99,handleRequest
FN:148,(anonymous_10)
FN:178,start
FNF:12
FNH:12
FNDA:28,authenticate
FNDA:16,safeScanPath
FNDA:215,(anonymous_2)
FNDA:56,(anonymous_3)
FNDA:215,json
FNDA:16,readBody
FNDA:16,(anonymous_6)
FNDA:15,(anonymous_7)
FNDA:16,(anonymous_8)
FNDA:215,handleRequest
FNDA:2,(anonymous_10)
FNDA:4,start
DA:3,1
DA:4,1
DA:5,1
DA:6,1
DA:7,1
DA:8,1
DA:9,1
DA:12,1
DA:17,1
DA:25,28
DA:26,19
DA:27,19
DA:28,19
DA:29,19
DA:30,19
DA:31,19
DA:39,16
DA:40,16
DA:41,16
DA:42,16
DA:43,5
DA:45,11
DA:50,1
DA:52,1
DA:55,215
DA:56,215
DA:57,215
DA:58,1
DA:59,1
DA:61,215
DA:62,215
DA:63,215
DA:65,56
DA:71,215
DA:72,215
DA:79,215
DA:83,16
DA:84,16
DA:85,16
DA:86,15
DA:87,15
DA:89,16
DA:90,16
DA:91,4
DA:93,16
DA:100,215
DA:102,215
DA:105,215
DA:106,2
DA:109,213
DA:110,191
DA:113,22
DA:114,3
DA:117,19
DA:119,12
DA:120,3
DA:123,9
DA:124,2
DA:126,7
DA:127,7
DA:128,7
DA:129,7
DA:130,7
DA:132,7
DA:133,5
DA:136,7
DA:138,4
DA:139,1
DA:141,3
DA:142,3
DA:143,1
DA:146,2
DA:148,2
DA:149,2
DA:150,2
DA:151,2
DA:152,2
DA:157,1
DA:159,1
DA:163,2
DA:166,3
DA:167,3
DA:168,2
DA:169,2
DA:170,1
DA:173,1
DA:179,4
DA:180,4
DA:182,4
DA:184,4
DA:186,4
DA:187,4
DA:188,3
DA:190,4
DA:191,4
DA:192,4
DA:193,4
DA:194,4
DA:195,4
DA:197,4
DA:200,1
LF:101
LH:101
BRDA:25,0,0,9
BRDA:25,0,1,19
BRDA:26,1,0,19
BRDA:26,1,1,1
BRDA:27,2,0,19
BRDA:27,2,1,4
BRDA:28,3,0,15
BRDA:28,3,1,4
BRDA:40,4,0,16
BRDA:40,4,1,1
BRDA:41,5,0,1
BRDA:41,5,1,15
BRDA:42,6,0,5
BRDA:42,6,1,11
BRDA:42,7,0,16
BRDA:42,7,1,11
BRDA:56,8,0,215
BRDA:56,8,1,35
BRDA:57,9,0,1
BRDA:57,9,1,214
BRDA:87,10,0,1
BRDA:87,10,1,14
BRDA:90,11,0,16
BRDA:90,11,1,1
BRDA:102,12,0,3
BRDA:102,12,1,212
BRDA:103,13,0,3
BRDA:103,13,1,2
BRDA:103,13,2,1
BRDA:104,14,0,212
BRDA:104,14,1,1
BRDA:105,15,0,2
BRDA:105,15,1,213
BRDA:109,16,0,191
BRDA:109,16,1,22
BRDA:109,17,0,213
BRDA:109,17,1,194
BRDA:113,18,0,3
BRDA:113,18,1,19
BRDA:117,19,0,12
BRDA:117,19,1,7
BRDA:117,20,0,19
BRDA:117,20,1,16
BRDA:126,21,0,7
BRDA:126,21,1,5
BRDA:126,21,2,1
BRDA:129,22,0,7
BRDA:129,22,1,7
BRDA:132,23,0,2
BRDA:132,23,1,5
BRDA:136,24,0,4
BRDA:136,24,1,3
BRDA:136,25,0,7
BRDA:136,25,1,4
BRDA:142,26,0,1
BRDA:142,26,1,2
BRDA:142,27,0,3
BRDA:142,27,1,3
BRDA:142,27,2,2
BRDA:154,28,0,2
BRDA:154,28,1,2
BRDA:155,29,0,2
BRDA:155,29,1,2
BRDA:167,30,0,2
BRDA:167,30,1,1
BRDA:167,31,0,3
BRDA:167,31,1,3
BRDA:169,32,0,1
BRDA:169,32,1,1
BRDA:178,33,0,1
BRDA:187,34,0,3
BRDA:187,34,1,1
BRF:72
BRH:72
end_of_record
